****                   ADMIXTURE Version 1.3.0                  ****
****                    Copyright 2008-2015                     ****
****           David Alexander, Suyash Shringarpure,            ****
****                John  Novembre, Ken Lange                   ****
****                                                            ****
****                 Please cite our paper!                     ****
****   Information at www.genetics.ucla.edu/software/admixture  ****

Cross-validation will be performed.  Folds=5.
Parallel execution requested.  Will use 5 threads.
Random seed: 43
Point estimation method: EM algorithm
Convergence acceleration algorithm: QuasiNewton, 3 secant conditions
Point estimation will terminate when objective function delta < 0.0001
Estimation of standard errors disabled; will compute point estimates only.
Size of G: 32x291
Performing five EM steps to prime main algorithm
1 (EM) 	Elapsed: 0	Loglikelihood: -9999.91	(delta): 7846.51
2 (EM) 	Elapsed: 0	Loglikelihood: -9999.91	(delta): 0
3 (EM) 	Elapsed: 0	Loglikelihood: -9999.91	(delta): 1.81899e-12
4 (EM) 	Elapsed: 0	Loglikelihood: -9999.91	(delta): -1.81899e-12
5 (EM) 	Elapsed: 0	Loglikelihood: -9999.91	(delta): 0
Initial loglikelihood: -9999.91
Starting main algorithm
1 (QN/EM) 	Elapsed: 0.001	Loglikelihood: -9999.91	(delta): 0
Summary: 
Converged in 1 iterations (0.006 sec)
Loglikelihood: -9999.905581
PROBLEM INVERTING MATRIX!
PROBLEM INVERTING MATRIX!
PROBLEM INVERTING MATRIX!
PROBLEM INVERTING MATRIX!
PROBLEM INVERTING MATRIX!
CV error (K=1): 0.78448
Writing output files.
