****                   ADMIXTURE Version 1.3.0                  ****
****                    Copyright 2008-2015                     ****
****           David Alexander, Suyash Shringarpure,            ****
****                John  Novembre, Ken Lange                   ****
****                                                            ****
****                 Please cite our paper!                     ****
****   Information at www.genetics.ucla.edu/software/admixture  ****

Cross-validation will be performed.  Folds=5.
Parallel execution requested.  Will use 5 threads.
Random seed: 43
Point estimation method: EM algorithm
Convergence acceleration algorithm: QuasiNewton, 3 secant conditions
Point estimation will terminate when objective function delta < 0.0001
Estimation of standard errors disabled; will compute point estimates only.
Size of G: 32x291
Performing five EM steps to prime main algorithm
1 (EM) 	Elapsed: 0	Loglikelihood: -10246.2	(delta): 5805.75
2 (EM) 	Elapsed: 0	Loglikelihood: -9975.45	(delta): 270.792
3 (EM) 	Elapsed: 0	Loglikelihood: -9874.79	(delta): 100.661
4 (EM) 	Elapsed: 0	Loglikelihood: -9821.25	(delta): 53.5378
5 (EM) 	Elapsed: 0	Loglikelihood: -9787.66	(delta): 33.5929
Initial loglikelihood: -9787.66
Starting main algorithm
1 (QN/EM) 	Elapsed: 0.001	Loglikelihood: -9740.99	(delta): 46.6667
2 (QN/EM) 	Elapsed: 0.001	Loglikelihood: -9697.53	(delta): 43.4572
3 (QN/EM) 	Elapsed: 0.001	Loglikelihood: -9560.32	(delta): 137.219
4 (QN/EM) 	Elapsed: 0.001	Loglikelihood: -9411.48	(delta): 148.839
5 (QN/EM) 	Elapsed: 0.001	Loglikelihood: -9303.43	(delta): 108.046
6 (QN/EM) 	Elapsed: 0.001	Loglikelihood: -9263.71	(delta): 39.7191
7 (QN/EM) 	Elapsed: 0.001	Loglikelihood: -9246.95	(delta): 16.7647
8 (QN/EM) 	Elapsed: 0.001	Loglikelihood: -9240.82	(delta): 6.12512
9 (QN/EM) 	Elapsed: 0.001	Loglikelihood: -9238.16	(delta): 2.65756
10 (QN/EM) 	Elapsed: 0.001	Loglikelihood: -9234.9	(delta): 3.26627
11 (QN/EM) 	Elapsed: 0.001	Loglikelihood: -9232.98	(delta): 1.91872
12 (QN/EM) 	Elapsed: 0.001	Loglikelihood: -9231.56	(delta): 1.41914
13 (QN/EM) 	Elapsed: 0.001	Loglikelihood: -9231.05	(delta): 0.506482
14 (QN/EM) 	Elapsed: 0.001	Loglikelihood: -9230.57	(delta): 0.486324
15 (QN/EM) 	Elapsed: 0.001	Loglikelihood: -9229.67	(delta): 0.900543
16 (QN/EM) 	Elapsed: 0.001	Loglikelihood: -9229.23	(delta): 0.440399
17 (QN/EM) 	Elapsed: 0.001	Loglikelihood: -9228.64	(delta): 0.587432
18 (QN/EM) 	Elapsed: 0.001	Loglikelihood: -9228.48	(delta): 0.163373
19 (QN/EM) 	Elapsed: 0.001	Loglikelihood: -9228.32	(delta): 0.152508
20 (QN/EM) 	Elapsed: 0.001	Loglikelihood: -9227.49	(delta): 0.830605
21 (QN/EM) 	Elapsed: 0.001	Loglikelihood: -9227.4	(delta): 0.0969833
22 (QN/EM) 	Elapsed: 0.001	Loglikelihood: -9227.32	(delta): 0.0719862
23 (QN/EM) 	Elapsed: 0.001	Loglikelihood: -9226.66	(delta): 0.662742
24 (QN/EM) 	Elapsed: 0.001	Loglikelihood: -9226.33	(delta): 0.32661
25 (QN/EM) 	Elapsed: 0.001	Loglikelihood: -9226.26	(delta): 0.0717807
26 (QN/EM) 	Elapsed: 0.001	Loglikelihood: -9226.21	(delta): 0.0559792
27 (QN/EM) 	Elapsed: 0.001	Loglikelihood: -9226.15	(delta): 0.0560288
28 (QN/EM) 	Elapsed: 0.001	Loglikelihood: -9226.12	(delta): 0.0334309
29 (QN/EM) 	Elapsed: 0.001	Loglikelihood: -9226.1	(delta): 0.0174925
30 (QN/EM) 	Elapsed: 0.001	Loglikelihood: -9226.08	(delta): 0.0232829
31 (QN/EM) 	Elapsed: 0	Loglikelihood: -9226.06	(delta): 0.0140116
32 (QN/EM) 	Elapsed: 0	Loglikelihood: -9226.05	(delta): 0.00727657
33 (QN/EM) 	Elapsed: 0	Loglikelihood: -9226.05	(delta): 0.000858605
34 (QN/EM) 	Elapsed: 0	Loglikelihood: -9226.05	(delta): 0.000910874
35 (QN/EM) 	Elapsed: 0	Loglikelihood: -9226.05	(delta): 0.00109707
36 (QN/EM) 	Elapsed: 0	Loglikelihood: -9226.05	(delta): 0.000508184
37 (QN/EM) 	Elapsed: 0	Loglikelihood: -9226.05	(delta): 0.000338994
38 (QN/EM) 	Elapsed: 0	Loglikelihood: -9226.05	(delta): 0.000328556
39 (QN/EM) 	Elapsed: 0	Loglikelihood: -9226.05	(delta): 0.000282467
40 (QN/EM) 	Elapsed: 0	Loglikelihood: -9226.05	(delta): 0.00049086
41 (QN/EM) 	Elapsed: 0	Loglikelihood: -9226.05	(delta): 0.00030265
42 (QN/EM) 	Elapsed: 0	Loglikelihood: -9226.05	(delta): 0.000328622
43 (QN/EM) 	Elapsed: 0	Loglikelihood: -9226.05	(delta): 0.000190772
44 (QN/EM) 	Elapsed: 0	Loglikelihood: -9226.05	(delta): 0.000449713
45 (QN/EM) 	Elapsed: 0	Loglikelihood: -9226.05	(delta): 0.000187725
46 (QN/EM) 	Elapsed: 0	Loglikelihood: -9226.05	(delta): 0.000229898
47 (QN/EM) 	Elapsed: 0	Loglikelihood: -9226.05	(delta): 8.11087e-05
Summary: 
Converged in 47 iterations (0.057 sec)
Loglikelihood: -9226.048100
Fst divergences between estimated populations: 
	Pop0	
Pop0	
Pop1	0.206	
CV error (K=2): 0.77465
Writing output files.
