****                   ADMIXTURE Version 1.3.0                  ****
****                    Copyright 2008-2015                     ****
****           David Alexander, Suyash Shringarpure,            ****
****                John  Novembre, Ken Lange                   ****
****                                                            ****
****                 Please cite our paper!                     ****
****   Information at www.genetics.ucla.edu/software/admixture  ****

Cross-validation will be performed.  Folds=5.
Parallel execution requested.  Will use 5 threads.
Random seed: 43
Point estimation method: EM algorithm
Convergence acceleration algorithm: QuasiNewton, 3 secant conditions
Point estimation will terminate when objective function delta < 0.0001
Estimation of standard errors disabled; will compute point estimates only.
Size of G: 32x1059
Performing five EM steps to prime main algorithm
1 (EM) 	Elapsed: 0.001	Loglikelihood: -25069.7	(delta): 25091.9
2 (EM) 	Elapsed: 0.001	Loglikelihood: -23671.1	(delta): 1398.62
3 (EM) 	Elapsed: 0.001	Loglikelihood: -23263.5	(delta): 407.612
4 (EM) 	Elapsed: 0.001	Loglikelihood: -23041.1	(delta): 222.413
5 (EM) 	Elapsed: 0.001	Loglikelihood: -22886.7	(delta): 154.371
Initial loglikelihood: -22886.7
Starting main algorithm
1 (QN/EM) 	Elapsed: 0.002	Loglikelihood: -22680.6	(delta): 206.123
2 (QN/EM) 	Elapsed: 0.003	Loglikelihood: -22548.7	(delta): 131.856
3 (QN/EM) 	Elapsed: 0.003	Loglikelihood: -22187.3	(delta): 361.468
4 (QN/EM) 	Elapsed: 0.003	Loglikelihood: -22060.8	(delta): 126.423
5 (QN/EM) 	Elapsed: 0.003	Loglikelihood: -21827.5	(delta): 233.329
6 (QN/EM) 	Elapsed: 0.003	Loglikelihood: -21639.6	(delta): 187.855
7 (QN/EM) 	Elapsed: 0.003	Loglikelihood: -21545.2	(delta): 94.4874
8 (QN/EM) 	Elapsed: 0.003	Loglikelihood: -21492.3	(delta): 52.8275
9 (QN/EM) 	Elapsed: 0.003	Loglikelihood: -21439.9	(delta): 52.4352
10 (QN/EM) 	Elapsed: 0.003	Loglikelihood: -21403.7	(delta): 36.1873
11 (QN/EM) 	Elapsed: 0.003	Loglikelihood: -21383	(delta): 20.7397
12 (QN/EM) 	Elapsed: 0.003	Loglikelihood: -21351.7	(delta): 31.3042
13 (QN/EM) 	Elapsed: 0.003	Loglikelihood: -21328.5	(delta): 23.2171
14 (QN/EM) 	Elapsed: 0.003	Loglikelihood: -21304.6	(delta): 23.896
15 (QN/EM) 	Elapsed: 0.003	Loglikelihood: -21285.1	(delta): 19.44
16 (QN/EM) 	Elapsed: 0.003	Loglikelihood: -21256.5	(delta): 28.6167
17 (QN/EM) 	Elapsed: 0.003	Loglikelihood: -21244.5	(delta): 11.9687
18 (QN/EM) 	Elapsed: 0.003	Loglikelihood: -21222.8	(delta): 21.6978
19 (QN/EM) 	Elapsed: 0.003	Loglikelihood: -21211.4	(delta): 11.3972
20 (QN/EM) 	Elapsed: 0.003	Loglikelihood: -21194.9	(delta): 16.4863
21 (QN/EM) 	Elapsed: 0.003	Loglikelihood: -21188.9	(delta): 6.03217
22 (QN/EM) 	Elapsed: 0.003	Loglikelihood: -21180.3	(delta): 8.57049
23 (QN/EM) 	Elapsed: 0.003	Loglikelihood: -21167.9	(delta): 12.4776
24 (QN/EM) 	Elapsed: 0.003	Loglikelihood: -21157.7	(delta): 10.1785
25 (QN/EM) 	Elapsed: 0.003	Loglikelihood: -21149.8	(delta): 7.92982
26 (QN/EM) 	Elapsed: 0.003	Loglikelihood: -21141.6	(delta): 8.12841
27 (QN/EM) 	Elapsed: 0.003	Loglikelihood: -21126.4	(delta): 15.1977
28 (QN/EM) 	Elapsed: 0.003	Loglikelihood: -21120.6	(delta): 5.86794
29 (QN/EM) 	Elapsed: 0.003	Loglikelihood: -21109.5	(delta): 11.0993
30 (QN/EM) 	Elapsed: 0.003	Loglikelihood: -21105.4	(delta): 4.09279
31 (QN/EM) 	Elapsed: 0.003	Loglikelihood: -21102.4	(delta): 2.93055
32 (QN/EM) 	Elapsed: 0.003	Loglikelihood: -21094.5	(delta): 7.99096
33 (QN/EM) 	Elapsed: 0.003	Loglikelihood: -21090.8	(delta): 3.60878
34 (QN/EM) 	Elapsed: 0.003	Loglikelihood: -21085.1	(delta): 5.71612
35 (QN/EM) 	Elapsed: 0.003	Loglikelihood: -21081.2	(delta): 3.95933
36 (QN/EM) 	Elapsed: 0.003	Loglikelihood: -21078.3	(delta): 2.85506
37 (QN/EM) 	Elapsed: 0.003	Loglikelihood: -21076.3	(delta): 2.00195
38 (QN/EM) 	Elapsed: 0.003	Loglikelihood: -21068.5	(delta): 7.79254
39 (QN/EM) 	Elapsed: 0.003	Loglikelihood: -21063.5	(delta): 5.0267
40 (QN/EM) 	Elapsed: 0.003	Loglikelihood: -21059.4	(delta): 4.12421
41 (QN/EM) 	Elapsed: 0.003	Loglikelihood: -21056.2	(delta): 3.1918
42 (QN/EM) 	Elapsed: 0.003	Loglikelihood: -21053.6	(delta): 2.60923
43 (QN/EM) 	Elapsed: 0.003	Loglikelihood: -21049.5	(delta): 4.11483
44 (QN/EM) 	Elapsed: 0.003	Loglikelihood: -21044.1	(delta): 5.35842
45 (QN/EM) 	Elapsed: 0.003	Loglikelihood: -21040.4	(delta): 3.70763
46 (QN/EM) 	Elapsed: 0.003	Loglikelihood: -21038.5	(delta): 1.89033
47 (QN/EM) 	Elapsed: 0.003	Loglikelihood: -21034.9	(delta): 3.55437
48 (QN/EM) 	Elapsed: 0.003	Loglikelihood: -21032.8	(delta): 2.14103
49 (QN/EM) 	Elapsed: 0.003	Loglikelihood: -21030.8	(delta): 1.9607
50 (QN/EM) 	Elapsed: 0.003	Loglikelihood: -21029.3	(delta): 1.50692
51 (QN/EM) 	Elapsed: 0.003	Loglikelihood: -21025.8	(delta): 3.57497
52 (QN/EM) 	Elapsed: 0.003	Loglikelihood: -21024.6	(delta): 1.20012
53 (QN/EM) 	Elapsed: 0.003	Loglikelihood: -21023.2	(delta): 1.4046
54 (QN/EM) 	Elapsed: 0.003	Loglikelihood: -21021.3	(delta): 1.89206
55 (QN/EM) 	Elapsed: 0.003	Loglikelihood: -21015.8	(delta): 5.47031
56 (QN/EM) 	Elapsed: 0.003	Loglikelihood: -21010.5	(delta): 5.31189
57 (QN/EM) 	Elapsed: 0.003	Loglikelihood: -21006.9	(delta): 3.59794
58 (QN/EM) 	Elapsed: 0.003	Loglikelihood: -21003.5	(delta): 3.40123
59 (QN/EM) 	Elapsed: 0.003	Loglikelihood: -21001.4	(delta): 2.11883
60 (QN/EM) 	Elapsed: 0.003	Loglikelihood: -20998.4	(delta): 2.92443
61 (QN/EM) 	Elapsed: 0.003	Loglikelihood: -20996.4	(delta): 2.0326
62 (QN/EM) 	Elapsed: 0.003	Loglikelihood: -20993.2	(delta): 3.1635
63 (QN/EM) 	Elapsed: 0.003	Loglikelihood: -20988	(delta): 5.20369
64 (QN/EM) 	Elapsed: 0.003	Loglikelihood: -20984	(delta): 4.07579
65 (QN/EM) 	Elapsed: 0.003	Loglikelihood: -20981	(delta): 2.98544
66 (QN/EM) 	Elapsed: 0.003	Loglikelihood: -20979.4	(delta): 1.61729
67 (QN/EM) 	Elapsed: 0.003	Loglikelihood: -20969.1	(delta): 10.2357
68 (QN/EM) 	Elapsed: 0.003	Loglikelihood: -20966.1	(delta): 2.977
69 (QN/EM) 	Elapsed: 0.003	Loglikelihood: -20965.4	(delta): 0.791311
70 (QN/EM) 	Elapsed: 0.003	Loglikelihood: -20964.6	(delta): 0.744251
71 (QN/EM) 	Elapsed: 0.003	Loglikelihood: -20964.3	(delta): 0.351345
72 (QN/EM) 	Elapsed: 0.003	Loglikelihood: -20961.9	(delta): 2.31907
73 (QN/EM) 	Elapsed: 0.003	Loglikelihood: -20959.4	(delta): 2.54023
74 (QN/EM) 	Elapsed: 0.003	Loglikelihood: -20958.6	(delta): 0.797999
75 (QN/EM) 	Elapsed: 0.003	Loglikelihood: -20957.7	(delta): 0.889427
76 (QN/EM) 	Elapsed: 0.003	Loglikelihood: -20955.8	(delta): 1.9418
77 (QN/EM) 	Elapsed: 0.003	Loglikelihood: -20955.4	(delta): 0.343178
78 (QN/EM) 	Elapsed: 0.003	Loglikelihood: -20955	(delta): 0.411099
79 (QN/EM) 	Elapsed: 0.003	Loglikelihood: -20954.8	(delta): 0.188682
80 (QN/EM) 	Elapsed: 0.003	Loglikelihood: -20954.1	(delta): 0.731569
81 (QN/EM) 	Elapsed: 0.003	Loglikelihood: -20953.7	(delta): 0.4221
82 (QN/EM) 	Elapsed: 0.003	Loglikelihood: -20953.6	(delta): 0.112425
83 (QN/EM) 	Elapsed: 0.003	Loglikelihood: -20953.2	(delta): 0.402204
84 (QN/EM) 	Elapsed: 0.003	Loglikelihood: -20953.1	(delta): 0.0754115
85 (QN/EM) 	Elapsed: 0.003	Loglikelihood: -20952.8	(delta): 0.301796
86 (QN/EM) 	Elapsed: 0.003	Loglikelihood: -20952.6	(delta): 0.134856
87 (QN/EM) 	Elapsed: 0.003	Loglikelihood: -20952.6	(delta): 0.0431741
88 (QN/EM) 	Elapsed: 0.003	Loglikelihood: -20952.6	(delta): 0.0455798
89 (QN/EM) 	Elapsed: 0.003	Loglikelihood: -20952.5	(delta): 0.0474005
90 (QN/EM) 	Elapsed: 0.003	Loglikelihood: -20952.5	(delta): 0.0468486
91 (QN/EM) 	Elapsed: 0.003	Loglikelihood: -20952.4	(delta): 0.0442381
92 (QN/EM) 	Elapsed: 0.003	Loglikelihood: -20952	(delta): 0.443148
93 (QN/EM) 	Elapsed: 0.003	Loglikelihood: -20951.8	(delta): 0.128659
94 (QN/EM) 	Elapsed: 0.003	Loglikelihood: -20951.7	(delta): 0.175236
95 (QN/EM) 	Elapsed: 0.003	Loglikelihood: -20951.5	(delta): 0.20026
96 (QN/EM) 	Elapsed: 0.003	Loglikelihood: -20951.4	(delta): 0.103414
97 (QN/EM) 	Elapsed: 0.003	Loglikelihood: -20951.3	(delta): 0.0827455
98 (QN/EM) 	Elapsed: 0.003	Loglikelihood: -20951.1	(delta): 0.19233
99 (QN/EM) 	Elapsed: 0.003	Loglikelihood: -20950.8	(delta): 0.337229
100 (QN/EM) 	Elapsed: 0.003	Loglikelihood: -20950.6	(delta): 0.191613
101 (QN/EM) 	Elapsed: 0.003	Loglikelihood: -20950.3	(delta): 0.233467
102 (QN/EM) 	Elapsed: 0.003	Loglikelihood: -20950.2	(delta): 0.106195
103 (QN/EM) 	Elapsed: 0.003	Loglikelihood: -20950.1	(delta): 0.120826
104 (QN/EM) 	Elapsed: 0.003	Loglikelihood: -20949.8	(delta): 0.294555
105 (QN/EM) 	Elapsed: 0.003	Loglikelihood: -20949.5	(delta): 0.302826
106 (QN/EM) 	Elapsed: 0.003	Loglikelihood: -20949.4	(delta): 0.0792756
107 (QN/EM) 	Elapsed: 0.003	Loglikelihood: -20948.6	(delta): 0.85538
108 (QN/EM) 	Elapsed: 0.003	Loglikelihood: -20947.2	(delta): 1.37503
109 (QN/EM) 	Elapsed: 0.003	Loglikelihood: -20945.8	(delta): 1.37595
110 (QN/EM) 	Elapsed: 0.003	Loglikelihood: -20945.4	(delta): 0.469797
111 (QN/EM) 	Elapsed: 0.003	Loglikelihood: -20944.9	(delta): 0.470622
112 (QN/EM) 	Elapsed: 0.003	Loglikelihood: -20944.3	(delta): 0.559927
113 (QN/EM) 	Elapsed: 0.003	Loglikelihood: -20944.1	(delta): 0.18031
114 (QN/EM) 	Elapsed: 0.003	Loglikelihood: -20943.8	(delta): 0.302451
115 (QN/EM) 	Elapsed: 0.003	Loglikelihood: -20943.6	(delta): 0.263358
116 (QN/EM) 	Elapsed: 0.003	Loglikelihood: -20943.3	(delta): 0.251687
117 (QN/EM) 	Elapsed: 0.003	Loglikelihood: -20943.2	(delta): 0.0758823
118 (QN/EM) 	Elapsed: 0.003	Loglikelihood: -20943.2	(delta): 0.0900675
119 (QN/EM) 	Elapsed: 0.003	Loglikelihood: -20943.1	(delta): 0.0957961
120 (QN/EM) 	Elapsed: 0.003	Loglikelihood: -20943	(delta): 0.0814213
121 (QN/EM) 	Elapsed: 0.003	Loglikelihood: -20942.6	(delta): 0.41258
122 (QN/EM) 	Elapsed: 0.003	Loglikelihood: -20942.2	(delta): 0.403109
123 (QN/EM) 	Elapsed: 0.003	Loglikelihood: -20941	(delta): 1.1615
124 (QN/EM) 	Elapsed: 0.003	Loglikelihood: -20940.8	(delta): 0.181599
125 (QN/EM) 	Elapsed: 0.003	Loglikelihood: -20940.8	(delta): 0.0650787
126 (QN/EM) 	Elapsed: 0.003	Loglikelihood: -20940.6	(delta): 0.157091
127 (QN/EM) 	Elapsed: 0.003	Loglikelihood: -20940.6	(delta): 0.0226759
128 (QN/EM) 	Elapsed: 0.003	Loglikelihood: -20940.3	(delta): 0.296143
129 (QN/EM) 	Elapsed: 0.003	Loglikelihood: -20939.8	(delta): 0.458061
130 (QN/EM) 	Elapsed: 0.003	Loglikelihood: -20939.8	(delta): 0.00383488
131 (QN/EM) 	Elapsed: 0.003	Loglikelihood: -20939.8	(delta): 0.00793364
132 (QN/EM) 	Elapsed: 0.003	Loglikelihood: -20939.8	(delta): 0.00870145
133 (QN/EM) 	Elapsed: 0.003	Loglikelihood: -20939.8	(delta): 0.00170376
134 (QN/EM) 	Elapsed: 0.003	Loglikelihood: -20939.8	(delta): 0.00271268
135 (QN/EM) 	Elapsed: 0.003	Loglikelihood: -20939.8	(delta): 0.00274573
136 (QN/EM) 	Elapsed: 0.003	Loglikelihood: -20939.8	(delta): 0.00438921
137 (QN/EM) 	Elapsed: 0.003	Loglikelihood: -20939.8	(delta): 0.00737822
138 (QN/EM) 	Elapsed: 0.003	Loglikelihood: -20939.8	(delta): 0.00299961
139 (QN/EM) 	Elapsed: 0.003	Loglikelihood: -20939.8	(delta): 0.00405521
140 (QN/EM) 	Elapsed: 0.003	Loglikelihood: -20939.8	(delta): 0.0103044
141 (QN/EM) 	Elapsed: 0.003	Loglikelihood: -20939.8	(delta): 0.00418507
142 (QN/EM) 	Elapsed: 0.003	Loglikelihood: -20939.8	(delta): 0.00511254
143 (QN/EM) 	Elapsed: 0.003	Loglikelihood: -20939.8	(delta): 0.00278204
144 (QN/EM) 	Elapsed: 0.003	Loglikelihood: -20939.8	(delta): 0.0020412
145 (QN/EM) 	Elapsed: 0.003	Loglikelihood: -20939.7	(delta): 0.00453518
146 (QN/EM) 	Elapsed: 0.003	Loglikelihood: -20939.7	(delta): 0.00278896
147 (QN/EM) 	Elapsed: 0.003	Loglikelihood: -20939.7	(delta): 0.000947324
148 (QN/EM) 	Elapsed: 0.003	Loglikelihood: -20939.7	(delta): 0.00151899
149 (QN/EM) 	Elapsed: 0.003	Loglikelihood: -20939.7	(delta): 0.00197198
150 (QN/EM) 	Elapsed: 0.003	Loglikelihood: -20939.7	(delta): 0.00130938
151 (QN/EM) 	Elapsed: 0.003	Loglikelihood: -20939.7	(delta): 0.000640031
152 (QN/EM) 	Elapsed: 0.003	Loglikelihood: -20939.7	(delta): 0.000995678
153 (QN/EM) 	Elapsed: 0.003	Loglikelihood: -20939.7	(delta): 0.0012831
154 (QN/EM) 	Elapsed: 0.003	Loglikelihood: -20939.7	(delta): 0.000708333
155 (QN/EM) 	Elapsed: 0.003	Loglikelihood: -20939.7	(delta): 0.000450298
156 (QN/EM) 	Elapsed: 0.003	Loglikelihood: -20939.7	(delta): 0.000803929
157 (QN/EM) 	Elapsed: 0.003	Loglikelihood: -20939.7	(delta): 0.00101757
158 (QN/EM) 	Elapsed: 0.003	Loglikelihood: -20939.7	(delta): 0.000436315
159 (QN/EM) 	Elapsed: 0.003	Loglikelihood: -20939.7	(delta): 0.000305054
160 (QN/EM) 	Elapsed: 0.003	Loglikelihood: -20939.7	(delta): 0.000636123
161 (QN/EM) 	Elapsed: 0.003	Loglikelihood: -20939.7	(delta): 0.000797694
162 (QN/EM) 	Elapsed: 0.003	Loglikelihood: -20939.7	(delta): 0.000287758
163 (QN/EM) 	Elapsed: 0.003	Loglikelihood: -20939.7	(delta): 0.000226867
164 (QN/EM) 	Elapsed: 0.003	Loglikelihood: -20939.7	(delta): 0.00047053
165 (QN/EM) 	Elapsed: 0.003	Loglikelihood: -20939.7	(delta): 0.000623588
166 (QN/EM) 	Elapsed: 0.003	Loglikelihood: -20939.7	(delta): 0.000203275
167 (QN/EM) 	Elapsed: 0.003	Loglikelihood: -20939.7	(delta): 0.000173692
168 (QN/EM) 	Elapsed: 0.003	Loglikelihood: -20939.7	(delta): 0.000338211
169 (QN/EM) 	Elapsed: 0.003	Loglikelihood: -20939.7	(delta): 0.000480326
170 (QN/EM) 	Elapsed: 0.003	Loglikelihood: -20939.7	(delta): 0.000144805
171 (QN/EM) 	Elapsed: 0.003	Loglikelihood: -20939.7	(delta): 0.000136467
172 (QN/EM) 	Elapsed: 0.003	Loglikelihood: -20939.7	(delta): 0.00024114
173 (QN/EM) 	Elapsed: 0.003	Loglikelihood: -20939.7	(delta): 0.00039145
174 (QN/EM) 	Elapsed: 0.003	Loglikelihood: -20939.7	(delta): 0.000102893
175 (QN/EM) 	Elapsed: 0.003	Loglikelihood: -20939.7	(delta): 0.000103753
176 (QN/EM) 	Elapsed: 0.003	Loglikelihood: -20939.7	(delta): 0.000167758
177 (QN/EM) 	Elapsed: 0.003	Loglikelihood: -20939.7	(delta): 0.000334865
178 (QN/EM) 	Elapsed: 0.003	Loglikelihood: -20939.7	(delta): 7.05472e-05
Summary: 
Converged in 178 iterations (0.632 sec)
Loglikelihood: -20939.724575
Fst divergences between estimated populations: 
	Pop0	Pop1	
Pop0	
Pop1	0.151	
Pop2	0.117	0.137	
CV error (K=3): 0.78601
Writing output files.
