****                   ADMIXTURE Version 1.3.0                  ****
****                    Copyright 2008-2015                     ****
****           David Alexander, Suyash Shringarpure,            ****
****                John  Novembre, Ken Lange                   ****
****                                                            ****
****                 Please cite our paper!                     ****
****   Information at www.genetics.ucla.edu/software/admixture  ****

Cross-validation will be performed.  Folds=5.
Parallel execution requested.  Will use 5 threads.
Random seed: 43
Point estimation method: EM algorithm
Convergence acceleration algorithm: QuasiNewton, 3 secant conditions
Point estimation will terminate when objective function delta < 0.0001
Estimation of standard errors disabled; will compute point estimates only.
Size of G: 32x1059
Performing five EM steps to prime main algorithm
1 (EM) 	Elapsed: 0.002	Loglikelihood: -25061.8	(delta): 22593.1
2 (EM) 	Elapsed: 0.002	Loglikelihood: -23534.4	(delta): 1527.42
3 (EM) 	Elapsed: 0.002	Loglikelihood: -23064.3	(delta): 470.093
4 (EM) 	Elapsed: 0.002	Loglikelihood: -22759.5	(delta): 304.764
5 (EM) 	Elapsed: 0.002	Loglikelihood: -22524	(delta): 235.513
Initial loglikelihood: -22524
Starting main algorithm
1 (QN/EM) 	Elapsed: 0.006	Loglikelihood: -22177.1	(delta): 346.852
2 (QN/EM) 	Elapsed: 0.006	Loglikelihood: -21930.7	(delta): 246.408
3 (QN/EM) 	Elapsed: 0.007	Loglikelihood: -21304.9	(delta): 625.858
4 (QN/EM) 	Elapsed: 0.006	Loglikelihood: -21171.1	(delta): 133.746
5 (QN/EM) 	Elapsed: 0.006	Loglikelihood: -21004.6	(delta): 166.553
6 (QN/EM) 	Elapsed: 0.006	Loglikelihood: -20817.2	(delta): 187.362
7 (QN/EM) 	Elapsed: 0.006	Loglikelihood: -20649.3	(delta): 167.863
8 (QN/EM) 	Elapsed: 0.006	Loglikelihood: -20597.5	(delta): 51.8652
9 (QN/EM) 	Elapsed: 0.006	Loglikelihood: -20493.8	(delta): 103.632
10 (QN/EM) 	Elapsed: 0.006	Loglikelihood: -20450.6	(delta): 43.2914
11 (QN/EM) 	Elapsed: 0.007	Loglikelihood: -20432.6	(delta): 17.9343
12 (QN/EM) 	Elapsed: 0.006	Loglikelihood: -20397.2	(delta): 35.4631
13 (QN/EM) 	Elapsed: 0.006	Loglikelihood: -20357.6	(delta): 39.597
14 (QN/EM) 	Elapsed: 0.006	Loglikelihood: -20313.3	(delta): 44.2327
15 (QN/EM) 	Elapsed: 0.006	Loglikelihood: -20290.5	(delta): 22.8064
16 (QN/EM) 	Elapsed: 0.006	Loglikelihood: -20269	(delta): 21.5268
17 (QN/EM) 	Elapsed: 0.006	Loglikelihood: -20253.5	(delta): 15.4706
18 (QN/EM) 	Elapsed: 0.006	Loglikelihood: -20238	(delta): 15.4989
19 (QN/EM) 	Elapsed: 0.006	Loglikelihood: -20221.6	(delta): 16.3984
20 (QN/EM) 	Elapsed: 0.006	Loglikelihood: -20204.1	(delta): 17.4896
21 (QN/EM) 	Elapsed: 0.006	Loglikelihood: -20181.3	(delta): 22.8642
22 (QN/EM) 	Elapsed: 0.006	Loglikelihood: -20164	(delta): 17.2638
23 (QN/EM) 	Elapsed: 0.006	Loglikelihood: -20156.5	(delta): 7.52344
24 (QN/EM) 	Elapsed: 0.006	Loglikelihood: -20135.4	(delta): 21.0588
25 (QN/EM) 	Elapsed: 0.006	Loglikelihood: -20126.3	(delta): 9.11384
26 (QN/EM) 	Elapsed: 0.006	Loglikelihood: -20110	(delta): 16.2851
27 (QN/EM) 	Elapsed: 0.006	Loglikelihood: -20091.6	(delta): 18.4184
28 (QN/EM) 	Elapsed: 0.006	Loglikelihood: -20081.3	(delta): 10.355
29 (QN/EM) 	Elapsed: 0.006	Loglikelihood: -20068.2	(delta): 13.015
30 (QN/EM) 	Elapsed: 0.006	Loglikelihood: -20062.8	(delta): 5.47601
31 (QN/EM) 	Elapsed: 0.006	Loglikelihood: -20057.2	(delta): 5.58186
32 (QN/EM) 	Elapsed: 0.006	Loglikelihood: -20052.8	(delta): 4.40008
33 (QN/EM) 	Elapsed: 0.006	Loglikelihood: -20030.5	(delta): 22.2645
34 (QN/EM) 	Elapsed: 0.006	Loglikelihood: -20025.4	(delta): 5.1037
35 (QN/EM) 	Elapsed: 0.006	Loglikelihood: -20012.8	(delta): 12.5924
36 (QN/EM) 	Elapsed: 0.006	Loglikelihood: -20004.3	(delta): 8.47497
37 (QN/EM) 	Elapsed: 0.006	Loglikelihood: -19998.1	(delta): 6.23387
38 (QN/EM) 	Elapsed: 0.006	Loglikelihood: -19990.6	(delta): 7.4965
39 (QN/EM) 	Elapsed: 0.006	Loglikelihood: -19977.9	(delta): 12.6773
40 (QN/EM) 	Elapsed: 0.006	Loglikelihood: -19970.1	(delta): 7.87552
41 (QN/EM) 	Elapsed: 0.006	Loglikelihood: -19956.6	(delta): 13.4282
42 (QN/EM) 	Elapsed: 0.006	Loglikelihood: -19950.8	(delta): 5.82535
43 (QN/EM) 	Elapsed: 0.006	Loglikelihood: -19945.7	(delta): 5.06365
44 (QN/EM) 	Elapsed: 0.006	Loglikelihood: -19942.9	(delta): 2.80528
45 (QN/EM) 	Elapsed: 0.006	Loglikelihood: -19936.8	(delta): 6.10044
46 (QN/EM) 	Elapsed: 0.006	Loglikelihood: -19930.1	(delta): 6.74026
47 (QN/EM) 	Elapsed: 0.006	Loglikelihood: -19928	(delta): 2.07816
48 (QN/EM) 	Elapsed: 0.006	Loglikelihood: -19920.7	(delta): 7.30971
49 (QN/EM) 	Elapsed: 0.006	Loglikelihood: -19916.1	(delta): 4.63346
50 (QN/EM) 	Elapsed: 0.006	Loglikelihood: -19914.2	(delta): 1.92085
51 (QN/EM) 	Elapsed: 0.006	Loglikelihood: -19906.2	(delta): 7.95555
52 (QN/EM) 	Elapsed: 0.006	Loglikelihood: -19903.6	(delta): 2.64311
53 (QN/EM) 	Elapsed: 0.006	Loglikelihood: -19902.1	(delta): 1.41928
54 (QN/EM) 	Elapsed: 0.006	Loglikelihood: -19900.7	(delta): 1.47126
55 (QN/EM) 	Elapsed: 0.006	Loglikelihood: -19898.5	(delta): 2.14535
56 (QN/EM) 	Elapsed: 0.006	Loglikelihood: -19891.4	(delta): 7.09528
57 (QN/EM) 	Elapsed: 0.006	Loglikelihood: -19886.2	(delta): 5.20394
58 (QN/EM) 	Elapsed: 0.006	Loglikelihood: -19880.6	(delta): 5.6048
59 (QN/EM) 	Elapsed: 0.006	Loglikelihood: -19875.9	(delta): 4.67218
60 (QN/EM) 	Elapsed: 0.006	Loglikelihood: -19872.3	(delta): 3.69191
61 (QN/EM) 	Elapsed: 0.006	Loglikelihood: -19868.5	(delta): 3.80406
62 (QN/EM) 	Elapsed: 0.006	Loglikelihood: -19861.6	(delta): 6.87104
63 (QN/EM) 	Elapsed: 0.006	Loglikelihood: -19856.7	(delta): 4.86653
64 (QN/EM) 	Elapsed: 0.006	Loglikelihood: -19854.8	(delta): 1.90114
65 (QN/EM) 	Elapsed: 0.006	Loglikelihood: -19849.5	(delta): 5.33247
66 (QN/EM) 	Elapsed: 0.006	Loglikelihood: -19845.2	(delta): 4.27062
67 (QN/EM) 	Elapsed: 0.006	Loglikelihood: -19831.1	(delta): 14.1088
68 (QN/EM) 	Elapsed: 0.006	Loglikelihood: -19826.5	(delta): 4.65064
69 (QN/EM) 	Elapsed: 0.006	Loglikelihood: -19819.5	(delta): 6.97038
70 (QN/EM) 	Elapsed: 0.006	Loglikelihood: -19816.6	(delta): 2.86068
71 (QN/EM) 	Elapsed: 0.006	Loglikelihood: -19815.1	(delta): 1.54363
72 (QN/EM) 	Elapsed: 0.006	Loglikelihood: -19813.2	(delta): 1.86196
73 (QN/EM) 	Elapsed: 0.006	Loglikelihood: -19811.2	(delta): 1.96836
74 (QN/EM) 	Elapsed: 0.006	Loglikelihood: -19806.5	(delta): 4.73848
75 (QN/EM) 	Elapsed: 0.006	Loglikelihood: -19800.9	(delta): 5.55904
76 (QN/EM) 	Elapsed: 0.006	Loglikelihood: -19792.6	(delta): 8.31008
77 (QN/EM) 	Elapsed: 0.006	Loglikelihood: -19789.8	(delta): 2.87831
78 (QN/EM) 	Elapsed: 0.006	Loglikelihood: -19788.5	(delta): 1.21527
79 (QN/EM) 	Elapsed: 0.006	Loglikelihood: -19786.6	(delta): 1.89447
80 (QN/EM) 	Elapsed: 0.006	Loglikelihood: -19784.7	(delta): 1.90073
81 (QN/EM) 	Elapsed: 0.006	Loglikelihood: -19780.8	(delta): 3.9266
82 (QN/EM) 	Elapsed: 0.006	Loglikelihood: -19778.3	(delta): 2.55343
83 (QN/EM) 	Elapsed: 0.006	Loglikelihood: -19776.2	(delta): 2.04108
84 (QN/EM) 	Elapsed: 0.006	Loglikelihood: -19775.2	(delta): 1.00203
85 (QN/EM) 	Elapsed: 0.006	Loglikelihood: -19773.9	(delta): 1.3225
86 (QN/EM) 	Elapsed: 0.006	Loglikelihood: -19770	(delta): 3.85955
87 (QN/EM) 	Elapsed: 0.006	Loglikelihood: -19766.3	(delta): 3.77162
88 (QN/EM) 	Elapsed: 0.006	Loglikelihood: -19765.2	(delta): 1.1127
89 (QN/EM) 	Elapsed: 0.006	Loglikelihood: -19764.2	(delta): 0.969849
90 (QN/EM) 	Elapsed: 0.006	Loglikelihood: -19759.5	(delta): 4.69771
91 (QN/EM) 	Elapsed: 0.006	Loglikelihood: -19758.9	(delta): 0.622887
92 (QN/EM) 	Elapsed: 0.006	Loglikelihood: -19758.8	(delta): 0.0880524
93 (QN/EM) 	Elapsed: 0.006	Loglikelihood: -19758.7	(delta): 0.11352
94 (QN/EM) 	Elapsed: 0.006	Loglikelihood: -19758.1	(delta): 0.569157
95 (QN/EM) 	Elapsed: 0.006	Loglikelihood: -19757.7	(delta): 0.365887
96 (QN/EM) 	Elapsed: 0.006	Loglikelihood: -19757.7	(delta): 0.0460477
97 (QN/EM) 	Elapsed: 0.006	Loglikelihood: -19757.6	(delta): 0.0467184
98 (QN/EM) 	Elapsed: 0.006	Loglikelihood: -19757.6	(delta): 0.0538377
99 (QN/EM) 	Elapsed: 0.006	Loglikelihood: -19757.4	(delta): 0.164622
100 (QN/EM) 	Elapsed: 0.007	Loglikelihood: -19757.4	(delta): 0.0390957
101 (QN/EM) 	Elapsed: 0.006	Loglikelihood: -19757.4	(delta): 0.0307227
102 (QN/EM) 	Elapsed: 0.006	Loglikelihood: -19757.2	(delta): 0.200448
103 (QN/EM) 	Elapsed: 0.006	Loglikelihood: -19757.1	(delta): 0.0235785
104 (QN/EM) 	Elapsed: 0.006	Loglikelihood: -19757	(delta): 0.136196
105 (QN/EM) 	Elapsed: 0.006	Loglikelihood: -19756.9	(delta): 0.0426167
106 (QN/EM) 	Elapsed: 0.006	Loglikelihood: -19756.9	(delta): 0.0460597
107 (QN/EM) 	Elapsed: 0.006	Loglikelihood: -19756.9	(delta): 0.0494668
108 (QN/EM) 	Elapsed: 0.006	Loglikelihood: -19756.5	(delta): 0.370614
109 (QN/EM) 	Elapsed: 0.006	Loglikelihood: -19756.1	(delta): 0.430463
110 (QN/EM) 	Elapsed: 0.006	Loglikelihood: -19755.9	(delta): 0.135528
111 (QN/EM) 	Elapsed: 0.006	Loglikelihood: -19755.8	(delta): 0.154339
112 (QN/EM) 	Elapsed: 0.006	Loglikelihood: -19755.6	(delta): 0.175085
113 (QN/EM) 	Elapsed: 0.006	Loglikelihood: -19755.4	(delta): 0.192606
114 (QN/EM) 	Elapsed: 0.006	Loglikelihood: -19754.1	(delta): 1.25011
115 (QN/EM) 	Elapsed: 0.006	Loglikelihood: -19753.1	(delta): 1.00429
116 (QN/EM) 	Elapsed: 0.006	Loglikelihood: -19752.9	(delta): 0.236704
117 (QN/EM) 	Elapsed: 0.006	Loglikelihood: -19752.4	(delta): 0.473445
118 (QN/EM) 	Elapsed: 0.006	Loglikelihood: -19751.9	(delta): 0.544771
119 (QN/EM) 	Elapsed: 0.006	Loglikelihood: -19751.6	(delta): 0.274901
120 (QN/EM) 	Elapsed: 0.006	Loglikelihood: -19751.4	(delta): 0.164577
121 (QN/EM) 	Elapsed: 0.006	Loglikelihood: -19751	(delta): 0.395965
122 (QN/EM) 	Elapsed: 0.006	Loglikelihood: -19750.9	(delta): 0.1061
123 (QN/EM) 	Elapsed: 0.006	Loglikelihood: -19750.8	(delta): 0.129046
124 (QN/EM) 	Elapsed: 0.006	Loglikelihood: -19750.6	(delta): 0.173427
125 (QN/EM) 	Elapsed: 0.006	Loglikelihood: -19750.5	(delta): 0.190132
126 (QN/EM) 	Elapsed: 0.006	Loglikelihood: -19750.2	(delta): 0.211785
127 (QN/EM) 	Elapsed: 0.006	Loglikelihood: -19750	(delta): 0.254855
128 (QN/EM) 	Elapsed: 0.006	Loglikelihood: -19748.9	(delta): 1.0818
129 (QN/EM) 	Elapsed: 0.006	Loglikelihood: -19748.7	(delta): 0.247271
130 (QN/EM) 	Elapsed: 0.006	Loglikelihood: -19748.4	(delta): 0.255362
131 (QN/EM) 	Elapsed: 0.006	Loglikelihood: -19748.1	(delta): 0.271601
132 (QN/EM) 	Elapsed: 0.006	Loglikelihood: -19746	(delta): 2.08191
133 (QN/EM) 	Elapsed: 0.006	Loglikelihood: -19744.6	(delta): 1.43814
134 (QN/EM) 	Elapsed: 0.006	Loglikelihood: -19743.8	(delta): 0.772918
135 (QN/EM) 	Elapsed: 0.006	Loglikelihood: -19743	(delta): 0.839629
136 (QN/EM) 	Elapsed: 0.006	Loglikelihood: -19742.7	(delta): 0.280565
137 (QN/EM) 	Elapsed: 0.006	Loglikelihood: -19742.3	(delta): 0.399744
138 (QN/EM) 	Elapsed: 0.006	Loglikelihood: -19741.7	(delta): 0.637709
139 (QN/EM) 	Elapsed: 0.006	Loglikelihood: -19741.1	(delta): 0.564213
140 (QN/EM) 	Elapsed: 0.006	Loglikelihood: -19740.7	(delta): 0.430768
141 (QN/EM) 	Elapsed: 0.006	Loglikelihood: -19739.8	(delta): 0.874767
142 (QN/EM) 	Elapsed: 0.006	Loglikelihood: -19735.8	(delta): 4.05694
143 (QN/EM) 	Elapsed: 0.006	Loglikelihood: -19733	(delta): 2.72241
144 (QN/EM) 	Elapsed: 0.006	Loglikelihood: -19732.2	(delta): 0.793782
145 (QN/EM) 	Elapsed: 0.006	Loglikelihood: -19712	(delta): 20.2617
146 (QN/EM) 	Elapsed: 0.006	Loglikelihood: -19704.7	(delta): 7.25509
147 (QN/EM) 	Elapsed: 0.006	Loglikelihood: -19702.2	(delta): 2.51845
148 (QN/EM) 	Elapsed: 0.006	Loglikelihood: -19701.3	(delta): 0.855731
149 (QN/EM) 	Elapsed: 0.006	Loglikelihood: -19700.8	(delta): 0.501195
150 (QN/EM) 	Elapsed: 0.006	Loglikelihood: -19700	(delta): 0.79345
151 (QN/EM) 	Elapsed: 0.006	Loglikelihood: -19699.7	(delta): 0.380755
152 (QN/EM) 	Elapsed: 0.006	Loglikelihood: -19698.7	(delta): 0.954875
153 (QN/EM) 	Elapsed: 0.006	Loglikelihood: -19697.8	(delta): 0.882235
154 (QN/EM) 	Elapsed: 0.006	Loglikelihood: -19697.2	(delta): 0.600739
155 (QN/EM) 	Elapsed: 0.006	Loglikelihood: -19696.6	(delta): 0.597953
156 (QN/EM) 	Elapsed: 0.006	Loglikelihood: -19696.4	(delta): 0.228317
157 (QN/EM) 	Elapsed: 0.006	Loglikelihood: -19695.7	(delta): 0.684594
158 (QN/EM) 	Elapsed: 0.006	Loglikelihood: -19695.1	(delta): 0.633159
159 (QN/EM) 	Elapsed: 0.006	Loglikelihood: -19694.4	(delta): 0.690645
160 (QN/EM) 	Elapsed: 0.006	Loglikelihood: -19693.6	(delta): 0.814239
161 (QN/EM) 	Elapsed: 0.006	Loglikelihood: -19691.1	(delta): 2.4797
162 (QN/EM) 	Elapsed: 0.006	Loglikelihood: -19690.7	(delta): 0.448323
163 (QN/EM) 	Elapsed: 0.006	Loglikelihood: -19690.4	(delta): 0.299219
164 (QN/EM) 	Elapsed: 0.006	Loglikelihood: -19689.7	(delta): 0.658351
165 (QN/EM) 	Elapsed: 0.006	Loglikelihood: -19689.4	(delta): 0.256223
166 (QN/EM) 	Elapsed: 0.006	Loglikelihood: -19689.2	(delta): 0.245792
167 (QN/EM) 	Elapsed: 0.006	Loglikelihood: -19688.6	(delta): 0.642057
168 (QN/EM) 	Elapsed: 0.006	Loglikelihood: -19688.4	(delta): 0.177342
169 (QN/EM) 	Elapsed: 0.006	Loglikelihood: -19688.2	(delta): 0.200603
170 (QN/EM) 	Elapsed: 0.006	Loglikelihood: -19687.3	(delta): 0.920373
171 (QN/EM) 	Elapsed: 0.006	Loglikelihood: -19686.9	(delta): 0.331522
172 (QN/EM) 	Elapsed: 0.006	Loglikelihood: -19686.2	(delta): 0.730432
173 (QN/EM) 	Elapsed: 0.006	Loglikelihood: -19685.8	(delta): 0.43616
174 (QN/EM) 	Elapsed: 0.006	Loglikelihood: -19685.5	(delta): 0.276065
175 (QN/EM) 	Elapsed: 0.006	Loglikelihood: -19684.3	(delta): 1.1315
176 (QN/EM) 	Elapsed: 0.006	Loglikelihood: -19682.2	(delta): 2.12981
177 (QN/EM) 	Elapsed: 0.006	Loglikelihood: -19680.7	(delta): 1.49164
178 (QN/EM) 	Elapsed: 0.006	Loglikelihood: -19680.2	(delta): 0.556962
179 (QN/EM) 	Elapsed: 0.006	Loglikelihood: -19679.7	(delta): 0.48916
180 (QN/EM) 	Elapsed: 0.006	Loglikelihood: -19679.3	(delta): 0.427789
181 (QN/EM) 	Elapsed: 0.006	Loglikelihood: -19678.8	(delta): 0.491594
182 (QN/EM) 	Elapsed: 0.006	Loglikelihood: -19678.3	(delta): 0.413679
183 (QN/EM) 	Elapsed: 0.006	Loglikelihood: -19678	(delta): 0.352577
184 (QN/EM) 	Elapsed: 0.006	Loglikelihood: -19677.6	(delta): 0.346489
185 (QN/EM) 	Elapsed: 0.006	Loglikelihood: -19676.5	(delta): 1.12016
186 (QN/EM) 	Elapsed: 0.006	Loglikelihood: -19675.9	(delta): 0.664077
187 (QN/EM) 	Elapsed: 0.006	Loglikelihood: -19674.4	(delta): 1.50041
188 (QN/EM) 	Elapsed: 0.006	Loglikelihood: -19672.8	(delta): 1.5913
189 (QN/EM) 	Elapsed: 0.006	Loglikelihood: -19672.5	(delta): 0.254025
190 (QN/EM) 	Elapsed: 0.006	Loglikelihood: -19671.2	(delta): 1.27653
191 (QN/EM) 	Elapsed: 0.006	Loglikelihood: -19669.6	(delta): 1.68216
192 (QN/EM) 	Elapsed: 0.006	Loglikelihood: -19669.1	(delta): 0.479694
193 (QN/EM) 	Elapsed: 0.006	Loglikelihood: -19668.4	(delta): 0.729644
194 (QN/EM) 	Elapsed: 0.006	Loglikelihood: -19667.6	(delta): 0.755887
195 (QN/EM) 	Elapsed: 0.006	Loglikelihood: -19666.6	(delta): 0.981877
196 (QN/EM) 	Elapsed: 0.006	Loglikelihood: -19666.1	(delta): 0.49833
197 (QN/EM) 	Elapsed: 0.006	Loglikelihood: -19665.2	(delta): 0.934391
198 (QN/EM) 	Elapsed: 0.006	Loglikelihood: -19664.9	(delta): 0.274952
199 (QN/EM) 	Elapsed: 0.006	Loglikelihood: -19664	(delta): 0.940776
200 (QN/EM) 	Elapsed: 0.006	Loglikelihood: -19663.3	(delta): 0.651239
201 (QN/EM) 	Elapsed: 0.006	Loglikelihood: -19661	(delta): 2.34155
202 (QN/EM) 	Elapsed: 0.006	Loglikelihood: -19660.7	(delta): 0.22625
203 (QN/EM) 	Elapsed: 0.006	Loglikelihood: -19660.4	(delta): 0.389901
204 (QN/EM) 	Elapsed: 0.006	Loglikelihood: -19660.3	(delta): 0.0470673
205 (QN/EM) 	Elapsed: 0.006	Loglikelihood: -19659.4	(delta): 0.955458
206 (QN/EM) 	Elapsed: 0.006	Loglikelihood: -19657.6	(delta): 1.76977
207 (QN/EM) 	Elapsed: 0.006	Loglikelihood: -19657.3	(delta): 0.26619
208 (QN/EM) 	Elapsed: 0.006	Loglikelihood: -19655.2	(delta): 2.16417
209 (QN/EM) 	Elapsed: 0.006	Loglikelihood: -19652.8	(delta): 2.35603
210 (QN/EM) 	Elapsed: 0.006	Loglikelihood: -19649.5	(delta): 3.32485
211 (QN/EM) 	Elapsed: 0.006	Loglikelihood: -19647.8	(delta): 1.70894
212 (QN/EM) 	Elapsed: 0.006	Loglikelihood: -19645.7	(delta): 2.04621
213 (QN/EM) 	Elapsed: 0.006	Loglikelihood: -19644.9	(delta): 0.85943
214 (QN/EM) 	Elapsed: 0.006	Loglikelihood: -19644.2	(delta): 0.6633
215 (QN/EM) 	Elapsed: 0.006	Loglikelihood: -19643.9	(delta): 0.317237
216 (QN/EM) 	Elapsed: 0.006	Loglikelihood: -19643.6	(delta): 0.247152
217 (QN/EM) 	Elapsed: 0.006	Loglikelihood: -19643.3	(delta): 0.324077
218 (QN/EM) 	Elapsed: 0.007	Loglikelihood: -19642.9	(delta): 0.450395
219 (QN/EM) 	Elapsed: 0.006	Loglikelihood: -19642.3	(delta): 0.556976
220 (QN/EM) 	Elapsed: 0.006	Loglikelihood: -19641.8	(delta): 0.526987
221 (QN/EM) 	Elapsed: 0.006	Loglikelihood: -19640.1	(delta): 1.70449
222 (QN/EM) 	Elapsed: 0.007	Loglikelihood: -19639.6	(delta): 0.454408
223 (QN/EM) 	Elapsed: 0.006	Loglikelihood: -19638.8	(delta): 0.775156
224 (QN/EM) 	Elapsed: 0.007	Loglikelihood: -19638.3	(delta): 0.541846
225 (QN/EM) 	Elapsed: 0.006	Loglikelihood: -19638.2	(delta): 0.0788996
226 (QN/EM) 	Elapsed: 0.006	Loglikelihood: -19638.1	(delta): 0.0713518
227 (QN/EM) 	Elapsed: 0.006	Loglikelihood: -19638.1	(delta): 0.0323923
228 (QN/EM) 	Elapsed: 0.006	Loglikelihood: -19638	(delta): 0.0859191
229 (QN/EM) 	Elapsed: 0.006	Loglikelihood: -19638	(delta): 0.0630817
230 (QN/EM) 	Elapsed: 0.007	Loglikelihood: -19637.9	(delta): 0.080441
231 (QN/EM) 	Elapsed: 0.006	Loglikelihood: -19637.8	(delta): 0.0924533
232 (QN/EM) 	Elapsed: 0.006	Loglikelihood: -19637.5	(delta): 0.292784
233 (QN/EM) 	Elapsed: 0.006	Loglikelihood: -19637.4	(delta): 0.121594
234 (QN/EM) 	Elapsed: 0.006	Loglikelihood: -19636.8	(delta): 0.541241
235 (QN/EM) 	Elapsed: 0.006	Loglikelihood: -19636.4	(delta): 0.390569
236 (QN/EM) 	Elapsed: 0.006	Loglikelihood: -19636	(delta): 0.468434
237 (QN/EM) 	Elapsed: 0.006	Loglikelihood: -19635.7	(delta): 0.291898
238 (QN/EM) 	Elapsed: 0.006	Loglikelihood: -19635.1	(delta): 0.573388
239 (QN/EM) 	Elapsed: 0.006	Loglikelihood: -19634.9	(delta): 0.169002
240 (QN/EM) 	Elapsed: 0.006	Loglikelihood: -19634.8	(delta): 0.144637
241 (QN/EM) 	Elapsed: 0.006	Loglikelihood: -19634	(delta): 0.840474
242 (QN/EM) 	Elapsed: 0.007	Loglikelihood: -19633.5	(delta): 0.491929
243 (QN/EM) 	Elapsed: 0.006	Loglikelihood: -19633.3	(delta): 0.160916
244 (QN/EM) 	Elapsed: 0.006	Loglikelihood: -19632.4	(delta): 0.898655
245 (QN/EM) 	Elapsed: 0.006	Loglikelihood: -19632	(delta): 0.42317
246 (QN/EM) 	Elapsed: 0.006	Loglikelihood: -19631.2	(delta): 0.829296
247 (QN/EM) 	Elapsed: 0.006	Loglikelihood: -19630.3	(delta): 0.843495
248 (QN/EM) 	Elapsed: 0.006	Loglikelihood: -19629.7	(delta): 0.596924
249 (QN/EM) 	Elapsed: 0.006	Loglikelihood: -19629.2	(delta): 0.559666
250 (QN/EM) 	Elapsed: 0.006	Loglikelihood: -19628.4	(delta): 0.748367
251 (QN/EM) 	Elapsed: 0.006	Loglikelihood: -19627.9	(delta): 0.495497
252 (QN/EM) 	Elapsed: 0.006	Loglikelihood: -19627.5	(delta): 0.387641
253 (QN/EM) 	Elapsed: 0.006	Loglikelihood: -19627	(delta): 0.493003
254 (QN/EM) 	Elapsed: 0.006	Loglikelihood: -19626.3	(delta): 0.701866
255 (QN/EM) 	Elapsed: 0.006	Loglikelihood: -19625.9	(delta): 0.431681
256 (QN/EM) 	Elapsed: 0.006	Loglikelihood: -19625.3	(delta): 0.55456
257 (QN/EM) 	Elapsed: 0.006	Loglikelihood: -19624.9	(delta): 0.448503
258 (QN/EM) 	Elapsed: 0.006	Loglikelihood: -19623.7	(delta): 1.18208
259 (QN/EM) 	Elapsed: 0.006	Loglikelihood: -19621.8	(delta): 1.91999
260 (QN/EM) 	Elapsed: 0.006	Loglikelihood: -19620.1	(delta): 1.6876
261 (QN/EM) 	Elapsed: 0.006	Loglikelihood: -19619.4	(delta): 0.735368
262 (QN/EM) 	Elapsed: 0.006	Loglikelihood: -19619	(delta): 0.339565
263 (QN/EM) 	Elapsed: 0.006	Loglikelihood: -19618.7	(delta): 0.369836
264 (QN/EM) 	Elapsed: 0.006	Loglikelihood: -19617.8	(delta): 0.856499
265 (QN/EM) 	Elapsed: 0.006	Loglikelihood: -19617	(delta): 0.804943
266 (QN/EM) 	Elapsed: 0.006	Loglikelihood: -19616.8	(delta): 0.189465
267 (QN/EM) 	Elapsed: 0.006	Loglikelihood: -19616.6	(delta): 0.201728
268 (QN/EM) 	Elapsed: 0.006	Loglikelihood: -19616.4	(delta): 0.233477
269 (QN/EM) 	Elapsed: 0.006	Loglikelihood: -19616.1	(delta): 0.247552
270 (QN/EM) 	Elapsed: 0.006	Loglikelihood: -19615.3	(delta): 0.855338
271 (QN/EM) 	Elapsed: 0.006	Loglikelihood: -19614.9	(delta): 0.401843
272 (QN/EM) 	Elapsed: 0.006	Loglikelihood: -19614.7	(delta): 0.159201
273 (QN/EM) 	Elapsed: 0.006	Loglikelihood: -19613.5	(delta): 1.174
274 (QN/EM) 	Elapsed: 0.006	Loglikelihood: -19612.6	(delta): 0.978822
275 (QN/EM) 	Elapsed: 0.006	Loglikelihood: -19611.8	(delta): 0.750602
276 (QN/EM) 	Elapsed: 0.006	Loglikelihood: -19611.3	(delta): 0.475495
277 (QN/EM) 	Elapsed: 0.006	Loglikelihood: -19611	(delta): 0.280262
278 (QN/EM) 	Elapsed: 0.006	Loglikelihood: -19610.4	(delta): 0.652699
279 (QN/EM) 	Elapsed: 0.006	Loglikelihood: -19609.7	(delta): 0.706746
280 (QN/EM) 	Elapsed: 0.006	Loglikelihood: -19608.8	(delta): 0.934793
281 (QN/EM) 	Elapsed: 0.006	Loglikelihood: -19608.1	(delta): 0.689181
282 (QN/EM) 	Elapsed: 0.006	Loglikelihood: -19607.6	(delta): 0.432629
283 (QN/EM) 	Elapsed: 0.006	Loglikelihood: -19606.6	(delta): 1.00095
284 (QN/EM) 	Elapsed: 0.006	Loglikelihood: -19606.3	(delta): 0.327081
285 (QN/EM) 	Elapsed: 0.006	Loglikelihood: -19604.8	(delta): 1.51531
286 (QN/EM) 	Elapsed: 0.006	Loglikelihood: -19604.2	(delta): 0.548323
287 (QN/EM) 	Elapsed: 0.006	Loglikelihood: -19603.2	(delta): 1.00381
288 (QN/EM) 	Elapsed: 0.006	Loglikelihood: -19603	(delta): 0.24639
289 (QN/EM) 	Elapsed: 0.006	Loglikelihood: -19602.9	(delta): 0.0707336
290 (QN/EM) 	Elapsed: 0.006	Loglikelihood: -19601.7	(delta): 1.23625
291 (QN/EM) 	Elapsed: 0.006	Loglikelihood: -19601.7	(delta): 0.000267844
292 (QN/EM) 	Elapsed: 0.006	Loglikelihood: -19601.7	(delta): 0
Summary: 
Converged in 292 iterations (2.003 sec)
Loglikelihood: -19601.682292
Fst divergences between estimated populations: 
	Pop0	Pop1	Pop2	Pop3	
Pop0	
Pop1	0.144	
Pop2	0.164	0.112	
Pop3	0.128	0.152	0.169	
Pop4	0.118	0.144	0.166	0.127	
CV error (K=5): 1.19829
Writing output files.
