****                   ADMIXTURE Version 1.3.0                  ****
****                    Copyright 2008-2015                     ****
****           David Alexander, Suyash Shringarpure,            ****
****                John  Novembre, Ken Lange                   ****
****                                                            ****
****                 Please cite our paper!                     ****
****   Information at www.genetics.ucla.edu/software/admixture  ****

Cross-validation will be performed.  Folds=5.
Parallel execution requested.  Will use 5 threads.
Random seed: 43
Point estimation method: EM algorithm
Convergence acceleration algorithm: QuasiNewton, 3 secant conditions
Point estimation will terminate when objective function delta < 0.0001
Estimation of standard errors disabled; will compute point estimates only.
Size of G: 32x482
Performing five EM steps to prime main algorithm
1 (EM) 	Elapsed: 0	Loglikelihood: -14860.3	(delta): 10175.7
2 (EM) 	Elapsed: 0	Loglikelihood: -14379.7	(delta): 480.576
3 (EM) 	Elapsed: 0	Loglikelihood: -14219.8	(delta): 159.857
4 (EM) 	Elapsed: 0	Loglikelihood: -14136.6	(delta): 83.2241
5 (EM) 	Elapsed: 0	Loglikelihood: -14087.2	(delta): 49.3469
Initial loglikelihood: -14087.2
Starting main algorithm
1 (QN/EM) 	Elapsed: 0.001	Loglikelihood: -14030.8	(delta): 56.4065
2 (QN/EM) 	Elapsed: 0.001	Loglikelihood: -13992	(delta): 38.8397
3 (QN/EM) 	Elapsed: 0.001	Loglikelihood: -13954.2	(delta): 37.7754
4 (QN/EM) 	Elapsed: 0.001	Loglikelihood: -13776	(delta): 178.266
5 (QN/EM) 	Elapsed: 0.001	Loglikelihood: -13652.5	(delta): 123.472
6 (QN/EM) 	Elapsed: 0.001	Loglikelihood: -13588.6	(delta): 63.9171
7 (QN/EM) 	Elapsed: 0.001	Loglikelihood: -13475	(delta): 113.601
8 (QN/EM) 	Elapsed: 0.001	Loglikelihood: -13428.3	(delta): 46.645
9 (QN/EM) 	Elapsed: 0.001	Loglikelihood: -13397.3	(delta): 30.9942
10 (QN/EM) 	Elapsed: 0.001	Loglikelihood: -13386.2	(delta): 11.1438
11 (QN/EM) 	Elapsed: 0.001	Loglikelihood: -13381.4	(delta): 4.80858
12 (QN/EM) 	Elapsed: 0.001	Loglikelihood: -13374.2	(delta): 7.1932
13 (QN/EM) 	Elapsed: 0.001	Loglikelihood: -13370.3	(delta): 3.90633
14 (QN/EM) 	Elapsed: 0.001	Loglikelihood: -13366.5	(delta): 3.76642
15 (QN/EM) 	Elapsed: 0.001	Loglikelihood: -13364.2	(delta): 2.30658
16 (QN/EM) 	Elapsed: 0.001	Loglikelihood: -13360.6	(delta): 3.57861
17 (QN/EM) 	Elapsed: 0.001	Loglikelihood: -13359.7	(delta): 0.899793
18 (QN/EM) 	Elapsed: 0.001	Loglikelihood: -13356.7	(delta): 3.07419
19 (QN/EM) 	Elapsed: 0.001	Loglikelihood: -13355.1	(delta): 1.51641
20 (QN/EM) 	Elapsed: 0.001	Loglikelihood: -13354.5	(delta): 0.662428
21 (QN/EM) 	Elapsed: 0.001	Loglikelihood: -13354.1	(delta): 0.34438
22 (QN/EM) 	Elapsed: 0.001	Loglikelihood: -13354	(delta): 0.09828
23 (QN/EM) 	Elapsed: 0.001	Loglikelihood: -13353.9	(delta): 0.0969986
24 (QN/EM) 	Elapsed: 0.001	Loglikelihood: -13353.5	(delta): 0.422296
25 (QN/EM) 	Elapsed: 0.001	Loglikelihood: -13353.4	(delta): 0.0731372
26 (QN/EM) 	Elapsed: 0.001	Loglikelihood: -13353.4	(delta): 0.0244684
27 (QN/EM) 	Elapsed: 0.001	Loglikelihood: -13353.1	(delta): 0.277311
28 (QN/EM) 	Elapsed: 0.001	Loglikelihood: -13353.1	(delta): 0.0340723
29 (QN/EM) 	Elapsed: 0.001	Loglikelihood: -13353.1	(delta): 0.017684
30 (QN/EM) 	Elapsed: 0.001	Loglikelihood: -13353	(delta): 0.0876972
31 (QN/EM) 	Elapsed: 0.001	Loglikelihood: -13353	(delta): 0.0363683
32 (QN/EM) 	Elapsed: 0.001	Loglikelihood: -13352.9	(delta): 0.031364
33 (QN/EM) 	Elapsed: 0.001	Loglikelihood: -13352.9	(delta): 0.00579376
34 (QN/EM) 	Elapsed: 0.001	Loglikelihood: -13352.9	(delta): 0.00573221
35 (QN/EM) 	Elapsed: 0.001	Loglikelihood: -13352.9	(delta): 0.0056646
36 (QN/EM) 	Elapsed: 0.001	Loglikelihood: -13352.9	(delta): 0.0606909
37 (QN/EM) 	Elapsed: 0.001	Loglikelihood: -13352.8	(delta): 0.0290374
38 (QN/EM) 	Elapsed: 0.001	Loglikelihood: -13352.8	(delta): 0.0118275
39 (QN/EM) 	Elapsed: 0.001	Loglikelihood: -13352.8	(delta): 0.0385387
40 (QN/EM) 	Elapsed: 0.001	Loglikelihood: -13352.7	(delta): 0.081604
41 (QN/EM) 	Elapsed: 0.001	Loglikelihood: -13352.6	(delta): 0.0437393
42 (QN/EM) 	Elapsed: 0.001	Loglikelihood: -13352.6	(delta): 0.0402324
43 (QN/EM) 	Elapsed: 0.001	Loglikelihood: -13352.6	(delta): 0.0252004
44 (QN/EM) 	Elapsed: 0.001	Loglikelihood: -13352.6	(delta): 0.0154135
45 (QN/EM) 	Elapsed: 0.001	Loglikelihood: -13352.5	(delta): 0.0258644
46 (QN/EM) 	Elapsed: 0.001	Loglikelihood: -13352.5	(delta): 0.0124634
47 (QN/EM) 	Elapsed: 0.001	Loglikelihood: -13352.5	(delta): 0.0145834
48 (QN/EM) 	Elapsed: 0.001	Loglikelihood: -13352.5	(delta): 0.00485382
49 (QN/EM) 	Elapsed: 0.001	Loglikelihood: -13352.5	(delta): 0.00622937
50 (QN/EM) 	Elapsed: 0.001	Loglikelihood: -13352.5	(delta): 0.00487184
51 (QN/EM) 	Elapsed: 0.001	Loglikelihood: -13352.5	(delta): 0.00366083
52 (QN/EM) 	Elapsed: 0.001	Loglikelihood: -13352.5	(delta): 0.00190499
53 (QN/EM) 	Elapsed: 0.001	Loglikelihood: -13352.5	(delta): 0.00229354
54 (QN/EM) 	Elapsed: 0.001	Loglikelihood: -13352.5	(delta): 0.00123324
55 (QN/EM) 	Elapsed: 0.001	Loglikelihood: -13352.5	(delta): 0.00150069
56 (QN/EM) 	Elapsed: 0.001	Loglikelihood: -13352.5	(delta): 0.000542423
57 (QN/EM) 	Elapsed: 0.001	Loglikelihood: -13352.5	(delta): 0.000750073
58 (QN/EM) 	Elapsed: 0.001	Loglikelihood: -13352.5	(delta): 0.000378251
59 (QN/EM) 	Elapsed: 0.001	Loglikelihood: -13352.5	(delta): 0.00047221
60 (QN/EM) 	Elapsed: 0.001	Loglikelihood: -13352.5	(delta): 0.000193457
61 (QN/EM) 	Elapsed: 0.001	Loglikelihood: -13352.5	(delta): 0.000236015
62 (QN/EM) 	Elapsed: 0.001	Loglikelihood: -13352.5	(delta): 0.00012302
63 (QN/EM) 	Elapsed: 0.001	Loglikelihood: -13352.5	(delta): 0.000167094
64 (QN/EM) 	Elapsed: 0.001	Loglikelihood: -13352.5	(delta): 7.31236e-05
Summary: 
Converged in 64 iterations (0.105 sec)
Loglikelihood: -13352.486344
Fst divergences between estimated populations: 
	Pop0	
Pop0	
Pop1	0.180	
CV error (K=2): 0.71745
Writing output files.
