****                   ADMIXTURE Version 1.3.0                  ****
****                    Copyright 2008-2015                     ****
****           David Alexander, Suyash Shringarpure,            ****
****                John  Novembre, Ken Lange                   ****
****                                                            ****
****                 Please cite our paper!                     ****
****   Information at www.genetics.ucla.edu/software/admixture  ****

Cross-validation will be performed.  Folds=5.
Parallel execution requested.  Will use 5 threads.
Random seed: 43
Point estimation method: EM algorithm
Convergence acceleration algorithm: QuasiNewton, 3 secant conditions
Point estimation will terminate when objective function delta < 0.0001
Estimation of standard errors disabled; will compute point estimates only.
Size of G: 32x482
Performing five EM steps to prime main algorithm
1 (EM) 	Elapsed: 0	Loglikelihood: -14954.9	(delta): 8118.53
2 (EM) 	Elapsed: 0	Loglikelihood: -14418.3	(delta): 536.557
3 (EM) 	Elapsed: 0	Loglikelihood: -14226.3	(delta): 191.984
4 (EM) 	Elapsed: 0	Loglikelihood: -14101.6	(delta): 124.696
5 (EM) 	Elapsed: 0	Loglikelihood: -14009.1	(delta): 92.5535
Initial loglikelihood: -14009.1
Starting main algorithm
1 (QN/EM) 	Elapsed: 0.001	Loglikelihood: -13877.8	(delta): 131.238
2 (QN/EM) 	Elapsed: 0.001	Loglikelihood: -13785.5	(delta): 92.357
3 (QN/EM) 	Elapsed: 0.002	Loglikelihood: -13419.1	(delta): 366.396
4 (QN/EM) 	Elapsed: 0.001	Loglikelihood: -13254.1	(delta): 164.948
5 (QN/EM) 	Elapsed: 0.001	Loglikelihood: -13171.1	(delta): 83.0221
6 (QN/EM) 	Elapsed: 0.001	Loglikelihood: -13108	(delta): 63.0976
7 (QN/EM) 	Elapsed: 0.001	Loglikelihood: -13064.8	(delta): 43.2177
8 (QN/EM) 	Elapsed: 0.001	Loglikelihood: -13026.8	(delta): 37.9383
9 (QN/EM) 	Elapsed: 0.002	Loglikelihood: -13008.8	(delta): 18.0862
10 (QN/EM) 	Elapsed: 0.002	Loglikelihood: -12989.2	(delta): 19.5585
11 (QN/EM) 	Elapsed: 0.001	Loglikelihood: -12977.2	(delta): 11.9909
12 (QN/EM) 	Elapsed: 0.001	Loglikelihood: -12962.7	(delta): 14.488
13 (QN/EM) 	Elapsed: 0.001	Loglikelihood: -12953.3	(delta): 9.41747
14 (QN/EM) 	Elapsed: 0.001	Loglikelihood: -12944.5	(delta): 8.80033
15 (QN/EM) 	Elapsed: 0.001	Loglikelihood: -12936.6	(delta): 7.92995
16 (QN/EM) 	Elapsed: 0.001	Loglikelihood: -12929.9	(delta): 6.66048
17 (QN/EM) 	Elapsed: 0.001	Loglikelihood: -12921.8	(delta): 8.14526
18 (QN/EM) 	Elapsed: 0.001	Loglikelihood: -12917.5	(delta): 4.23774
19 (QN/EM) 	Elapsed: 0.002	Loglikelihood: -12913.2	(delta): 4.31581
20 (QN/EM) 	Elapsed: 0.001	Loglikelihood: -12907.7	(delta): 5.47391
21 (QN/EM) 	Elapsed: 0.001	Loglikelihood: -12903.6	(delta): 4.11821
22 (QN/EM) 	Elapsed: 0.001	Loglikelihood: -12900.2	(delta): 3.45371
23 (QN/EM) 	Elapsed: 0.001	Loglikelihood: -12898.1	(delta): 2.06187
24 (QN/EM) 	Elapsed: 0.001	Loglikelihood: -12897.3	(delta): 0.7647
25 (QN/EM) 	Elapsed: 0.002	Loglikelihood: -12896.9	(delta): 0.436691
26 (QN/EM) 	Elapsed: 0.002	Loglikelihood: -12896.5	(delta): 0.433473
27 (QN/EM) 	Elapsed: 0.002	Loglikelihood: -12896.1	(delta): 0.411644
28 (QN/EM) 	Elapsed: 0.001	Loglikelihood: -12893.9	(delta): 2.15592
29 (QN/EM) 	Elapsed: 0.001	Loglikelihood: -12893.6	(delta): 0.354221
30 (QN/EM) 	Elapsed: 0.002	Loglikelihood: -12893.2	(delta): 0.302467
31 (QN/EM) 	Elapsed: 0.001	Loglikelihood: -12892	(delta): 1.23339
32 (QN/EM) 	Elapsed: 0.001	Loglikelihood: -12891.4	(delta): 0.649181
33 (QN/EM) 	Elapsed: 0.001	Loglikelihood: -12891.2	(delta): 0.157996
34 (QN/EM) 	Elapsed: 0.001	Loglikelihood: -12890.7	(delta): 0.55851
35 (QN/EM) 	Elapsed: 0.002	Loglikelihood: -12890.6	(delta): 0.0881692
36 (QN/EM) 	Elapsed: 0.002	Loglikelihood: -12890.5	(delta): 0.0670957
37 (QN/EM) 	Elapsed: 0.001	Loglikelihood: -12890.1	(delta): 0.440039
38 (QN/EM) 	Elapsed: 0.002	Loglikelihood: -12889.4	(delta): 0.637988
39 (QN/EM) 	Elapsed: 0.001	Loglikelihood: -12889.2	(delta): 0.233062
40 (QN/EM) 	Elapsed: 0.001	Loglikelihood: -12889	(delta): 0.158821
41 (QN/EM) 	Elapsed: 0.001	Loglikelihood: -12888.7	(delta): 0.317112
42 (QN/EM) 	Elapsed: 0.001	Loglikelihood: -12888.5	(delta): 0.192065
43 (QN/EM) 	Elapsed: 0.002	Loglikelihood: -12888.2	(delta): 0.360258
44 (QN/EM) 	Elapsed: 0.001	Loglikelihood: -12888	(delta): 0.152202
45 (QN/EM) 	Elapsed: 0.002	Loglikelihood: -12888	(delta): 0.0427638
46 (QN/EM) 	Elapsed: 0.002	Loglikelihood: -12887.9	(delta): 0.04192
47 (QN/EM) 	Elapsed: 0.001	Loglikelihood: -12887.8	(delta): 0.0961033
48 (QN/EM) 	Elapsed: 0.001	Loglikelihood: -12887.7	(delta): 0.125848
49 (QN/EM) 	Elapsed: 0.002	Loglikelihood: -12887.6	(delta): 0.0805225
50 (QN/EM) 	Elapsed: 0.001	Loglikelihood: -12887.5	(delta): 0.08209
51 (QN/EM) 	Elapsed: 0.001	Loglikelihood: -12887.5	(delta): 0.0510935
52 (QN/EM) 	Elapsed: 0.001	Loglikelihood: -12887.4	(delta): 0.0540436
53 (QN/EM) 	Elapsed: 0.001	Loglikelihood: -12887.3	(delta): 0.100723
54 (QN/EM) 	Elapsed: 0.001	Loglikelihood: -12887.3	(delta): 0.0441773
55 (QN/EM) 	Elapsed: 0.001	Loglikelihood: -12887.2	(delta): 0.0451058
56 (QN/EM) 	Elapsed: 0.001	Loglikelihood: -12887.2	(delta): 0.028097
57 (QN/EM) 	Elapsed: 0.001	Loglikelihood: -12887	(delta): 0.228255
58 (QN/EM) 	Elapsed: 0.001	Loglikelihood: -12886.9	(delta): 0.0369987
59 (QN/EM) 	Elapsed: 0.001	Loglikelihood: -12886.9	(delta): 0.0201161
60 (QN/EM) 	Elapsed: 0.001	Loglikelihood: -12886.9	(delta): 0.017309
61 (QN/EM) 	Elapsed: 0.002	Loglikelihood: -12886.7	(delta): 0.192709
62 (QN/EM) 	Elapsed: 0.002	Loglikelihood: -12886.7	(delta): 0.0479957
63 (QN/EM) 	Elapsed: 0.001	Loglikelihood: -12886.6	(delta): 0.0370504
64 (QN/EM) 	Elapsed: 0.001	Loglikelihood: -12886.6	(delta): 0.0176408
65 (QN/EM) 	Elapsed: 0.001	Loglikelihood: -12886.6	(delta): 0.0206896
66 (QN/EM) 	Elapsed: 0.001	Loglikelihood: -12886.6	(delta): 0.0158374
67 (QN/EM) 	Elapsed: 0.001	Loglikelihood: -12886.6	(delta): 0.00939637
68 (QN/EM) 	Elapsed: 0.001	Loglikelihood: -12886.6	(delta): 0.0093606
69 (QN/EM) 	Elapsed: 0.001	Loglikelihood: -12886.5	(delta): 0.0111297
70 (QN/EM) 	Elapsed: 0.001	Loglikelihood: -12886.5	(delta): 0.00524331
71 (QN/EM) 	Elapsed: 0.001	Loglikelihood: -12886.5	(delta): 0.00793209
72 (QN/EM) 	Elapsed: 0.001	Loglikelihood: -12886.5	(delta): 0.00316059
73 (QN/EM) 	Elapsed: 0.001	Loglikelihood: -12886.5	(delta): 0.00523487
74 (QN/EM) 	Elapsed: 0.001	Loglikelihood: -12886.5	(delta): 0.00237186
75 (QN/EM) 	Elapsed: 0.001	Loglikelihood: -12886.5	(delta): 0.00784645
76 (QN/EM) 	Elapsed: 0.001	Loglikelihood: -12886.5	(delta): 0.00168165
77 (QN/EM) 	Elapsed: 0.001	Loglikelihood: -12886.5	(delta): 0.00530269
78 (QN/EM) 	Elapsed: 0.001	Loglikelihood: -12886.5	(delta): 0.00166698
79 (QN/EM) 	Elapsed: 0.002	Loglikelihood: -12886.5	(delta): 0.000258972
80 (QN/EM) 	Elapsed: 0.001	Loglikelihood: -12886.5	(delta): 0.00560793
81 (QN/EM) 	Elapsed: 0.002	Loglikelihood: -12886.5	(delta): 0.00023437
82 (QN/EM) 	Elapsed: 0.002	Loglikelihood: -12886.5	(delta): 0.000209821
83 (QN/EM) 	Elapsed: 0.001	Loglikelihood: -12886.5	(delta): 0.00504747
84 (QN/EM) 	Elapsed: 0.001	Loglikelihood: -12886.5	(delta): 0.00170108
85 (QN/EM) 	Elapsed: 0.001	Loglikelihood: -12886.5	(delta): 0.000461277
86 (QN/EM) 	Elapsed: 0.001	Loglikelihood: -12886.5	(delta): 0.000428815
87 (QN/EM) 	Elapsed: 0.001	Loglikelihood: -12886.5	(delta): 0.000789369
88 (QN/EM) 	Elapsed: 0.001	Loglikelihood: -12886.5	(delta): 0.000366866
89 (QN/EM) 	Elapsed: 0.001	Loglikelihood: -12886.5	(delta): 0.000471555
90 (QN/EM) 	Elapsed: 0.001	Loglikelihood: -12886.5	(delta): 0.000372278
91 (QN/EM) 	Elapsed: 0.001	Loglikelihood: -12886.5	(delta): 0.000962732
92 (QN/EM) 	Elapsed: 0.001	Loglikelihood: -12886.5	(delta): 0.000562888
93 (QN/EM) 	Elapsed: 0.001	Loglikelihood: -12886.5	(delta): 0.000461585
94 (QN/EM) 	Elapsed: 0.001	Loglikelihood: -12886.5	(delta): 0.000148768
95 (QN/EM) 	Elapsed: 0.001	Loglikelihood: -12886.5	(delta): 0.000140061
96 (QN/EM) 	Elapsed: 0.001	Loglikelihood: -12886.5	(delta): 0.000108828
97 (QN/EM) 	Elapsed: 0.001	Loglikelihood: -12886.5	(delta): 0.000103152
98 (QN/EM) 	Elapsed: 0.001	Loglikelihood: -12886.5	(delta): 4.80484e-05
Summary: 
Converged in 98 iterations (0.208 sec)
Loglikelihood: -12886.487884
Fst divergences between estimated populations: 
	Pop0	Pop1	
Pop0	
Pop1	0.197	
Pop2	0.160	0.206	
CV error (K=3): 0.80027
Writing output files.
