PLINK v1.90b6.21 64-bit (19 Oct 2020)
Options in effect:
  --allow-extra-chr
  --double-id
  --make-bed
  --out binary_fileset
  --vcf /home/d669d153/work/towhees/admixture.mac5/towhee.mac5.vcf

Hostname: r04r20n14
Working directory: /panfs/pfs.local/work/bi/d669d153/towhees/admixture.mac5
Start time: Tue Mar  8 11:20:03 2022

Random number seed: 1646760003
64378 MB RAM detected; reserving 32189 MB for main workspace.
--vcf: binary_fileset-temporary.bed + binary_fileset-temporary.bim +
binary_fileset-temporary.fam written.
755 variants loaded from .bim file.
32 people (0 males, 0 females, 32 ambiguous) loaded from .fam.
Ambiguous sex IDs written to binary_fileset.nosex .
Using 1 thread (no multithreaded calculations invoked).
Before main variant filters, 32 founders and 0 nonfounders present.
Calculating allele frequencies... done.
Total genotyping rate is 0.930671.
755 variants and 32 people pass filters and QC.
Note: No phenotypes present.
--make-bed to binary_fileset.bed + binary_fileset.bim + binary_fileset.fam ...
done.

End time: Tue Mar  8 11:20:04 2022
