****                   ADMIXTURE Version 1.3.0                  ****
****                    Copyright 2008-2015                     ****
****           David Alexander, Suyash Shringarpure,            ****
****                John  Novembre, Ken Lange                   ****
****                                                            ****
****                 Please cite our paper!                     ****
****   Information at www.genetics.ucla.edu/software/admixture  ****

Cross-validation will be performed.  Folds=5.
Parallel execution requested.  Will use 5 threads.
Random seed: 43
Point estimation method: EM algorithm
Convergence acceleration algorithm: QuasiNewton, 3 secant conditions
Point estimation will terminate when objective function delta < 0.0001
Estimation of standard errors disabled; will compute point estimates only.
Size of G: 32x755
Performing five EM steps to prime main algorithm
1 (EM) 	Elapsed: 0.002	Loglikelihood: -19983.4	(delta): 19569.8
2 (EM) 	Elapsed: 0.002	Loglikelihood: -19218.2	(delta): 765.116
3 (EM) 	Elapsed: 0.002	Loglikelihood: -19000.2	(delta): 218.012
4 (EM) 	Elapsed: 0.002	Loglikelihood: -18893.1	(delta): 107.086
5 (EM) 	Elapsed: 0.002	Loglikelihood: -18833.8	(delta): 59.366
Initial loglikelihood: -18833.8
Starting main algorithm
1 (QN/EM) 	Elapsed: 0.003	Loglikelihood: -18769.6	(delta): 64.1627
2 (QN/EM) 	Elapsed: 0.003	Loglikelihood: -18727.5	(delta): 42.0953
3 (QN/EM) 	Elapsed: 0.004	Loglikelihood: -18689	(delta): 38.5148
4 (QN/EM) 	Elapsed: 0.003	Loglikelihood: -18617.9	(delta): 71.061
5 (QN/EM) 	Elapsed: 0.003	Loglikelihood: -18203.8	(delta): 414.12
6 (QN/EM) 	Elapsed: 0.003	Loglikelihood: -18124.1	(delta): 79.7116
7 (QN/EM) 	Elapsed: 0.003	Loglikelihood: -18052.2	(delta): 71.9531
8 (QN/EM) 	Elapsed: 0.003	Loglikelihood: -18001.2	(delta): 51.0088
9 (QN/EM) 	Elapsed: 0.003	Loglikelihood: -17974.1	(delta): 27.0699
10 (QN/EM) 	Elapsed: 0.003	Loglikelihood: -17963.6	(delta): 10.4479
11 (QN/EM) 	Elapsed: 0.003	Loglikelihood: -17954.8	(delta): 8.81502
12 (QN/EM) 	Elapsed: 0.002	Loglikelihood: -17947.9	(delta): 6.91172
13 (QN/EM) 	Elapsed: 0.002	Loglikelihood: -17939.5	(delta): 8.44458
14 (QN/EM) 	Elapsed: 0.002	Loglikelihood: -17934.8	(delta): 4.71202
15 (QN/EM) 	Elapsed: 0.002	Loglikelihood: -17931.6	(delta): 3.15987
16 (QN/EM) 	Elapsed: 0.002	Loglikelihood: -17928.4	(delta): 3.1705
17 (QN/EM) 	Elapsed: 0.002	Loglikelihood: -17925.7	(delta): 2.73383
18 (QN/EM) 	Elapsed: 0.003	Loglikelihood: -17924.8	(delta): 0.84183
19 (QN/EM) 	Elapsed: 0.002	Loglikelihood: -17922	(delta): 2.85713
20 (QN/EM) 	Elapsed: 0.002	Loglikelihood: -17920	(delta): 2.01728
21 (QN/EM) 	Elapsed: 0.002	Loglikelihood: -17918.9	(delta): 1.06987
22 (QN/EM) 	Elapsed: 0.002	Loglikelihood: -17918.4	(delta): 0.467232
23 (QN/EM) 	Elapsed: 0.002	Loglikelihood: -17917.4	(delta): 1.03411
24 (QN/EM) 	Elapsed: 0.002	Loglikelihood: -17915.4	(delta): 1.97201
25 (QN/EM) 	Elapsed: 0.002	Loglikelihood: -17915.1	(delta): 0.35061
26 (QN/EM) 	Elapsed: 0.002	Loglikelihood: -17913.9	(delta): 1.19186
27 (QN/EM) 	Elapsed: 0.002	Loglikelihood: -17913.1	(delta): 0.810643
28 (QN/EM) 	Elapsed: 0.002	Loglikelihood: -17912.6	(delta): 0.497222
29 (QN/EM) 	Elapsed: 0.002	Loglikelihood: -17912.4	(delta): 0.160394
30 (QN/EM) 	Elapsed: 0.002	Loglikelihood: -17911.9	(delta): 0.499173
31 (QN/EM) 	Elapsed: 0.002	Loglikelihood: -17911.4	(delta): 0.569111
32 (QN/EM) 	Elapsed: 0.002	Loglikelihood: -17911.1	(delta): 0.262193
33 (QN/EM) 	Elapsed: 0.002	Loglikelihood: -17910.4	(delta): 0.699024
34 (QN/EM) 	Elapsed: 0.002	Loglikelihood: -17910.1	(delta): 0.340687
35 (QN/EM) 	Elapsed: 0.002	Loglikelihood: -17910	(delta): 0.0730152
36 (QN/EM) 	Elapsed: 0.002	Loglikelihood: -17910	(delta): 0.0195167
37 (QN/EM) 	Elapsed: 0.002	Loglikelihood: -17909.8	(delta): 0.137199
38 (QN/EM) 	Elapsed: 0.002	Loglikelihood: -17909.7	(delta): 0.122359
39 (QN/EM) 	Elapsed: 0.002	Loglikelihood: -17909.6	(delta): 0.0577402
40 (QN/EM) 	Elapsed: 0.002	Loglikelihood: -17909.6	(delta): 0.0330997
41 (QN/EM) 	Elapsed: 0.002	Loglikelihood: -17909.5	(delta): 0.0870465
42 (QN/EM) 	Elapsed: 0.002	Loglikelihood: -17909.5	(delta): 0.011842
43 (QN/EM) 	Elapsed: 0.002	Loglikelihood: -17909.5	(delta): 0.00735262
44 (QN/EM) 	Elapsed: 0.001	Loglikelihood: -17909.4	(delta): 0.0837311
45 (QN/EM) 	Elapsed: 0.002	Loglikelihood: -17909.4	(delta): 0.0261405
46 (QN/EM) 	Elapsed: 0.002	Loglikelihood: -17909.4	(delta): 0.0249649
47 (QN/EM) 	Elapsed: 0.002	Loglikelihood: -17909.4	(delta): 0.0120895
48 (QN/EM) 	Elapsed: 0.001	Loglikelihood: -17909.3	(delta): 0.025702
49 (QN/EM) 	Elapsed: 0.001	Loglikelihood: -17909.2	(delta): 0.0946008
50 (QN/EM) 	Elapsed: 0.001	Loglikelihood: -17909.2	(delta): 0.0180216
51 (QN/EM) 	Elapsed: 0.001	Loglikelihood: -17909.2	(delta): 0.0207448
52 (QN/EM) 	Elapsed: 0.001	Loglikelihood: -17909.2	(delta): 0.0130653
53 (QN/EM) 	Elapsed: 0.001	Loglikelihood: -17909.2	(delta): 0.0131377
54 (QN/EM) 	Elapsed: 0.001	Loglikelihood: -17909.2	(delta): 0.00445318
55 (QN/EM) 	Elapsed: 0.001	Loglikelihood: -17909.2	(delta): 0.00823622
56 (QN/EM) 	Elapsed: 0.001	Loglikelihood: -17909.2	(delta): 0.00506419
57 (QN/EM) 	Elapsed: 0.001	Loglikelihood: -17909.1	(delta): 0.00449978
58 (QN/EM) 	Elapsed: 0.001	Loglikelihood: -17909.1	(delta): 0.00203796
59 (QN/EM) 	Elapsed: 0.001	Loglikelihood: -17909.1	(delta): 0.00193281
60 (QN/EM) 	Elapsed: 0.001	Loglikelihood: -17909.1	(delta): 0.00218363
61 (QN/EM) 	Elapsed: 0.001	Loglikelihood: -17909.1	(delta): 0.00216567
62 (QN/EM) 	Elapsed: 0.001	Loglikelihood: -17909.1	(delta): 0.00141025
63 (QN/EM) 	Elapsed: 0.001	Loglikelihood: -17909.1	(delta): 0.000944582
64 (QN/EM) 	Elapsed: 0.001	Loglikelihood: -17909.1	(delta): 0.00104981
65 (QN/EM) 	Elapsed: 0.001	Loglikelihood: -17909.1	(delta): 0.0025687
66 (QN/EM) 	Elapsed: 0.001	Loglikelihood: -17909.1	(delta): 0.000943858
67 (QN/EM) 	Elapsed: 0.001	Loglikelihood: -17909.1	(delta): 0.00103943
68 (QN/EM) 	Elapsed: 0.001	Loglikelihood: -17909.1	(delta): 0.000934819
69 (QN/EM) 	Elapsed: 0.001	Loglikelihood: -17909.1	(delta): 0.00578234
70 (QN/EM) 	Elapsed: 0.001	Loglikelihood: -17909.1	(delta): 0.00174206
71 (QN/EM) 	Elapsed: 0.001	Loglikelihood: -17909.1	(delta): 0.00249272
72 (QN/EM) 	Elapsed: 0.001	Loglikelihood: -17909.1	(delta): 0.00155215
73 (QN/EM) 	Elapsed: 0.001	Loglikelihood: -17909.1	(delta): 0.00168951
74 (QN/EM) 	Elapsed: 0.001	Loglikelihood: -17909.1	(delta): 0.0187655
75 (QN/EM) 	Elapsed: 0.001	Loglikelihood: -17909.1	(delta): 0.00215799
76 (QN/EM) 	Elapsed: 0.001	Loglikelihood: -17909.1	(delta): 0.000755685
77 (QN/EM) 	Elapsed: 0.001	Loglikelihood: -17909.1	(delta): 0.00100512
78 (QN/EM) 	Elapsed: 0.001	Loglikelihood: -17909.1	(delta): 0.00136324
79 (QN/EM) 	Elapsed: 0.001	Loglikelihood: -17909.1	(delta): 0.00197935
80 (QN/EM) 	Elapsed: 0.001	Loglikelihood: -17909.1	(delta): 0.000443854
81 (QN/EM) 	Elapsed: 0.001	Loglikelihood: -17909.1	(delta): 0.000762026
82 (QN/EM) 	Elapsed: 0.001	Loglikelihood: -17909.1	(delta): 0.000597626
83 (QN/EM) 	Elapsed: 0.001	Loglikelihood: -17909.1	(delta): 0.00258159
84 (QN/EM) 	Elapsed: 0.001	Loglikelihood: -17909.1	(delta): 0.000440318
85 (QN/EM) 	Elapsed: 0.001	Loglikelihood: -17909.1	(delta): 0.000536117
86 (QN/EM) 	Elapsed: 0.001	Loglikelihood: -17909.1	(delta): 0.000393551
87 (QN/EM) 	Elapsed: 0.001	Loglikelihood: -17909.1	(delta): 0.00197931
88 (QN/EM) 	Elapsed: 0.001	Loglikelihood: -17909.1	(delta): 0.000361932
89 (QN/EM) 	Elapsed: 0.001	Loglikelihood: -17909.1	(delta): 0.000443205
90 (QN/EM) 	Elapsed: 0.001	Loglikelihood: -17909.1	(delta): 0.000245664
91 (QN/EM) 	Elapsed: 0.001	Loglikelihood: -17909.1	(delta): 0.00180628
92 (QN/EM) 	Elapsed: 0.001	Loglikelihood: -17909.1	(delta): 0.000241707
93 (QN/EM) 	Elapsed: 0.001	Loglikelihood: -17909.1	(delta): 0.000458456
94 (QN/EM) 	Elapsed: 0.001	Loglikelihood: -17909.1	(delta): 0.000179433
95 (QN/EM) 	Elapsed: 0.001	Loglikelihood: -17909.1	(delta): 0.000853895
96 (QN/EM) 	Elapsed: 0.001	Loglikelihood: -17909.1	(delta): 0.000166802
97 (QN/EM) 	Elapsed: 0.001	Loglikelihood: -17909.1	(delta): 0.000404239
98 (QN/EM) 	Elapsed: 0.001	Loglikelihood: -17909.1	(delta): 0.000159707
99 (QN/EM) 	Elapsed: 0.001	Loglikelihood: -17909.1	(delta): 0.000605642
100 (QN/EM) 	Elapsed: 0.001	Loglikelihood: -17909.1	(delta): 0.000146839
101 (QN/EM) 	Elapsed: 0.001	Loglikelihood: -17909.1	(delta): 0.000378323
102 (QN/EM) 	Elapsed: 0.001	Loglikelihood: -17909.1	(delta): 0.000141664
103 (QN/EM) 	Elapsed: 0.001	Loglikelihood: -17909.1	(delta): 0.000366629
104 (QN/EM) 	Elapsed: 0.001	Loglikelihood: -17909.1	(delta): 0.000119516
105 (QN/EM) 	Elapsed: 0.001	Loglikelihood: -17909.1	(delta): 0.000321366
106 (QN/EM) 	Elapsed: 0.001	Loglikelihood: -17909.1	(delta): 0.000132127
107 (QN/EM) 	Elapsed: 0.001	Loglikelihood: -17909.1	(delta): 0.000308356
108 (QN/EM) 	Elapsed: 0.001	Loglikelihood: -17909.1	(delta): 9.62103e-05
Summary: 
Converged in 108 iterations (0.261 sec)
Loglikelihood: -17909.074740
Fst divergences between estimated populations: 
	Pop0	
Pop0	
Pop1	0.145	
CV error (K=2): 0.66257
Writing output files.
