****                   ADMIXTURE Version 1.3.0                  ****
****                    Copyright 2008-2015                     ****
****           David Alexander, Suyash Shringarpure,            ****
****                John  Novembre, Ken Lange                   ****
****                                                            ****
****                 Please cite our paper!                     ****
****   Information at www.genetics.ucla.edu/software/admixture  ****

Cross-validation will be performed.  Folds=5.
Parallel execution requested.  Will use 5 threads.
Random seed: 43
Point estimation method: EM algorithm
Convergence acceleration algorithm: QuasiNewton, 3 secant conditions
Point estimation will terminate when objective function delta < 0.0001
Estimation of standard errors disabled; will compute point estimates only.
Size of G: 32x755
Performing five EM steps to prime main algorithm
1 (EM) 	Elapsed: 0.002	Loglikelihood: -20276.2	(delta): 15947.8
2 (EM) 	Elapsed: 0.002	Loglikelihood: -19318.5	(delta): 957.679
3 (EM) 	Elapsed: 0.002	Loglikelihood: -19011.7	(delta): 306.759
4 (EM) 	Elapsed: 0.002	Loglikelihood: -18828.5	(delta): 183.273
5 (EM) 	Elapsed: 0.002	Loglikelihood: -18697.2	(delta): 131.274
Initial loglikelihood: -18697.2
Starting main algorithm
1 (QN/EM) 	Elapsed: 0.005	Loglikelihood: -18521.4	(delta): 175.808
2 (QN/EM) 	Elapsed: 0.005	Loglikelihood: -18410.2	(delta): 111.164
3 (QN/EM) 	Elapsed: 0.006	Loglikelihood: -18048.4	(delta): 361.856
4 (QN/EM) 	Elapsed: 0.005	Loglikelihood: -17901	(delta): 147.38
5 (QN/EM) 	Elapsed: 0.005	Loglikelihood: -17793.2	(delta): 107.724
6 (QN/EM) 	Elapsed: 0.004	Loglikelihood: -17632.8	(delta): 160.462
7 (QN/EM) 	Elapsed: 0.005	Loglikelihood: -17533.5	(delta): 99.2413
8 (QN/EM) 	Elapsed: 0.004	Loglikelihood: -17496.7	(delta): 36.8072
9 (QN/EM) 	Elapsed: 0.004	Loglikelihood: -17437.4	(delta): 59.3251
10 (QN/EM) 	Elapsed: 0.004	Loglikelihood: -17413.5	(delta): 23.9553
11 (QN/EM) 	Elapsed: 0.004	Loglikelihood: -17391.6	(delta): 21.8122
12 (QN/EM) 	Elapsed: 0.004	Loglikelihood: -17375.8	(delta): 15.8763
13 (QN/EM) 	Elapsed: 0.004	Loglikelihood: -17361.7	(delta): 14.0325
14 (QN/EM) 	Elapsed: 0.004	Loglikelihood: -17344.7	(delta): 17.0163
15 (QN/EM) 	Elapsed: 0.004	Loglikelihood: -17330.3	(delta): 14.455
16 (QN/EM) 	Elapsed: 0.004	Loglikelihood: -17317.1	(delta): 13.1205
17 (QN/EM) 	Elapsed: 0.003	Loglikelihood: -17306	(delta): 11.1704
18 (QN/EM) 	Elapsed: 0.003	Loglikelihood: -17297.8	(delta): 8.18476
19 (QN/EM) 	Elapsed: 0.003	Loglikelihood: -17292.3	(delta): 5.45701
20 (QN/EM) 	Elapsed: 0.003	Loglikelihood: -17288.9	(delta): 3.45639
21 (QN/EM) 	Elapsed: 0.003	Loglikelihood: -17287.1	(delta): 1.78161
22 (QN/EM) 	Elapsed: 0.003	Loglikelihood: -17280.9	(delta): 6.17268
23 (QN/EM) 	Elapsed: 0.003	Loglikelihood: -17276.3	(delta): 4.64922
24 (QN/EM) 	Elapsed: 0.003	Loglikelihood: -17270.6	(delta): 5.6663
25 (QN/EM) 	Elapsed: 0.003	Loglikelihood: -17265.1	(delta): 5.50223
26 (QN/EM) 	Elapsed: 0.003	Loglikelihood: -17259.9	(delta): 5.16838
27 (QN/EM) 	Elapsed: 0.003	Loglikelihood: -17255.6	(delta): 4.37063
28 (QN/EM) 	Elapsed: 0.003	Loglikelihood: -17252	(delta): 3.52263
29 (QN/EM) 	Elapsed: 0.003	Loglikelihood: -17248	(delta): 4.08938
30 (QN/EM) 	Elapsed: 0.003	Loglikelihood: -17246.7	(delta): 1.23888
31 (QN/EM) 	Elapsed: 0.003	Loglikelihood: -17242.1	(delta): 4.61201
32 (QN/EM) 	Elapsed: 0.003	Loglikelihood: -17239.3	(delta): 2.78463
33 (QN/EM) 	Elapsed: 0.003	Loglikelihood: -17237	(delta): 2.29381
34 (QN/EM) 	Elapsed: 0.003	Loglikelihood: -17236.6	(delta): 0.470316
35 (QN/EM) 	Elapsed: 0.003	Loglikelihood: -17234.1	(delta): 2.49083
36 (QN/EM) 	Elapsed: 0.003	Loglikelihood: -17231.5	(delta): 2.58851
37 (QN/EM) 	Elapsed: 0.002	Loglikelihood: -17230	(delta): 1.43233
38 (QN/EM) 	Elapsed: 0.002	Loglikelihood: -17229	(delta): 1.00553
39 (QN/EM) 	Elapsed: 0.002	Loglikelihood: -17228.3	(delta): 0.75706
40 (QN/EM) 	Elapsed: 0.002	Loglikelihood: -17227.5	(delta): 0.7598
41 (QN/EM) 	Elapsed: 0.002	Loglikelihood: -17226.8	(delta): 0.733205
42 (QN/EM) 	Elapsed: 0.002	Loglikelihood: -17226.4	(delta): 0.365026
43 (QN/EM) 	Elapsed: 0.003	Loglikelihood: -17226.3	(delta): 0.137945
44 (QN/EM) 	Elapsed: 0.002	Loglikelihood: -17225.3	(delta): 0.958171
45 (QN/EM) 	Elapsed: 0.003	Loglikelihood: -17225.1	(delta): 0.17622
46 (QN/EM) 	Elapsed: 0.003	Loglikelihood: -17225	(delta): 0.129368
47 (QN/EM) 	Elapsed: 0.003	Loglikelihood: -17224.9	(delta): 0.132954
48 (QN/EM) 	Elapsed: 0.002	Loglikelihood: -17223.9	(delta): 0.960657
49 (QN/EM) 	Elapsed: 0.003	Loglikelihood: -17223.5	(delta): 0.376122
50 (QN/EM) 	Elapsed: 0.003	Loglikelihood: -17223.3	(delta): 0.23616
51 (QN/EM) 	Elapsed: 0.002	Loglikelihood: -17222.1	(delta): 1.19093
52 (QN/EM) 	Elapsed: 0.002	Loglikelihood: -17220.9	(delta): 1.21004
53 (QN/EM) 	Elapsed: 0.003	Loglikelihood: -17220.1	(delta): 0.836158
54 (QN/EM) 	Elapsed: 0.002	Loglikelihood: -17218.8	(delta): 1.29036
55 (QN/EM) 	Elapsed: 0.003	Loglikelihood: -17218.5	(delta): 0.257969
56 (QN/EM) 	Elapsed: 0.003	Loglikelihood: -17218.3	(delta): 0.199104
57 (QN/EM) 	Elapsed: 0.003	Loglikelihood: -17218.1	(delta): 0.199284
58 (QN/EM) 	Elapsed: 0.003	Loglikelihood: -17217.9	(delta): 0.217553
59 (QN/EM) 	Elapsed: 0.002	Loglikelihood: -17217.4	(delta): 0.497769
60 (QN/EM) 	Elapsed: 0.003	Loglikelihood: -17217.1	(delta): 0.272115
61 (QN/EM) 	Elapsed: 0.002	Loglikelihood: -17216.9	(delta): 0.240505
62 (QN/EM) 	Elapsed: 0.002	Loglikelihood: -17215.1	(delta): 1.79044
63 (QN/EM) 	Elapsed: 0.003	Loglikelihood: -17214.7	(delta): 0.393413
64 (QN/EM) 	Elapsed: 0.002	Loglikelihood: -17213.5	(delta): 1.18601
65 (QN/EM) 	Elapsed: 0.003	Loglikelihood: -17213.2	(delta): 0.305539
66 (QN/EM) 	Elapsed: 0.003	Loglikelihood: -17213	(delta): 0.263723
67 (QN/EM) 	Elapsed: 0.002	Loglikelihood: -17211.6	(delta): 1.36976
68 (QN/EM) 	Elapsed: 0.002	Loglikelihood: -17210.7	(delta): 0.908328
69 (QN/EM) 	Elapsed: 0.002	Loglikelihood: -17209.8	(delta): 0.882493
70 (QN/EM) 	Elapsed: 0.002	Loglikelihood: -17209	(delta): 0.757609
71 (QN/EM) 	Elapsed: 0.003	Loglikelihood: -17208.8	(delta): 0.276894
72 (QN/EM) 	Elapsed: 0.002	Loglikelihood: -17207.1	(delta): 1.62656
73 (QN/EM) 	Elapsed: 0.003	Loglikelihood: -17206.6	(delta): 0.568256
74 (QN/EM) 	Elapsed: 0.003	Loglikelihood: -17206.2	(delta): 0.323531
75 (QN/EM) 	Elapsed: 0.002	Loglikelihood: -17204.2	(delta): 2.07884
76 (QN/EM) 	Elapsed: 0.003	Loglikelihood: -17203.3	(delta): 0.859064
77 (QN/EM) 	Elapsed: 0.002	Loglikelihood: -17201.6	(delta): 1.73177
78 (QN/EM) 	Elapsed: 0.003	Loglikelihood: -17201.1	(delta): 0.50318
79 (QN/EM) 	Elapsed: 0.002	Loglikelihood: -17198.2	(delta): 2.8774
80 (QN/EM) 	Elapsed: 0.002	Loglikelihood: -17195.7	(delta): 2.49931
81 (QN/EM) 	Elapsed: 0.002	Loglikelihood: -17194.3	(delta): 1.39436
82 (QN/EM) 	Elapsed: 0.003	Loglikelihood: -17193.8	(delta): 0.480478
83 (QN/EM) 	Elapsed: 0.002	Loglikelihood: -17193.1	(delta): 0.683961
84 (QN/EM) 	Elapsed: 0.002	Loglikelihood: -17192.7	(delta): 0.421733
85 (QN/EM) 	Elapsed: 0.002	Loglikelihood: -17192.5	(delta): 0.233985
86 (QN/EM) 	Elapsed: 0.002	Loglikelihood: -17192.2	(delta): 0.242331
87 (QN/EM) 	Elapsed: 0.002	Loglikelihood: -17191.8	(delta): 0.399298
88 (QN/EM) 	Elapsed: 0.002	Loglikelihood: -17191.3	(delta): 0.506898
89 (QN/EM) 	Elapsed: 0.002	Loglikelihood: -17190.6	(delta): 0.748798
90 (QN/EM) 	Elapsed: 0.002	Loglikelihood: -17190.3	(delta): 0.257934
91 (QN/EM) 	Elapsed: 0.002	Loglikelihood: -17190.2	(delta): 0.106118
92 (QN/EM) 	Elapsed: 0.002	Loglikelihood: -17190.1	(delta): 0.147545
93 (QN/EM) 	Elapsed: 0.002	Loglikelihood: -17190	(delta): 0.12415
94 (QN/EM) 	Elapsed: 0.002	Loglikelihood: -17189.9	(delta): 0.0780537
95 (QN/EM) 	Elapsed: 0.002	Loglikelihood: -17189.8	(delta): 0.0948089
96 (QN/EM) 	Elapsed: 0.002	Loglikelihood: -17189.4	(delta): 0.337692
97 (QN/EM) 	Elapsed: 0.002	Loglikelihood: -17189.3	(delta): 0.123183
98 (QN/EM) 	Elapsed: 0.002	Loglikelihood: -17189.3	(delta): 0.0232744
99 (QN/EM) 	Elapsed: 0.002	Loglikelihood: -17189.2	(delta): 0.0815782
100 (QN/EM) 	Elapsed: 0.002	Loglikelihood: -17189.1	(delta): 0.107584
101 (QN/EM) 	Elapsed: 0.003	Loglikelihood: -17189	(delta): 0.0988036
102 (QN/EM) 	Elapsed: 0.002	Loglikelihood: -17188.9	(delta): 0.0659973
103 (QN/EM) 	Elapsed: 0.002	Loglikelihood: -17188.9	(delta): 0.0220458
104 (QN/EM) 	Elapsed: 0.003	Loglikelihood: -17188.9	(delta): 0.0662018
105 (QN/EM) 	Elapsed: 0.003	Loglikelihood: -17188.8	(delta): 0.0207445
106 (QN/EM) 	Elapsed: 0.002	Loglikelihood: -17188.8	(delta): 0.0495092
107 (QN/EM) 	Elapsed: 0.003	Loglikelihood: -17188.8	(delta): 0.0094341
108 (QN/EM) 	Elapsed: 0.003	Loglikelihood: -17188.8	(delta): 0.00891108
109 (QN/EM) 	Elapsed: 0.003	Loglikelihood: -17188.8	(delta): 0.00913389
110 (QN/EM) 	Elapsed: 0.003	Loglikelihood: -17188.7	(delta): 0.00959701
111 (QN/EM) 	Elapsed: 0.002	Loglikelihood: -17188.7	(delta): 0.0666979
112 (QN/EM) 	Elapsed: 0.003	Loglikelihood: -17188.7	(delta): 0.0131094
113 (QN/EM) 	Elapsed: 0.003	Loglikelihood: -17188.7	(delta): 0.0129188
114 (QN/EM) 	Elapsed: 0.003	Loglikelihood: -17188.6	(delta): 0.0132027
115 (QN/EM) 	Elapsed: 0.003	Loglikelihood: -17188.6	(delta): 0.0137115
116 (QN/EM) 	Elapsed: 0.003	Loglikelihood: -17188.6	(delta): 0.0143671
117 (QN/EM) 	Elapsed: 0.003	Loglikelihood: -17188.6	(delta): 0.0151326
118 (QN/EM) 	Elapsed: 0.003	Loglikelihood: -17188.6	(delta): 0.0160047
119 (QN/EM) 	Elapsed: 0.003	Loglikelihood: -17188.6	(delta): 0.0169326
120 (QN/EM) 	Elapsed: 0.003	Loglikelihood: -17188.5	(delta): 0.017869
121 (QN/EM) 	Elapsed: 0.003	Loglikelihood: -17188.5	(delta): 0.0187735
122 (QN/EM) 	Elapsed: 0.003	Loglikelihood: -17188.5	(delta): 0.0196361
123 (QN/EM) 	Elapsed: 0.003	Loglikelihood: -17188.5	(delta): 0.0204914
124 (QN/EM) 	Elapsed: 0.003	Loglikelihood: -17188.5	(delta): 0.0214191
125 (QN/EM) 	Elapsed: 0.003	Loglikelihood: -17188.4	(delta): 0.0225289
126 (QN/EM) 	Elapsed: 0.003	Loglikelihood: -17188.4	(delta): 0.0239259
127 (QN/EM) 	Elapsed: 0.003	Loglikelihood: -17188.4	(delta): 0.0256538
128 (QN/EM) 	Elapsed: 0.003	Loglikelihood: -17188.4	(delta): 0.0276173
129 (QN/EM) 	Elapsed: 0.003	Loglikelihood: -17188.3	(delta): 0.0295458
130 (QN/EM) 	Elapsed: 0.003	Loglikelihood: -17188.2	(delta): 0.0945093
131 (QN/EM) 	Elapsed: 0.003	Loglikelihood: -17187.8	(delta): 0.396151
132 (QN/EM) 	Elapsed: 0.003	Loglikelihood: -17187.4	(delta): 0.451267
133 (QN/EM) 	Elapsed: 0.002	Loglikelihood: -17187.3	(delta): 0.0953316
134 (QN/EM) 	Elapsed: 0.003	Loglikelihood: -17187.3	(delta): 0.0472499
135 (QN/EM) 	Elapsed: 0.002	Loglikelihood: -17186.4	(delta): 0.897903
136 (QN/EM) 	Elapsed: 0.002	Loglikelihood: -17185.4	(delta): 0.967659
137 (QN/EM) 	Elapsed: 0.003	Loglikelihood: -17185.3	(delta): 0.0943661
138 (QN/EM) 	Elapsed: 0.002	Loglikelihood: -17185.3	(delta): 0.00435208
139 (QN/EM) 	Elapsed: 0.002	Loglikelihood: -17185.3	(delta): 0.00595834
140 (QN/EM) 	Elapsed: 0.002	Loglikelihood: -17185.3	(delta): 0.0202992
141 (QN/EM) 	Elapsed: 0.003	Loglikelihood: -17185.3	(delta): 0.00358202
142 (QN/EM) 	Elapsed: 0.003	Loglikelihood: -17185.3	(delta): 0.00300064
143 (QN/EM) 	Elapsed: 0.002	Loglikelihood: -17185.2	(delta): 0.00994879
144 (QN/EM) 	Elapsed: 0.002	Loglikelihood: -17185.2	(delta): 0.0236647
145 (QN/EM) 	Elapsed: 0.003	Loglikelihood: -17185.2	(delta): 0.0137381
146 (QN/EM) 	Elapsed: 0.002	Loglikelihood: -17185.2	(delta): 0.02979
147 (QN/EM) 	Elapsed: 0.002	Loglikelihood: -17185.2	(delta): 0.00839239
148 (QN/EM) 	Elapsed: 0.002	Loglikelihood: -17185.2	(delta): 0.0131565
149 (QN/EM) 	Elapsed: 0.002	Loglikelihood: -17185.2	(delta): 0.00369735
150 (QN/EM) 	Elapsed: 0.003	Loglikelihood: -17185.2	(delta): 0.00193826
151 (QN/EM) 	Elapsed: 0.003	Loglikelihood: -17185.1	(delta): 0.00235105
152 (QN/EM) 	Elapsed: 0.002	Loglikelihood: -17185.1	(delta): 0.020799
153 (QN/EM) 	Elapsed: 0.002	Loglikelihood: -17185	(delta): 0.0833387
154 (QN/EM) 	Elapsed: 0.003	Loglikelihood: -17185	(delta): 0.0349298
155 (QN/EM) 	Elapsed: 0.002	Loglikelihood: -17185	(delta): 0.0465224
156 (QN/EM) 	Elapsed: 0.003	Loglikelihood: -17184.9	(delta): 0.0246247
157 (QN/EM) 	Elapsed: 0.003	Loglikelihood: -17184.9	(delta): 0.0221811
158 (QN/EM) 	Elapsed: 0.002	Loglikelihood: -17184.9	(delta): 0.0545571
159 (QN/EM) 	Elapsed: 0.003	Loglikelihood: -17184.8	(delta): 0.0120941
160 (QN/EM) 	Elapsed: 0.003	Loglikelihood: -17184.8	(delta): 0.0103012
161 (QN/EM) 	Elapsed: 0.003	Loglikelihood: -17184.8	(delta): 0.0101694
162 (QN/EM) 	Elapsed: 0.003	Loglikelihood: -17184.8	(delta): 0.0102552
163 (QN/EM) 	Elapsed: 0.003	Loglikelihood: -17184.8	(delta): 0.0103666
164 (QN/EM) 	Elapsed: 0.002	Loglikelihood: -17184.8	(delta): 0.0111805
165 (QN/EM) 	Elapsed: 0.003	Loglikelihood: -17184.3	(delta): 0.477736
166 (QN/EM) 	Elapsed: 0.003	Loglikelihood: -17184.3	(delta): 0.0136498
167 (QN/EM) 	Elapsed: 0.002	Loglikelihood: -17184.3	(delta): 0.033033
168 (QN/EM) 	Elapsed: 0.002	Loglikelihood: -17184.1	(delta): 0.129739
169 (QN/EM) 	Elapsed: 0.003	Loglikelihood: -17184.1	(delta): 0.00858633
170 (QN/EM) 	Elapsed: 0.002	Loglikelihood: -17184	(delta): 0.151871
171 (QN/EM) 	Elapsed: 0.002	Loglikelihood: -17184	(delta): 0.0162153
172 (QN/EM) 	Elapsed: 0.003	Loglikelihood: -17184	(delta): 0.00552712
173 (QN/EM) 	Elapsed: 0.002	Loglikelihood: -17183.9	(delta): 0.0691612
174 (QN/EM) 	Elapsed: 0.002	Loglikelihood: -17183.7	(delta): 0.159823
175 (QN/EM) 	Elapsed: 0.003	Loglikelihood: -17183.7	(delta): 0.0149423
176 (QN/EM) 	Elapsed: 0.002	Loglikelihood: -17183.7	(delta): 0.000305584
177 (QN/EM) 	Elapsed: 0.002	Loglikelihood: -17183.7	(delta): 0.000592587
178 (QN/EM) 	Elapsed: 0.002	Loglikelihood: -17183.7	(delta): 0.000243766
179 (QN/EM) 	Elapsed: 0.002	Loglikelihood: -17183.7	(delta): 0.000636885
180 (QN/EM) 	Elapsed: 0.002	Loglikelihood: -17183.7	(delta): 0.0004096
181 (QN/EM) 	Elapsed: 0.002	Loglikelihood: -17183.7	(delta): 0.000476932
182 (QN/EM) 	Elapsed: 0.002	Loglikelihood: -17183.7	(delta): 0.00066701
183 (QN/EM) 	Elapsed: 0.002	Loglikelihood: -17183.7	(delta): 0.000614982
184 (QN/EM) 	Elapsed: 0.002	Loglikelihood: -17183.7	(delta): 0.000341421
185 (QN/EM) 	Elapsed: 0.002	Loglikelihood: -17183.7	(delta): 0.000369128
186 (QN/EM) 	Elapsed: 0.002	Loglikelihood: -17183.7	(delta): 0.000382616
187 (QN/EM) 	Elapsed: 0.002	Loglikelihood: -17183.7	(delta): 0.00044533
188 (QN/EM) 	Elapsed: 0.002	Loglikelihood: -17183.7	(delta): 0.000314104
189 (QN/EM) 	Elapsed: 0.002	Loglikelihood: -17183.7	(delta): 0.000312384
190 (QN/EM) 	Elapsed: 0.002	Loglikelihood: -17183.7	(delta): 0.000328179
191 (QN/EM) 	Elapsed: 0.002	Loglikelihood: -17183.7	(delta): 0.000381929
192 (QN/EM) 	Elapsed: 0.002	Loglikelihood: -17183.7	(delta): 0.000269949
193 (QN/EM) 	Elapsed: 0.002	Loglikelihood: -17183.7	(delta): 0.000273201
194 (QN/EM) 	Elapsed: 0.002	Loglikelihood: -17183.7	(delta): 0.000249585
195 (QN/EM) 	Elapsed: 0.002	Loglikelihood: -17183.7	(delta): 0.000380935
196 (QN/EM) 	Elapsed: 0.002	Loglikelihood: -17183.7	(delta): 0.000230744
197 (QN/EM) 	Elapsed: 0.002	Loglikelihood: -17183.7	(delta): 0.000261449
198 (QN/EM) 	Elapsed: 0.002	Loglikelihood: -17183.7	(delta): 0.000207742
199 (QN/EM) 	Elapsed: 0.002	Loglikelihood: -17183.7	(delta): 0.000367335
200 (QN/EM) 	Elapsed: 0.002	Loglikelihood: -17183.7	(delta): 0.000235455
201 (QN/EM) 	Elapsed: 0.002	Loglikelihood: -17183.7	(delta): 0.000240875
202 (QN/EM) 	Elapsed: 0.002	Loglikelihood: -17183.7	(delta): 0.000200168
203 (QN/EM) 	Elapsed: 0.002	Loglikelihood: -17183.7	(delta): 0.000340739
204 (QN/EM) 	Elapsed: 0.002	Loglikelihood: -17183.7	(delta): 0.00023145
205 (QN/EM) 	Elapsed: 0.002	Loglikelihood: -17183.7	(delta): 0.000223716
206 (QN/EM) 	Elapsed: 0.002	Loglikelihood: -17183.7	(delta): 0.000178115
207 (QN/EM) 	Elapsed: 0.002	Loglikelihood: -17183.7	(delta): 0.000319738
208 (QN/EM) 	Elapsed: 0.002	Loglikelihood: -17183.7	(delta): 0.000195828
209 (QN/EM) 	Elapsed: 0.002	Loglikelihood: -17183.7	(delta): 0.00018849
210 (QN/EM) 	Elapsed: 0.002	Loglikelihood: -17183.7	(delta): 0.000146297
211 (QN/EM) 	Elapsed: 0.002	Loglikelihood: -17183.7	(delta): 0.000275027
212 (QN/EM) 	Elapsed: 0.002	Loglikelihood: -17183.7	(delta): 0.000155022
213 (QN/EM) 	Elapsed: 0.002	Loglikelihood: -17183.7	(delta): 0.000139298
214 (QN/EM) 	Elapsed: 0.002	Loglikelihood: -17183.7	(delta): 0.000112622
215 (QN/EM) 	Elapsed: 0.002	Loglikelihood: -17183.7	(delta): 0.000215387
216 (QN/EM) 	Elapsed: 0.002	Loglikelihood: -17183.7	(delta): 0.000118127
217 (QN/EM) 	Elapsed: 0.002	Loglikelihood: -17183.7	(delta): 0.000100042
218 (QN/EM) 	Elapsed: 0.002	Loglikelihood: -17183.7	(delta): 8.19241e-05
Summary: 
Converged in 218 iterations (0.723 sec)
Loglikelihood: -17183.703559
Fst divergences between estimated populations: 
	Pop0	Pop1	
Pop0	
Pop1	0.166	
Pop2	0.124	0.164	
CV error (K=3): 0.80748
Writing output files.
