****                   ADMIXTURE Version 1.3.0                  ****
****                    Copyright 2008-2015                     ****
****           David Alexander, Suyash Shringarpure,            ****
****                John  Novembre, Ken Lange                   ****
****                                                            ****
****                 Please cite our paper!                     ****
****   Information at www.genetics.ucla.edu/software/admixture  ****

Cross-validation will be performed.  Folds=5.
Parallel execution requested.  Will use 5 threads.
Random seed: 43
Point estimation method: EM algorithm
Convergence acceleration algorithm: QuasiNewton, 3 secant conditions
Point estimation will terminate when objective function delta < 0.0001
Estimation of standard errors disabled; will compute point estimates only.
Size of G: 32x755
Performing five EM steps to prime main algorithm
1 (EM) 	Elapsed: 0.002	Loglikelihood: -20204.5	(delta): 13463.3
2 (EM) 	Elapsed: 0.002	Loglikelihood: -19192.1	(delta): 1012.44
3 (EM) 	Elapsed: 0.002	Loglikelihood: -18836.8	(delta): 355.342
4 (EM) 	Elapsed: 0.002	Loglikelihood: -18592.7	(delta): 244.093
5 (EM) 	Elapsed: 0.002	Loglikelihood: -18401.3	(delta): 191.364
Initial loglikelihood: -18401.3
Starting main algorithm
1 (QN/EM) 	Elapsed: 0.005	Loglikelihood: -18110.5	(delta): 290.758
2 (QN/EM) 	Elapsed: 0.005	Loglikelihood: -17892.4	(delta): 218.152
3 (QN/EM) 	Elapsed: 0.006	Loglikelihood: -17404.3	(delta): 488.129
4 (QN/EM) 	Elapsed: 0.005	Loglikelihood: -17287	(delta): 117.272
5 (QN/EM) 	Elapsed: 0.005	Loglikelihood: -17140	(delta): 146.981
6 (QN/EM) 	Elapsed: 0.005	Loglikelihood: -16937.7	(delta): 202.356
7 (QN/EM) 	Elapsed: 0.005	Loglikelihood: -16848.1	(delta): 89.5243
8 (QN/EM) 	Elapsed: 0.005	Loglikelihood: -16804.4	(delta): 43.731
9 (QN/EM) 	Elapsed: 0.005	Loglikelihood: -16774.5	(delta): 29.8725
10 (QN/EM) 	Elapsed: 0.005	Loglikelihood: -16755.6	(delta): 18.9706
11 (QN/EM) 	Elapsed: 0.005	Loglikelihood: -16699.1	(delta): 56.4402
12 (QN/EM) 	Elapsed: 0.005	Loglikelihood: -16654.9	(delta): 44.2413
13 (QN/EM) 	Elapsed: 0.004	Loglikelihood: -16633.4	(delta): 21.5116
14 (QN/EM) 	Elapsed: 0.004	Loglikelihood: -16598.7	(delta): 34.6569
15 (QN/EM) 	Elapsed: 0.004	Loglikelihood: -16572	(delta): 26.7057
16 (QN/EM) 	Elapsed: 0.004	Loglikelihood: -16547	(delta): 25.0067
17 (QN/EM) 	Elapsed: 0.004	Loglikelihood: -16534.1	(delta): 12.8834
18 (QN/EM) 	Elapsed: 0.004	Loglikelihood: -16521.5	(delta): 12.5905
19 (QN/EM) 	Elapsed: 0.004	Loglikelihood: -16514	(delta): 7.54707
20 (QN/EM) 	Elapsed: 0.004	Loglikelihood: -16502.8	(delta): 11.2223
21 (QN/EM) 	Elapsed: 0.004	Loglikelihood: -16498.9	(delta): 3.84729
22 (QN/EM) 	Elapsed: 0.004	Loglikelihood: -16485	(delta): 13.9403
23 (QN/EM) 	Elapsed: 0.005	Loglikelihood: -16478.9	(delta): 6.02845
24 (QN/EM) 	Elapsed: 0.005	Loglikelihood: -16477	(delta): 1.92478
25 (QN/EM) 	Elapsed: 0.004	Loglikelihood: -16469.6	(delta): 7.43472
26 (QN/EM) 	Elapsed: 0.004	Loglikelihood: -16463.6	(delta): 5.97481
27 (QN/EM) 	Elapsed: 0.004	Loglikelihood: -16458.3	(delta): 5.34024
28 (QN/EM) 	Elapsed: 0.004	Loglikelihood: -16454.6	(delta): 3.64828
29 (QN/EM) 	Elapsed: 0.004	Loglikelihood: -16446.7	(delta): 7.89484
30 (QN/EM) 	Elapsed: 0.004	Loglikelihood: -16441.8	(delta): 4.93336
31 (QN/EM) 	Elapsed: 0.004	Loglikelihood: -16436.4	(delta): 5.36151
32 (QN/EM) 	Elapsed: 0.005	Loglikelihood: -16434.1	(delta): 2.36179
33 (QN/EM) 	Elapsed: 0.004	Loglikelihood: -16430.8	(delta): 3.28119
34 (QN/EM) 	Elapsed: 0.004	Loglikelihood: -16425.7	(delta): 5.03775
35 (QN/EM) 	Elapsed: 0.004	Loglikelihood: -16419.8	(delta): 5.95023
36 (QN/EM) 	Elapsed: 0.004	Loglikelihood: -16414.9	(delta): 4.86932
37 (QN/EM) 	Elapsed: 0.004	Loglikelihood: -16411.3	(delta): 3.63473
38 (QN/EM) 	Elapsed: 0.004	Loglikelihood: -16408.7	(delta): 2.54611
39 (QN/EM) 	Elapsed: 0.005	Loglikelihood: -16407.2	(delta): 1.54231
40 (QN/EM) 	Elapsed: 0.004	Loglikelihood: -16404.6	(delta): 2.62203
41 (QN/EM) 	Elapsed: 0.005	Loglikelihood: -16403.1	(delta): 1.46649
42 (QN/EM) 	Elapsed: 0.005	Loglikelihood: -16401.6	(delta): 1.465
43 (QN/EM) 	Elapsed: 0.004	Loglikelihood: -16394.2	(delta): 7.41974
44 (QN/EM) 	Elapsed: 0.004	Loglikelihood: -16389.1	(delta): 5.10175
45 (QN/EM) 	Elapsed: 0.004	Loglikelihood: -16384.1	(delta): 5.03264
46 (QN/EM) 	Elapsed: 0.004	Loglikelihood: -16381.2	(delta): 2.8864
47 (QN/EM) 	Elapsed: 0.004	Loglikelihood: -16378.4	(delta): 2.83933
48 (QN/EM) 	Elapsed: 0.004	Loglikelihood: -16376.7	(delta): 1.70347
49 (QN/EM) 	Elapsed: 0.004	Loglikelihood: -16371.4	(delta): 5.21783
50 (QN/EM) 	Elapsed: 0.004	Loglikelihood: -16367	(delta): 4.43474
51 (QN/EM) 	Elapsed: 0.005	Loglikelihood: -16365.4	(delta): 1.60298
52 (QN/EM) 	Elapsed: 0.004	Loglikelihood: -16362.9	(delta): 2.53738
53 (QN/EM) 	Elapsed: 0.004	Loglikelihood: -16360.8	(delta): 2.07433
54 (QN/EM) 	Elapsed: 0.005	Loglikelihood: -16359.6	(delta): 1.21423
55 (QN/EM) 	Elapsed: 0.004	Loglikelihood: -16354	(delta): 5.59499
56 (QN/EM) 	Elapsed: 0.004	Loglikelihood: -16350.6	(delta): 3.38111
57 (QN/EM) 	Elapsed: 0.004	Loglikelihood: -16348.4	(delta): 2.17052
58 (QN/EM) 	Elapsed: 0.004	Loglikelihood: -16347.2	(delta): 1.2792
59 (QN/EM) 	Elapsed: 0.005	Loglikelihood: -16346.1	(delta): 1.08256
60 (QN/EM) 	Elapsed: 0.005	Loglikelihood: -16340.1	(delta): 5.94365
61 (QN/EM) 	Elapsed: 0.004	Loglikelihood: -16338.4	(delta): 1.72405
62 (QN/EM) 	Elapsed: 0.004	Loglikelihood: -16337.3	(delta): 1.07319
63 (QN/EM) 	Elapsed: 0.005	Loglikelihood: -16336.7	(delta): 0.627824
64 (QN/EM) 	Elapsed: 0.004	Loglikelihood: -16335.1	(delta): 1.57353
65 (QN/EM) 	Elapsed: 0.004	Loglikelihood: -16334.3	(delta): 0.795776
66 (QN/EM) 	Elapsed: 0.004	Loglikelihood: -16332.4	(delta): 1.96041
67 (QN/EM) 	Elapsed: 0.005	Loglikelihood: -16329.6	(delta): 2.73034
68 (QN/EM) 	Elapsed: 0.004	Loglikelihood: -16329	(delta): 0.661581
69 (QN/EM) 	Elapsed: 0.005	Loglikelihood: -16328.7	(delta): 0.291968
70 (QN/EM) 	Elapsed: 0.004	Loglikelihood: -16327.4	(delta): 1.25218
71 (QN/EM) 	Elapsed: 0.005	Loglikelihood: -16325.8	(delta): 1.62979
72 (QN/EM) 	Elapsed: 0.005	Loglikelihood: -16325.4	(delta): 0.452703
73 (QN/EM) 	Elapsed: 0.004	Loglikelihood: -16324.5	(delta): 0.889912
74 (QN/EM) 	Elapsed: 0.004	Loglikelihood: -16324	(delta): 0.511788
75 (QN/EM) 	Elapsed: 0.004	Loglikelihood: -16323.2	(delta): 0.755316
76 (QN/EM) 	Elapsed: 0.005	Loglikelihood: -16323	(delta): 0.195981
77 (QN/EM) 	Elapsed: 0.004	Loglikelihood: -16321.9	(delta): 1.08413
78 (QN/EM) 	Elapsed: 0.005	Loglikelihood: -16321.6	(delta): 0.353671
79 (QN/EM) 	Elapsed: 0.005	Loglikelihood: -16321.3	(delta): 0.243284
80 (QN/EM) 	Elapsed: 0.005	Loglikelihood: -16320.2	(delta): 1.16466
81 (QN/EM) 	Elapsed: 0.005	Loglikelihood: -16318.6	(delta): 1.5546
82 (QN/EM) 	Elapsed: 0.004	Loglikelihood: -16317.9	(delta): 0.71079
83 (QN/EM) 	Elapsed: 0.004	Loglikelihood: -16317.6	(delta): 0.299688
84 (QN/EM) 	Elapsed: 0.005	Loglikelihood: -16317.4	(delta): 0.164068
85 (QN/EM) 	Elapsed: 0.005	Loglikelihood: -16317.3	(delta): 0.168765
86 (QN/EM) 	Elapsed: 0.005	Loglikelihood: -16317.1	(delta): 0.18086
87 (QN/EM) 	Elapsed: 0.005	Loglikelihood: -16316.9	(delta): 0.204287
88 (QN/EM) 	Elapsed: 0.005	Loglikelihood: -16316.3	(delta): 0.551508
89 (QN/EM) 	Elapsed: 0.005	Loglikelihood: -16315.5	(delta): 0.827056
90 (QN/EM) 	Elapsed: 0.005	Loglikelihood: -16315.3	(delta): 0.230702
91 (QN/EM) 	Elapsed: 0.004	Loglikelihood: -16312.1	(delta): 3.19058
92 (QN/EM) 	Elapsed: 0.005	Loglikelihood: -16310.5	(delta): 1.57449
93 (QN/EM) 	Elapsed: 0.005	Loglikelihood: -16309.9	(delta): 0.634322
94 (QN/EM) 	Elapsed: 0.004	Loglikelihood: -16308.7	(delta): 1.13581
95 (QN/EM) 	Elapsed: 0.004	Loglikelihood: -16307.2	(delta): 1.56049
96 (QN/EM) 	Elapsed: 0.004	Loglikelihood: -16305.8	(delta): 1.35261
97 (QN/EM) 	Elapsed: 0.004	Loglikelihood: -16303.9	(delta): 1.89528
98 (QN/EM) 	Elapsed: 0.004	Loglikelihood: -16302.5	(delta): 1.44456
99 (QN/EM) 	Elapsed: 0.004	Loglikelihood: -16300.4	(delta): 2.0293
100 (QN/EM) 	Elapsed: 0.005	Loglikelihood: -16299.8	(delta): 0.670241
101 (QN/EM) 	Elapsed: 0.004	Loglikelihood: -16298.4	(delta): 1.38112
102 (QN/EM) 	Elapsed: 0.004	Loglikelihood: -16296.1	(delta): 2.29331
103 (QN/EM) 	Elapsed: 0.004	Loglikelihood: -16293.6	(delta): 2.52588
104 (QN/EM) 	Elapsed: 0.004	Loglikelihood: -16290.7	(delta): 2.84652
105 (QN/EM) 	Elapsed: 0.004	Loglikelihood: -16287.8	(delta): 2.90554
106 (QN/EM) 	Elapsed: 0.004	Loglikelihood: -16286	(delta): 1.78262
107 (QN/EM) 	Elapsed: 0.004	Loglikelihood: -16284.8	(delta): 1.22842
108 (QN/EM) 	Elapsed: 0.005	Loglikelihood: -16284.1	(delta): 0.665227
109 (QN/EM) 	Elapsed: 0.005	Loglikelihood: -16283.5	(delta): 0.679383
110 (QN/EM) 	Elapsed: 0.004	Loglikelihood: -16282	(delta): 1.42981
111 (QN/EM) 	Elapsed: 0.005	Loglikelihood: -16277.5	(delta): 4.57696
112 (QN/EM) 	Elapsed: 0.005	Loglikelihood: -16276.8	(delta): 0.658049
113 (QN/EM) 	Elapsed: 0.004	Loglikelihood: -16275.2	(delta): 1.59873
114 (QN/EM) 	Elapsed: 0.004	Loglikelihood: -16272.1	(delta): 3.11885
115 (QN/EM) 	Elapsed: 0.004	Loglikelihood: -16270.8	(delta): 1.23966
116 (QN/EM) 	Elapsed: 0.004	Loglikelihood: -16269.7	(delta): 1.17597
117 (QN/EM) 	Elapsed: 0.004	Loglikelihood: -16269.4	(delta): 0.314988
118 (QN/EM) 	Elapsed: 0.004	Loglikelihood: -16267.9	(delta): 1.41075
119 (QN/EM) 	Elapsed: 0.004	Loglikelihood: -16265.9	(delta): 2.01323
120 (QN/EM) 	Elapsed: 0.005	Loglikelihood: -16265.5	(delta): 0.461806
121 (QN/EM) 	Elapsed: 0.005	Loglikelihood: -16265	(delta): 0.419903
122 (QN/EM) 	Elapsed: 0.004	Loglikelihood: -16263.8	(delta): 1.29366
123 (QN/EM) 	Elapsed: 0.004	Loglikelihood: -16262.7	(delta): 1.09436
124 (QN/EM) 	Elapsed: 0.004	Loglikelihood: -16261.2	(delta): 1.42351
125 (QN/EM) 	Elapsed: 0.004	Loglikelihood: -16259.8	(delta): 1.43355
126 (QN/EM) 	Elapsed: 0.005	Loglikelihood: -16259.1	(delta): 0.677084
127 (QN/EM) 	Elapsed: 0.005	Loglikelihood: -16258.3	(delta): 0.800163
128 (QN/EM) 	Elapsed: 0.005	Loglikelihood: -16257.4	(delta): 0.906507
129 (QN/EM) 	Elapsed: 0.005	Loglikelihood: -16256.4	(delta): 0.988452
130 (QN/EM) 	Elapsed: 0.005	Loglikelihood: -16255.3	(delta): 1.10919
131 (QN/EM) 	Elapsed: 0.005	Loglikelihood: -16254	(delta): 1.27968
132 (QN/EM) 	Elapsed: 0.005	Loglikelihood: -16252.6	(delta): 1.49269
133 (QN/EM) 	Elapsed: 0.005	Loglikelihood: -16250.8	(delta): 1.74786
134 (QN/EM) 	Elapsed: 0.005	Loglikelihood: -16248.8	(delta): 2.04541
135 (QN/EM) 	Elapsed: 0.005	Loglikelihood: -16246.4	(delta): 2.38071
136 (QN/EM) 	Elapsed: 0.005	Loglikelihood: -16243.6	(delta): 2.74397
137 (QN/EM) 	Elapsed: 0.005	Loglikelihood: -16240.5	(delta): 3.12682
138 (QN/EM) 	Elapsed: 0.005	Loglikelihood: -16237	(delta): 3.53096
139 (QN/EM) 	Elapsed: 0.005	Loglikelihood: -16233	(delta): 3.96395
140 (QN/EM) 	Elapsed: 0.005	Loglikelihood: -16228.6	(delta): 4.42012
141 (QN/EM) 	Elapsed: 0.005	Loglikelihood: -16223.7	(delta): 4.86363
142 (QN/EM) 	Elapsed: 0.005	Loglikelihood: -16218.5	(delta): 5.23248
143 (QN/EM) 	Elapsed: 0.005	Loglikelihood: -16213	(delta): 5.47067
144 (QN/EM) 	Elapsed: 0.005	Loglikelihood: -16207.5	(delta): 5.56213
145 (QN/EM) 	Elapsed: 0.005	Loglikelihood: -16202	(delta): 5.50912
146 (QN/EM) 	Elapsed: 0.004	Loglikelihood: -16182.8	(delta): 19.1077
147 (QN/EM) 	Elapsed: 0.005	Loglikelihood: -16168	(delta): 14.8839
148 (QN/EM) 	Elapsed: 0.004	Loglikelihood: -16164.1	(delta): 3.8857
149 (QN/EM) 	Elapsed: 0.005	Loglikelihood: -16161.5	(delta): 2.61665
150 (QN/EM) 	Elapsed: 0.005	Loglikelihood: -16158.2	(delta): 3.25888
151 (QN/EM) 	Elapsed: 0.004	Loglikelihood: -16152.7	(delta): 5.46266
152 (QN/EM) 	Elapsed: 0.004	Loglikelihood: -16150.5	(delta): 2.20077
153 (QN/EM) 	Elapsed: 0.004	Loglikelihood: -16149.3	(delta): 1.27582
154 (QN/EM) 	Elapsed: 0.004	Loglikelihood: -16147.6	(delta): 1.66716
155 (QN/EM) 	Elapsed: 0.004	Loglikelihood: -16145.1	(delta): 2.44594
156 (QN/EM) 	Elapsed: 0.004	Loglikelihood: -16143.2	(delta): 1.98938
157 (QN/EM) 	Elapsed: 0.005	Loglikelihood: -16142.5	(delta): 0.695867
158 (QN/EM) 	Elapsed: 0.004	Loglikelihood: -16141.2	(delta): 1.25756
159 (QN/EM) 	Elapsed: 0.005	Loglikelihood: -16140.6	(delta): 0.564343
160 (QN/EM) 	Elapsed: 0.004	Loglikelihood: -16139.2	(delta): 1.39481
161 (QN/EM) 	Elapsed: 0.005	Loglikelihood: -16138.8	(delta): 0.448043
162 (QN/EM) 	Elapsed: 0.005	Loglikelihood: -16138.4	(delta): 0.429707
163 (QN/EM) 	Elapsed: 0.004	Loglikelihood: -16137.8	(delta): 0.567141
164 (QN/EM) 	Elapsed: 0.004	Loglikelihood: -16136.1	(delta): 1.74718
165 (QN/EM) 	Elapsed: 0.004	Loglikelihood: -16134	(delta): 2.03225
166 (QN/EM) 	Elapsed: 0.004	Loglikelihood: -16133.3	(delta): 0.756127
167 (QN/EM) 	Elapsed: 0.004	Loglikelihood: -16132.7	(delta): 0.579036
168 (QN/EM) 	Elapsed: 0.004	Loglikelihood: -16131.5	(delta): 1.22063
169 (QN/EM) 	Elapsed: 0.004	Loglikelihood: -16129.5	(delta): 1.9257
170 (QN/EM) 	Elapsed: 0.004	Loglikelihood: -16128.9	(delta): 0.644406
171 (QN/EM) 	Elapsed: 0.004	Loglikelihood: -16128.8	(delta): 0.089901
172 (QN/EM) 	Elapsed: 0.004	Loglikelihood: -16128.7	(delta): 0.128897
173 (QN/EM) 	Elapsed: 0.005	Loglikelihood: -16128.6	(delta): 0.040827
174 (QN/EM) 	Elapsed: 0.004	Loglikelihood: -16128.5	(delta): 0.142419
175 (QN/EM) 	Elapsed: 0.005	Loglikelihood: -16128	(delta): 0.495815
176 (QN/EM) 	Elapsed: 0.005	Loglikelihood: -16127.9	(delta): 0.12643
177 (QN/EM) 	Elapsed: 0.005	Loglikelihood: -16127.8	(delta): 0.107803
178 (QN/EM) 	Elapsed: 0.004	Loglikelihood: -16127.5	(delta): 0.257643
179 (QN/EM) 	Elapsed: 0.004	Loglikelihood: -16127.2	(delta): 0.3525
180 (QN/EM) 	Elapsed: 0.004	Loglikelihood: -16126.7	(delta): 0.441988
181 (QN/EM) 	Elapsed: 0.004	Loglikelihood: -16126.5	(delta): 0.226878
182 (QN/EM) 	Elapsed: 0.004	Loglikelihood: -16125.9	(delta): 0.572451
183 (QN/EM) 	Elapsed: 0.004	Loglikelihood: -16125.2	(delta): 0.732772
184 (QN/EM) 	Elapsed: 0.004	Loglikelihood: -16124.5	(delta): 0.649293
185 (QN/EM) 	Elapsed: 0.005	Loglikelihood: -16124.4	(delta): 0.178844
186 (QN/EM) 	Elapsed: 0.005	Loglikelihood: -16124.3	(delta): 0.0806402
187 (QN/EM) 	Elapsed: 0.005	Loglikelihood: -16124.2	(delta): 0.0761128
188 (QN/EM) 	Elapsed: 0.005	Loglikelihood: -16124.1	(delta): 0.0760548
189 (QN/EM) 	Elapsed: 0.004	Loglikelihood: -16122.3	(delta): 1.86583
190 (QN/EM) 	Elapsed: 0.004	Loglikelihood: -16121.4	(delta): 0.883786
191 (QN/EM) 	Elapsed: 0.004	Loglikelihood: -16120.6	(delta): 0.808202
192 (QN/EM) 	Elapsed: 0.005	Loglikelihood: -16120.5	(delta): 0.0419027
193 (QN/EM) 	Elapsed: 0.004	Loglikelihood: -16120.5	(delta): 0.0314703
194 (QN/EM) 	Elapsed: 0.005	Loglikelihood: -16120.5	(delta): 0.00677957
195 (QN/EM) 	Elapsed: 0.004	Loglikelihood: -16120.4	(delta): 0.0770655
196 (QN/EM) 	Elapsed: 0.004	Loglikelihood: -16120.4	(delta): 0.0462951
197 (QN/EM) 	Elapsed: 0.005	Loglikelihood: -16120.4	(delta): 0.0028957
198 (QN/EM) 	Elapsed: 0.005	Loglikelihood: -16120.4	(delta): 0.00340025
199 (QN/EM) 	Elapsed: 0.005	Loglikelihood: -16120.3	(delta): 0.00387812
200 (QN/EM) 	Elapsed: 0.004	Loglikelihood: -16120.3	(delta): 0.00521841
201 (QN/EM) 	Elapsed: 0.005	Loglikelihood: -16120.3	(delta): 0.00459916
202 (QN/EM) 	Elapsed: 0.005	Loglikelihood: -16120.3	(delta): 0.00439072
203 (QN/EM) 	Elapsed: 0.004	Loglikelihood: -16120.3	(delta): 0.0160114
204 (QN/EM) 	Elapsed: 0.004	Loglikelihood: -16120.3	(delta): 0.00636567
205 (QN/EM) 	Elapsed: 0.005	Loglikelihood: -16120.3	(delta): 0.00112776
206 (QN/EM) 	Elapsed: 0.004	Loglikelihood: -16120.3	(delta): 0.0203085
207 (QN/EM) 	Elapsed: 0.005	Loglikelihood: -16120.3	(delta): 0.00288429
208 (QN/EM) 	Elapsed: 0.005	Loglikelihood: -16120.3	(delta): 0.00132095
209 (QN/EM) 	Elapsed: 0.005	Loglikelihood: -16120.3	(delta): 0.00128846
210 (QN/EM) 	Elapsed: 0.005	Loglikelihood: -16120.3	(delta): 0.00136596
211 (QN/EM) 	Elapsed: 0.005	Loglikelihood: -16120.3	(delta): 0.00144506
212 (QN/EM) 	Elapsed: 0.004	Loglikelihood: -16120.3	(delta): 0.00307877
213 (QN/EM) 	Elapsed: 0.005	Loglikelihood: -16120.3	(delta): 0.00156724
214 (QN/EM) 	Elapsed: 0.004	Loglikelihood: -16120.3	(delta): 0.00790674
215 (QN/EM) 	Elapsed: 0.004	Loglikelihood: -16120.3	(delta): 0.0122665
216 (QN/EM) 	Elapsed: 0.005	Loglikelihood: -16120.3	(delta): 0.00194508
217 (QN/EM) 	Elapsed: 0.005	Loglikelihood: -16120.3	(delta): 0.00149908
218 (QN/EM) 	Elapsed: 0.004	Loglikelihood: -16120.2	(delta): 0.0255353
219 (QN/EM) 	Elapsed: 0.005	Loglikelihood: -16120.2	(delta): 0.00479747
220 (QN/EM) 	Elapsed: 0.004	Loglikelihood: -16120.2	(delta): 0.0133916
221 (QN/EM) 	Elapsed: 0.004	Loglikelihood: -16120.2	(delta): 0.0199137
222 (QN/EM) 	Elapsed: 0.004	Loglikelihood: -16120.2	(delta): 0.00470837
223 (QN/EM) 	Elapsed: 0.005	Loglikelihood: -16120.2	(delta): 0.00175217
224 (QN/EM) 	Elapsed: 0.005	Loglikelihood: -16120.2	(delta): 0.00212377
225 (QN/EM) 	Elapsed: 0.005	Loglikelihood: -16120.2	(delta): 0.00258246
226 (QN/EM) 	Elapsed: 0.005	Loglikelihood: -16120.2	(delta): 0.00311096
227 (QN/EM) 	Elapsed: 0.004	Loglikelihood: -16120.2	(delta): 0.00428702
228 (QN/EM) 	Elapsed: 0.005	Loglikelihood: -16120.2	(delta): 0.00431308
229 (QN/EM) 	Elapsed: 0.005	Loglikelihood: -16120.2	(delta): 0.00447724
230 (QN/EM) 	Elapsed: 0.005	Loglikelihood: -16120.1	(delta): 0.0356123
231 (QN/EM) 	Elapsed: 0.005	Loglikelihood: -16120.1	(delta): 0.00929417
232 (QN/EM) 	Elapsed: 0.005	Loglikelihood: -16120.1	(delta): 0.00496519
233 (QN/EM) 	Elapsed: 0.004	Loglikelihood: -16120.1	(delta): 0.0473952
234 (QN/EM) 	Elapsed: 0.004	Loglikelihood: -16120	(delta): 0.0379912
235 (QN/EM) 	Elapsed: 0.005	Loglikelihood: -16120	(delta): 0.0436479
236 (QN/EM) 	Elapsed: 0.004	Loglikelihood: -16120	(delta): 0.024864
237 (QN/EM) 	Elapsed: 0.004	Loglikelihood: -16119.9	(delta): 0.0148727
238 (QN/EM) 	Elapsed: 0.005	Loglikelihood: -16119.9	(delta): 0.00490123
239 (QN/EM) 	Elapsed: 0.005	Loglikelihood: -16119.9	(delta): 0.00637857
240 (QN/EM) 	Elapsed: 0.005	Loglikelihood: -16119.9	(delta): 0.00819178
241 (QN/EM) 	Elapsed: 0.004	Loglikelihood: -16119.9	(delta): 0.0609197
242 (QN/EM) 	Elapsed: 0.005	Loglikelihood: -16119.9	(delta): 0.0101984
243 (QN/EM) 	Elapsed: 0.004	Loglikelihood: -16119.8	(delta): 0.0633265
244 (QN/EM) 	Elapsed: 0.005	Loglikelihood: -16119.8	(delta): 0.0279922
245 (QN/EM) 	Elapsed: 0.005	Loglikelihood: -16119.7	(delta): 0.0191502
246 (QN/EM) 	Elapsed: 0.004	Loglikelihood: -16119.7	(delta): 0.0447168
247 (QN/EM) 	Elapsed: 0.004	Loglikelihood: -16119.6	(delta): 0.0535476
248 (QN/EM) 	Elapsed: 0.004	Loglikelihood: -16119.6	(delta): 0.0517828
249 (QN/EM) 	Elapsed: 0.005	Loglikelihood: -16119.3	(delta): 0.316148
250 (QN/EM) 	Elapsed: 0.004	Loglikelihood: -16119	(delta): 0.270968
251 (QN/EM) 	Elapsed: 0.005	Loglikelihood: -16118.9	(delta): 0.117915
252 (QN/EM) 	Elapsed: 0.004	Loglikelihood: -16118.6	(delta): 0.278622
253 (QN/EM) 	Elapsed: 0.005	Loglikelihood: -16118.5	(delta): 0.0884348
254 (QN/EM) 	Elapsed: 0.004	Loglikelihood: -16118	(delta): 0.477983
255 (QN/EM) 	Elapsed: 0.004	Loglikelihood: -16117.4	(delta): 0.656763
256 (QN/EM) 	Elapsed: 0.004	Loglikelihood: -16116.8	(delta): 0.570739
257 (QN/EM) 	Elapsed: 0.004	Loglikelihood: -16116.6	(delta): 0.221674
258 (QN/EM) 	Elapsed: 0.005	Loglikelihood: -16116.5	(delta): 0.110074
259 (QN/EM) 	Elapsed: 0.004	Loglikelihood: -16115.8	(delta): 0.663353
260 (QN/EM) 	Elapsed: 0.004	Loglikelihood: -16115.2	(delta): 0.660086
261 (QN/EM) 	Elapsed: 0.005	Loglikelihood: -16114.8	(delta): 0.33113
262 (QN/EM) 	Elapsed: 0.004	Loglikelihood: -16114.5	(delta): 0.360067
263 (QN/EM) 	Elapsed: 0.005	Loglikelihood: -16114.3	(delta): 0.128176
264 (QN/EM) 	Elapsed: 0.004	Loglikelihood: -16113.4	(delta): 0.906513
265 (QN/EM) 	Elapsed: 0.005	Loglikelihood: -16113.2	(delta): 0.283069
266 (QN/EM) 	Elapsed: 0.004	Loglikelihood: -16112.1	(delta): 1.01629
267 (QN/EM) 	Elapsed: 0.005	Loglikelihood: -16111.9	(delta): 0.20214
268 (QN/EM) 	Elapsed: 0.004	Loglikelihood: -16111.1	(delta): 0.791943
269 (QN/EM) 	Elapsed: 0.004	Loglikelihood: -16110.3	(delta): 0.842902
270 (QN/EM) 	Elapsed: 0.005	Loglikelihood: -16110.2	(delta): 0.103362
271 (QN/EM) 	Elapsed: 0.004	Loglikelihood: -16108.6	(delta): 1.57335
272 (QN/EM) 	Elapsed: 0.004	Loglikelihood: -16108.4	(delta): 0.232034
273 (QN/EM) 	Elapsed: 0.005	Loglikelihood: -16108.4	(delta): 0.0013049
274 (QN/EM) 	Elapsed: 0.005	Loglikelihood: -16108.4	(delta): 4.73795e-05
Summary: 
Converged in 274 iterations (1.422 sec)
Loglikelihood: -16108.386672
Fst divergences between estimated populations: 
	Pop0	Pop1	Pop2	Pop3	
Pop0	
Pop1	0.150	
Pop2	0.173	0.200	
Pop3	0.156	0.178	0.114	
Pop4	0.122	0.149	0.175	0.161	
CV error (K=5): 1.20648
Writing output files.
