****                   ADMIXTURE Version 1.3.0                  ****
****                    Copyright 2008-2015                     ****
****           David Alexander, Suyash Shringarpure,            ****
****                John  Novembre, Ken Lange                   ****
****                                                            ****
****                 Please cite our paper!                     ****
****   Information at www.genetics.ucla.edu/software/admixture  ****

Cross-validation will be performed.  Folds=5.
Parallel execution requested.  Will use 5 threads.
Random seed: 43
Point estimation method: EM algorithm
Convergence acceleration algorithm: QuasiNewton, 3 secant conditions
Point estimation will terminate when objective function delta < 0.0001
Estimation of standard errors disabled; will compute point estimates only.
Size of G: 32x338
Performing five EM steps to prime main algorithm
1 (EM) 	Elapsed: 0	Loglikelihood: -11599.1	(delta): 6093.05
2 (EM) 	Elapsed: 0	Loglikelihood: -11199	(delta): 400.029
3 (EM) 	Elapsed: 0	Loglikelihood: -11067.2	(delta): 131.806
4 (EM) 	Elapsed: 0	Loglikelihood: -10996.3	(delta): 70.9687
5 (EM) 	Elapsed: 0	Loglikelihood: -10953.6	(delta): 42.6845
Initial loglikelihood: -10953.6
Starting main algorithm
1 (QN/EM) 	Elapsed: 0.001	Loglikelihood: -10902.4	(delta): 51.2041
2 (QN/EM) 	Elapsed: 0.001	Loglikelihood: -10861.6	(delta): 40.7445
3 (QN/EM) 	Elapsed: 0.001	Loglikelihood: -10817.1	(delta): 44.4828
4 (QN/EM) 	Elapsed: 0.001	Loglikelihood: -10765.3	(delta): 51.8177
5 (QN/EM) 	Elapsed: 0.001	Loglikelihood: -10706.8	(delta): 58.5511
6 (QN/EM) 	Elapsed: 0.001	Loglikelihood: -10645.1	(delta): 61.6802
7 (QN/EM) 	Elapsed: 0.001	Loglikelihood: -10585.5	(delta): 59.6107
8 (QN/EM) 	Elapsed: 0.001	Loglikelihood: -10427.4	(delta): 158.052
9 (QN/EM) 	Elapsed: 0.001	Loglikelihood: -10404.6	(delta): 22.7936
10 (QN/EM) 	Elapsed: 0.001	Loglikelihood: -10376.2	(delta): 28.4603
11 (QN/EM) 	Elapsed: 0.001	Loglikelihood: -10357.6	(delta): 18.5941
12 (QN/EM) 	Elapsed: 0.001	Loglikelihood: -10349.3	(delta): 8.25088
13 (QN/EM) 	Elapsed: 0.001	Loglikelihood: -10344.4	(delta): 4.90485
14 (QN/EM) 	Elapsed: 0.001	Loglikelihood: -10343	(delta): 1.43707
15 (QN/EM) 	Elapsed: 0.001	Loglikelihood: -10341.4	(delta): 1.56244
16 (QN/EM) 	Elapsed: 0.001	Loglikelihood: -10339.8	(delta): 1.6464
17 (QN/EM) 	Elapsed: 0.001	Loglikelihood: -10338.4	(delta): 1.38965
18 (QN/EM) 	Elapsed: 0.001	Loglikelihood: -10338	(delta): 0.401019
19 (QN/EM) 	Elapsed: 0.001	Loglikelihood: -10337.4	(delta): 0.59459
20 (QN/EM) 	Elapsed: 0.001	Loglikelihood: -10336.8	(delta): 0.59245
21 (QN/EM) 	Elapsed: 0.001	Loglikelihood: -10336	(delta): 0.850612
22 (QN/EM) 	Elapsed: 0.001	Loglikelihood: -10335.8	(delta): 0.115301
23 (QN/EM) 	Elapsed: 0.001	Loglikelihood: -10335.7	(delta): 0.174216
24 (QN/EM) 	Elapsed: 0.001	Loglikelihood: -10335.3	(delta): 0.353867
25 (QN/EM) 	Elapsed: 0.001	Loglikelihood: -10335.3	(delta): 0.024492
26 (QN/EM) 	Elapsed: 0.001	Loglikelihood: -10335.2	(delta): 0.139626
27 (QN/EM) 	Elapsed: 0.001	Loglikelihood: -10335.1	(delta): 0.0893201
28 (QN/EM) 	Elapsed: 0.001	Loglikelihood: -10334.9	(delta): 0.186059
29 (QN/EM) 	Elapsed: 0.001	Loglikelihood: -10334.6	(delta): 0.244366
30 (QN/EM) 	Elapsed: 0.001	Loglikelihood: -10334.6	(delta): 0.068254
31 (QN/EM) 	Elapsed: 0.001	Loglikelihood: -10334.5	(delta): 0.0520943
32 (QN/EM) 	Elapsed: 0.001	Loglikelihood: -10334.4	(delta): 0.0703174
33 (QN/EM) 	Elapsed: 0.001	Loglikelihood: -10334.4	(delta): 0.0475431
34 (QN/EM) 	Elapsed: 0.001	Loglikelihood: -10334.4	(delta): 0.0245514
35 (QN/EM) 	Elapsed: 0.001	Loglikelihood: -10334.4	(delta): 0.00444233
36 (QN/EM) 	Elapsed: 0.001	Loglikelihood: -10334.4	(delta): 0.00482724
37 (QN/EM) 	Elapsed: 0.001	Loglikelihood: -10334.4	(delta): 0.00392887
38 (QN/EM) 	Elapsed: 0.001	Loglikelihood: -10334.4	(delta): 0.00411139
39 (QN/EM) 	Elapsed: 0.001	Loglikelihood: -10334.4	(delta): 0.00153523
40 (QN/EM) 	Elapsed: 0.001	Loglikelihood: -10334.3	(delta): 0.00196902
41 (QN/EM) 	Elapsed: 0.001	Loglikelihood: -10334.3	(delta): 0.00254113
42 (QN/EM) 	Elapsed: 0.001	Loglikelihood: -10334.3	(delta): 0.00451987
43 (QN/EM) 	Elapsed: 0.001	Loglikelihood: -10334.3	(delta): 0.00166304
44 (QN/EM) 	Elapsed: 0.001	Loglikelihood: -10334.3	(delta): 0.00188172
45 (QN/EM) 	Elapsed: 0.001	Loglikelihood: -10334.3	(delta): 0.00216083
46 (QN/EM) 	Elapsed: 0.001	Loglikelihood: -10334.3	(delta): 0.00478422
47 (QN/EM) 	Elapsed: 0.001	Loglikelihood: -10334.3	(delta): 0.00156266
48 (QN/EM) 	Elapsed: 0.001	Loglikelihood: -10334.3	(delta): 0.0019371
49 (QN/EM) 	Elapsed: 0.001	Loglikelihood: -10334.3	(delta): 0.00171895
50 (QN/EM) 	Elapsed: 0.001	Loglikelihood: -10334.3	(delta): 0.0042817
51 (QN/EM) 	Elapsed: 0.001	Loglikelihood: -10334.3	(delta): 0.00144531
52 (QN/EM) 	Elapsed: 0.001	Loglikelihood: -10334.3	(delta): 0.00169874
53 (QN/EM) 	Elapsed: 0.001	Loglikelihood: -10334.3	(delta): 0.0013879
54 (QN/EM) 	Elapsed: 0.001	Loglikelihood: -10334.3	(delta): 0.00340719
55 (QN/EM) 	Elapsed: 0	Loglikelihood: -10334.3	(delta): 0.00116914
56 (QN/EM) 	Elapsed: 0.001	Loglikelihood: -10334.3	(delta): 0.00143898
57 (QN/EM) 	Elapsed: 0	Loglikelihood: -10334.3	(delta): 0.00104991
58 (QN/EM) 	Elapsed: 0.001	Loglikelihood: -10334.3	(delta): 0.002373
59 (QN/EM) 	Elapsed: 0	Loglikelihood: -10334.3	(delta): 0.000814681
60 (QN/EM) 	Elapsed: 0.001	Loglikelihood: -10334.3	(delta): 0.00102302
61 (QN/EM) 	Elapsed: 0.001	Loglikelihood: -10334.3	(delta): 0.000661321
62 (QN/EM) 	Elapsed: 0.001	Loglikelihood: -10334.3	(delta): 0.00119154
63 (QN/EM) 	Elapsed: 0.001	Loglikelihood: -10334.3	(delta): 0.000401503
64 (QN/EM) 	Elapsed: 0.001	Loglikelihood: -10334.3	(delta): 0.000448509
65 (QN/EM) 	Elapsed: 0	Loglikelihood: -10334.3	(delta): 0.000205429
66 (QN/EM) 	Elapsed: 0.001	Loglikelihood: -10334.3	(delta): 0.000235925
67 (QN/EM) 	Elapsed: 0.001	Loglikelihood: -10334.3	(delta): 4.06782e-05
Summary: 
Converged in 67 iterations (0.085 sec)
Loglikelihood: -10334.302203
Fst divergences between estimated populations: 
	Pop0	
Pop0	
Pop1	0.203	
CV error (K=2): 0.76177
Writing output files.
