****                   ADMIXTURE Version 1.3.0                  ****
****                    Copyright 2008-2015                     ****
****           David Alexander, Suyash Shringarpure,            ****
****                John  Novembre, Ken Lange                   ****
****                                                            ****
****                 Please cite our paper!                     ****
****   Information at www.genetics.ucla.edu/software/admixture  ****

Cross-validation will be performed.  Folds=5.
Parallel execution requested.  Will use 5 threads.
Random seed: 43
Point estimation method: EM algorithm
Convergence acceleration algorithm: QuasiNewton, 3 secant conditions
Point estimation will terminate when objective function delta < 0.0001
Estimation of standard errors disabled; will compute point estimates only.
Size of G: 32x338
Performing five EM steps to prime main algorithm
1 (EM) 	Elapsed: 0	Loglikelihood: -11548.2	(delta): 4540.06
2 (EM) 	Elapsed: 0	Loglikelihood: -11204	(delta): 344.192
3 (EM) 	Elapsed: 0	Loglikelihood: -11066.8	(delta): 137.209
4 (EM) 	Elapsed: 0	Loglikelihood: -10973.9	(delta): 92.9343
5 (EM) 	Elapsed: 0	Loglikelihood: -10902.6	(delta): 71.2485
Initial loglikelihood: -10902.6
Starting main algorithm
1 (QN/EM) 	Elapsed: 0.001	Loglikelihood: -10791.3	(delta): 111.363
2 (QN/EM) 	Elapsed: 0.001	Loglikelihood: -10697.3	(delta): 94.0276
3 (QN/EM) 	Elapsed: 0.001	Loglikelihood: -10318.5	(delta): 378.762
4 (QN/EM) 	Elapsed: 0.001	Loglikelihood: -10245.2	(delta): 73.2647
5 (QN/EM) 	Elapsed: 0.001	Loglikelihood: -10198.1	(delta): 47.0845
6 (QN/EM) 	Elapsed: 0.001	Loglikelihood: -10134.9	(delta): 63.2147
7 (QN/EM) 	Elapsed: 0.001	Loglikelihood: -10107.6	(delta): 27.3485
8 (QN/EM) 	Elapsed: 0.001	Loglikelihood: -10092.7	(delta): 14.9199
9 (QN/EM) 	Elapsed: 0.001	Loglikelihood: -10084.1	(delta): 8.55144
10 (QN/EM) 	Elapsed: 0.001	Loglikelihood: -10076.2	(delta): 7.94442
11 (QN/EM) 	Elapsed: 0.001	Loglikelihood: -10073.4	(delta): 2.75252
12 (QN/EM) 	Elapsed: 0.001	Loglikelihood: -10071	(delta): 2.4424
13 (QN/EM) 	Elapsed: 0.001	Loglikelihood: -10069.4	(delta): 1.52748
14 (QN/EM) 	Elapsed: 0.001	Loglikelihood: -10068	(delta): 1.41124
15 (QN/EM) 	Elapsed: 0.001	Loglikelihood: -10066.6	(delta): 1.43662
16 (QN/EM) 	Elapsed: 0.001	Loglikelihood: -10065.3	(delta): 1.2625
17 (QN/EM) 	Elapsed: 0.001	Loglikelihood: -10064.1	(delta): 1.19933
18 (QN/EM) 	Elapsed: 0.001	Loglikelihood: -10063.1	(delta): 0.984906
19 (QN/EM) 	Elapsed: 0.001	Loglikelihood: -10060.3	(delta): 2.88055
20 (QN/EM) 	Elapsed: 0.001	Loglikelihood: -10059.2	(delta): 1.03099
21 (QN/EM) 	Elapsed: 0.001	Loglikelihood: -10058.6	(delta): 0.667956
22 (QN/EM) 	Elapsed: 0.001	Loglikelihood: -10058.2	(delta): 0.392865
23 (QN/EM) 	Elapsed: 0.001	Loglikelihood: -10057.6	(delta): 0.553784
24 (QN/EM) 	Elapsed: 0.001	Loglikelihood: -10056.9	(delta): 0.733472
25 (QN/EM) 	Elapsed: 0.001	Loglikelihood: -10056.6	(delta): 0.311194
26 (QN/EM) 	Elapsed: 0.001	Loglikelihood: -10056.3	(delta): 0.305707
27 (QN/EM) 	Elapsed: 0.001	Loglikelihood: -10056.1	(delta): 0.183048
28 (QN/EM) 	Elapsed: 0.001	Loglikelihood: -10055.6	(delta): 0.500462
29 (QN/EM) 	Elapsed: 0.001	Loglikelihood: -10055.5	(delta): 0.0543071
30 (QN/EM) 	Elapsed: 0.001	Loglikelihood: -10055.2	(delta): 0.33902
31 (QN/EM) 	Elapsed: 0.001	Loglikelihood: -10055.1	(delta): 0.0753777
32 (QN/EM) 	Elapsed: 0.001	Loglikelihood: -10055	(delta): 0.111558
33 (QN/EM) 	Elapsed: 0.001	Loglikelihood: -10054.9	(delta): 0.123882
34 (QN/EM) 	Elapsed: 0.001	Loglikelihood: -10054	(delta): 0.876029
35 (QN/EM) 	Elapsed: 0.001	Loglikelihood: -10053.1	(delta): 0.936654
36 (QN/EM) 	Elapsed: 0.001	Loglikelihood: -10052.9	(delta): 0.126602
37 (QN/EM) 	Elapsed: 0.001	Loglikelihood: -10052.6	(delta): 0.365348
38 (QN/EM) 	Elapsed: 0.001	Loglikelihood: -10052.5	(delta): 0.0545321
39 (QN/EM) 	Elapsed: 0.001	Loglikelihood: -10051.8	(delta): 0.723657
40 (QN/EM) 	Elapsed: 0.001	Loglikelihood: -10051.7	(delta): 0.128407
41 (QN/EM) 	Elapsed: 0.001	Loglikelihood: -10050.9	(delta): 0.815019
42 (QN/EM) 	Elapsed: 0.001	Loglikelihood: -10050.6	(delta): 0.276315
43 (QN/EM) 	Elapsed: 0.001	Loglikelihood: -10050	(delta): 0.566027
44 (QN/EM) 	Elapsed: 0.001	Loglikelihood: -10049.6	(delta): 0.436114
45 (QN/EM) 	Elapsed: 0.001	Loglikelihood: -10049	(delta): 0.559977
46 (QN/EM) 	Elapsed: 0.001	Loglikelihood: -10047.8	(delta): 1.26241
47 (QN/EM) 	Elapsed: 0.001	Loglikelihood: -10047.2	(delta): 0.558987
48 (QN/EM) 	Elapsed: 0.001	Loglikelihood: -10046.6	(delta): 0.579765
49 (QN/EM) 	Elapsed: 0.001	Loglikelihood: -10046.4	(delta): 0.176062
50 (QN/EM) 	Elapsed: 0.001	Loglikelihood: -10046.3	(delta): 0.184816
51 (QN/EM) 	Elapsed: 0.001	Loglikelihood: -10045.2	(delta): 1.05491
52 (QN/EM) 	Elapsed: 0.001	Loglikelihood: -10044.6	(delta): 0.594473
53 (QN/EM) 	Elapsed: 0.001	Loglikelihood: -10044.2	(delta): 0.400016
54 (QN/EM) 	Elapsed: 0.001	Loglikelihood: -10043.6	(delta): 0.638654
55 (QN/EM) 	Elapsed: 0.001	Loglikelihood: -10043.4	(delta): 0.202817
56 (QN/EM) 	Elapsed: 0.001	Loglikelihood: -10043.2	(delta): 0.208272
57 (QN/EM) 	Elapsed: 0.001	Loglikelihood: -10042	(delta): 1.16336
58 (QN/EM) 	Elapsed: 0.001	Loglikelihood: -10041.4	(delta): 0.624729
59 (QN/EM) 	Elapsed: 0.001	Loglikelihood: -10041.2	(delta): 0.166016
60 (QN/EM) 	Elapsed: 0.001	Loglikelihood: -10041	(delta): 0.174594
61 (QN/EM) 	Elapsed: 0.001	Loglikelihood: -10040.5	(delta): 0.522922
62 (QN/EM) 	Elapsed: 0.001	Loglikelihood: -10039.4	(delta): 1.12508
63 (QN/EM) 	Elapsed: 0.001	Loglikelihood: -10039	(delta): 0.422103
64 (QN/EM) 	Elapsed: 0.001	Loglikelihood: -10037.6	(delta): 1.3715
65 (QN/EM) 	Elapsed: 0.001	Loglikelihood: -10036.8	(delta): 0.796276
66 (QN/EM) 	Elapsed: 0.001	Loglikelihood: -10034.6	(delta): 2.23996
67 (QN/EM) 	Elapsed: 0.001	Loglikelihood: -10033.8	(delta): 0.767741
68 (QN/EM) 	Elapsed: 0.001	Loglikelihood: -10033.3	(delta): 0.520086
69 (QN/EM) 	Elapsed: 0.001	Loglikelihood: -10032.4	(delta): 0.882365
70 (QN/EM) 	Elapsed: 0.001	Loglikelihood: -10031.7	(delta): 0.657755
71 (QN/EM) 	Elapsed: 0.001	Loglikelihood: -10031	(delta): 0.767554
72 (QN/EM) 	Elapsed: 0.001	Loglikelihood: -10030	(delta): 0.976305
73 (QN/EM) 	Elapsed: 0.001	Loglikelihood: -10028.8	(delta): 1.16693
74 (QN/EM) 	Elapsed: 0.001	Loglikelihood: -10028.4	(delta): 0.373853
75 (QN/EM) 	Elapsed: 0.001	Loglikelihood: -10026.7	(delta): 1.7173
76 (QN/EM) 	Elapsed: 0.001	Loglikelihood: -10026.5	(delta): 0.238517
77 (QN/EM) 	Elapsed: 0.001	Loglikelihood: -10026	(delta): 0.434989
78 (QN/EM) 	Elapsed: 0.001	Loglikelihood: -10025.8	(delta): 0.291996
79 (QN/EM) 	Elapsed: 0.001	Loglikelihood: -10023.9	(delta): 1.83653
80 (QN/EM) 	Elapsed: 0.001	Loglikelihood: -10023.2	(delta): 0.748814
81 (QN/EM) 	Elapsed: 0.001	Loglikelihood: -10022.6	(delta): 0.541969
82 (QN/EM) 	Elapsed: 0.001	Loglikelihood: -10021.4	(delta): 1.23806
83 (QN/EM) 	Elapsed: 0.001	Loglikelihood: -10021.1	(delta): 0.261622
84 (QN/EM) 	Elapsed: 0.001	Loglikelihood: -10020.9	(delta): 0.24782
85 (QN/EM) 	Elapsed: 0.001	Loglikelihood: -10020.6	(delta): 0.25571
86 (QN/EM) 	Elapsed: 0.001	Loglikelihood: -10020.4	(delta): 0.265588
87 (QN/EM) 	Elapsed: 0.001	Loglikelihood: -10020.1	(delta): 0.274785
88 (QN/EM) 	Elapsed: 0.001	Loglikelihood: -10016.9	(delta): 3.23061
89 (QN/EM) 	Elapsed: 0.001	Loglikelihood: -10016.1	(delta): 0.715428
90 (QN/EM) 	Elapsed: 0.001	Loglikelihood: -10015.6	(delta): 0.577642
91 (QN/EM) 	Elapsed: 0.001	Loglikelihood: -10015.3	(delta): 0.221154
92 (QN/EM) 	Elapsed: 0.001	Loglikelihood: -10015	(delta): 0.31271
93 (QN/EM) 	Elapsed: 0.001	Loglikelihood: -10014.7	(delta): 0.299454
94 (QN/EM) 	Elapsed: 0.001	Loglikelihood: -10014.3	(delta): 0.383148
95 (QN/EM) 	Elapsed: 0.001	Loglikelihood: -10014	(delta): 0.369163
96 (QN/EM) 	Elapsed: 0.001	Loglikelihood: -10013.2	(delta): 0.814214
97 (QN/EM) 	Elapsed: 0.001	Loglikelihood: -10012.4	(delta): 0.747594
98 (QN/EM) 	Elapsed: 0.001	Loglikelihood: -10011.4	(delta): 0.976364
99 (QN/EM) 	Elapsed: 0.001	Loglikelihood: -10010.9	(delta): 0.507952
100 (QN/EM) 	Elapsed: 0.001	Loglikelihood: -10010.8	(delta): 0.17504
101 (QN/EM) 	Elapsed: 0.001	Loglikelihood: -10010.6	(delta): 0.175951
102 (QN/EM) 	Elapsed: 0.001	Loglikelihood: -10010.4	(delta): 0.1789
103 (QN/EM) 	Elapsed: 0.001	Loglikelihood: -10010.2	(delta): 0.181504
104 (QN/EM) 	Elapsed: 0.001	Loglikelihood: -10010	(delta): 0.183206
105 (QN/EM) 	Elapsed: 0.001	Loglikelihood: -10009.9	(delta): 0.183937
106 (QN/EM) 	Elapsed: 0.001	Loglikelihood: -10009.7	(delta): 0.183833
107 (QN/EM) 	Elapsed: 0.001	Loglikelihood: -10009.3	(delta): 0.356837
108 (QN/EM) 	Elapsed: 0.001	Loglikelihood: -10008.9	(delta): 0.367703
109 (QN/EM) 	Elapsed: 0.001	Loglikelihood: -10008.7	(delta): 0.208245
110 (QN/EM) 	Elapsed: 0.001	Loglikelihood: -10008.5	(delta): 0.198022
111 (QN/EM) 	Elapsed: 0.001	Loglikelihood: -10007	(delta): 1.58153
112 (QN/EM) 	Elapsed: 0.001	Loglikelihood: -10006.1	(delta): 0.810511
113 (QN/EM) 	Elapsed: 0.001	Loglikelihood: -10006	(delta): 0.184967
114 (QN/EM) 	Elapsed: 0.001	Loglikelihood: -10005.5	(delta): 0.49545
115 (QN/EM) 	Elapsed: 0.001	Loglikelihood: -10005.4	(delta): 0.0806154
116 (QN/EM) 	Elapsed: 0.001	Loglikelihood: -10005.3	(delta): 0.0447377
117 (QN/EM) 	Elapsed: 0.001	Loglikelihood: -10005.2	(delta): 0.169494
118 (QN/EM) 	Elapsed: 0.001	Loglikelihood: -10005.1	(delta): 0.0257804
119 (QN/EM) 	Elapsed: 0.001	Loglikelihood: -10005.1	(delta): 0.0285745
120 (QN/EM) 	Elapsed: 0.001	Loglikelihood: -10005.1	(delta): 0.0305969
121 (QN/EM) 	Elapsed: 0.001	Loglikelihood: -10005.1	(delta): 0.0309328
122 (QN/EM) 	Elapsed: 0.001	Loglikelihood: -10005	(delta): 0.029881
123 (QN/EM) 	Elapsed: 0.001	Loglikelihood: -10004.9	(delta): 0.088735
124 (QN/EM) 	Elapsed: 0.001	Loglikelihood: -10004.9	(delta): 0.0371164
125 (QN/EM) 	Elapsed: 0.001	Loglikelihood: -10004.8	(delta): 0.0971935
126 (QN/EM) 	Elapsed: 0.001	Loglikelihood: -10004.8	(delta): 0.021206
127 (QN/EM) 	Elapsed: 0.001	Loglikelihood: -10004.8	(delta): 0.0262059
128 (QN/EM) 	Elapsed: 0.001	Loglikelihood: -10004.7	(delta): 0.058718
129 (QN/EM) 	Elapsed: 0.001	Loglikelihood: -10004.7	(delta): 0.0269867
130 (QN/EM) 	Elapsed: 0.001	Loglikelihood: -10004.6	(delta): 0.0531138
131 (QN/EM) 	Elapsed: 0.001	Loglikelihood: -10004.6	(delta): 0.0471081
132 (QN/EM) 	Elapsed: 0.001	Loglikelihood: -10004.6	(delta): 0.0106969
133 (QN/EM) 	Elapsed: 0.001	Loglikelihood: -10004.5	(delta): 0.0157946
134 (QN/EM) 	Elapsed: 0.001	Loglikelihood: -10004.5	(delta): 0.0317406
135 (QN/EM) 	Elapsed: 0.001	Loglikelihood: -10004.4	(delta): 0.108071
136 (QN/EM) 	Elapsed: 0.001	Loglikelihood: -10004.4	(delta): 0.0437348
137 (QN/EM) 	Elapsed: 0.001	Loglikelihood: -10004.3	(delta): 0.0540077
138 (QN/EM) 	Elapsed: 0.001	Loglikelihood: -10004.2	(delta): 0.143884
139 (QN/EM) 	Elapsed: 0.001	Loglikelihood: -10004.1	(delta): 0.0393959
140 (QN/EM) 	Elapsed: 0.001	Loglikelihood: -10004.1	(delta): 0.0550468
141 (QN/EM) 	Elapsed: 0.001	Loglikelihood: -10004	(delta): 0.0503291
142 (QN/EM) 	Elapsed: 0.001	Loglikelihood: -10003.9	(delta): 0.0735498
143 (QN/EM) 	Elapsed: 0.001	Loglikelihood: -10003.9	(delta): 0.00811616
144 (QN/EM) 	Elapsed: 0.001	Loglikelihood: -10003.9	(delta): 0.0310177
145 (QN/EM) 	Elapsed: 0.001	Loglikelihood: -10003.9	(delta): 0.0175786
146 (QN/EM) 	Elapsed: 0.001	Loglikelihood: -10003.9	(delta): 0.0158232
147 (QN/EM) 	Elapsed: 0.001	Loglikelihood: -10003.9	(delta): 0.00552368
148 (QN/EM) 	Elapsed: 0.001	Loglikelihood: -10003.8	(delta): 0.0166354
149 (QN/EM) 	Elapsed: 0.001	Loglikelihood: -10003.8	(delta): 0.00621191
150 (QN/EM) 	Elapsed: 0.001	Loglikelihood: -10003.8	(delta): 0.0012678
151 (QN/EM) 	Elapsed: 0.001	Loglikelihood: -10003.8	(delta): 0.00582937
152 (QN/EM) 	Elapsed: 0.001	Loglikelihood: -10003.8	(delta): 0.00132344
153 (QN/EM) 	Elapsed: 0.001	Loglikelihood: -10003.8	(delta): 0.00203907
154 (QN/EM) 	Elapsed: 0.001	Loglikelihood: -10003.8	(delta): 0.00167454
155 (QN/EM) 	Elapsed: 0.001	Loglikelihood: -10003.8	(delta): 0.000556866
156 (QN/EM) 	Elapsed: 0.001	Loglikelihood: -10003.8	(delta): 0.00359942
157 (QN/EM) 	Elapsed: 0.001	Loglikelihood: -10003.8	(delta): 0.00491783
158 (QN/EM) 	Elapsed: 0.001	Loglikelihood: -10003.8	(delta): 0.0102881
159 (QN/EM) 	Elapsed: 0.001	Loglikelihood: -10003.8	(delta): 0.00204033
160 (QN/EM) 	Elapsed: 0.001	Loglikelihood: -10003.8	(delta): 0.00347575
161 (QN/EM) 	Elapsed: 0.001	Loglikelihood: -10003.8	(delta): 0.00241567
162 (QN/EM) 	Elapsed: 0.001	Loglikelihood: -10003.8	(delta): 0.00113989
163 (QN/EM) 	Elapsed: 0.001	Loglikelihood: -10003.8	(delta): 0.000490775
164 (QN/EM) 	Elapsed: 0.001	Loglikelihood: -10003.8	(delta): 0.000446868
165 (QN/EM) 	Elapsed: 0.001	Loglikelihood: -10003.8	(delta): 0.00338322
166 (QN/EM) 	Elapsed: 0.001	Loglikelihood: -10003.8	(delta): 0.000711172
167 (QN/EM) 	Elapsed: 0.001	Loglikelihood: -10003.8	(delta): 0.00386226
168 (QN/EM) 	Elapsed: 0.001	Loglikelihood: -10003.8	(delta): 0.0050277
169 (QN/EM) 	Elapsed: 0.001	Loglikelihood: -10003.8	(delta): 0.00605268
170 (QN/EM) 	Elapsed: 0.001	Loglikelihood: -10003.8	(delta): 0.00888317
171 (QN/EM) 	Elapsed: 0.001	Loglikelihood: -10003.8	(delta): 0.00285503
172 (QN/EM) 	Elapsed: 0.001	Loglikelihood: -10003.8	(delta): 0.00314979
173 (QN/EM) 	Elapsed: 0.001	Loglikelihood: -10003.8	(delta): 0.00169453
174 (QN/EM) 	Elapsed: 0.001	Loglikelihood: -10003.8	(delta): 0.00795824
175 (QN/EM) 	Elapsed: 0.001	Loglikelihood: -10003.7	(delta): 0.0081902
176 (QN/EM) 	Elapsed: 0.001	Loglikelihood: -10003.7	(delta): 0.00416291
177 (QN/EM) 	Elapsed: 0.001	Loglikelihood: -10003.7	(delta): 0.0023463
178 (QN/EM) 	Elapsed: 0.001	Loglikelihood: -10003.7	(delta): 0.00194573
179 (QN/EM) 	Elapsed: 0.001	Loglikelihood: -10003.7	(delta): 0.00155572
180 (QN/EM) 	Elapsed: 0.001	Loglikelihood: -10003.7	(delta): 0.000944179
181 (QN/EM) 	Elapsed: 0.001	Loglikelihood: -10003.7	(delta): 0.000610529
182 (QN/EM) 	Elapsed: 0.001	Loglikelihood: -10003.7	(delta): 0.000835031
183 (QN/EM) 	Elapsed: 0.001	Loglikelihood: -10003.7	(delta): 0.00117223
184 (QN/EM) 	Elapsed: 0.001	Loglikelihood: -10003.7	(delta): 0.00134322
185 (QN/EM) 	Elapsed: 0.001	Loglikelihood: -10003.7	(delta): 0.00108184
186 (QN/EM) 	Elapsed: 0.001	Loglikelihood: -10003.7	(delta): 0.00200523
187 (QN/EM) 	Elapsed: 0.001	Loglikelihood: -10003.7	(delta): 0.0085514
188 (QN/EM) 	Elapsed: 0.001	Loglikelihood: -10003.7	(delta): 0.0034622
189 (QN/EM) 	Elapsed: 0.001	Loglikelihood: -10003.7	(delta): 0.0177089
190 (QN/EM) 	Elapsed: 0.001	Loglikelihood: -10003.7	(delta): 0.003108
191 (QN/EM) 	Elapsed: 0.001	Loglikelihood: -10003.7	(delta): 0.0014454
192 (QN/EM) 	Elapsed: 0.001	Loglikelihood: -10003.7	(delta): 0.00343639
193 (QN/EM) 	Elapsed: 0.001	Loglikelihood: -10003.7	(delta): 0.0208529
194 (QN/EM) 	Elapsed: 0.001	Loglikelihood: -10003.7	(delta): 0.00891905
195 (QN/EM) 	Elapsed: 0.001	Loglikelihood: -10003.7	(delta): 0.00263424
196 (QN/EM) 	Elapsed: 0.001	Loglikelihood: -10003.7	(delta): 0.00540055
197 (QN/EM) 	Elapsed: 0.001	Loglikelihood: -10003.6	(delta): 0.0171582
198 (QN/EM) 	Elapsed: 0.001	Loglikelihood: -10003.6	(delta): 0.0127386
199 (QN/EM) 	Elapsed: 0.001	Loglikelihood: -10003.6	(delta): 0.00845331
200 (QN/EM) 	Elapsed: 0.001	Loglikelihood: -10003.6	(delta): 0.0115347
201 (QN/EM) 	Elapsed: 0.001	Loglikelihood: -10003.6	(delta): 0.0110154
202 (QN/EM) 	Elapsed: 0.001	Loglikelihood: -10003.6	(delta): 0.00477141
203 (QN/EM) 	Elapsed: 0.001	Loglikelihood: -10003.6	(delta): 0.00375062
204 (QN/EM) 	Elapsed: 0.001	Loglikelihood: -10003.6	(delta): 0.0191519
205 (QN/EM) 	Elapsed: 0.001	Loglikelihood: -10003.6	(delta): 0.0070639
206 (QN/EM) 	Elapsed: 0.001	Loglikelihood: -10003.6	(delta): 0.0018002
207 (QN/EM) 	Elapsed: 0.001	Loglikelihood: -10003.6	(delta): 0.000973511
208 (QN/EM) 	Elapsed: 0.001	Loglikelihood: -10003.6	(delta): 0.00385078
209 (QN/EM) 	Elapsed: 0.001	Loglikelihood: -10003.5	(delta): 0.00494184
210 (QN/EM) 	Elapsed: 0.001	Loglikelihood: -10003.5	(delta): 0.00128388
211 (QN/EM) 	Elapsed: 0.001	Loglikelihood: -10003.5	(delta): 0.00129027
212 (QN/EM) 	Elapsed: 0.001	Loglikelihood: -10003.5	(delta): 0.00343512
213 (QN/EM) 	Elapsed: 0.001	Loglikelihood: -10003.5	(delta): 0.0205367
214 (QN/EM) 	Elapsed: 0.001	Loglikelihood: -10003.5	(delta): 0.00933745
215 (QN/EM) 	Elapsed: 0.001	Loglikelihood: -10003.5	(delta): 0.00573227
216 (QN/EM) 	Elapsed: 0.001	Loglikelihood: -10003.5	(delta): 0.00484862
217 (QN/EM) 	Elapsed: 0.001	Loglikelihood: -10003.5	(delta): 0.0250348
218 (QN/EM) 	Elapsed: 0.001	Loglikelihood: -10003.5	(delta): 0.0197154
219 (QN/EM) 	Elapsed: 0.001	Loglikelihood: -10003.4	(delta): 0.0434959
220 (QN/EM) 	Elapsed: 0.001	Loglikelihood: -10003.4	(delta): 0.0245188
221 (QN/EM) 	Elapsed: 0.001	Loglikelihood: -10003.3	(delta): 0.0657605
222 (QN/EM) 	Elapsed: 0.001	Loglikelihood: -10003.2	(delta): 0.123157
223 (QN/EM) 	Elapsed: 0.001	Loglikelihood: -10003.1	(delta): 0.0596235
224 (QN/EM) 	Elapsed: 0.001	Loglikelihood: -10003	(delta): 0.1237
225 (QN/EM) 	Elapsed: 0.001	Loglikelihood: -10003	(delta): 0.0227361
226 (QN/EM) 	Elapsed: 0.001	Loglikelihood: -10002.8	(delta): 0.212911
227 (QN/EM) 	Elapsed: 0.001	Loglikelihood: -10002.7	(delta): 0.0595446
228 (QN/EM) 	Elapsed: 0.001	Loglikelihood: -10002.6	(delta): 0.1021
229 (QN/EM) 	Elapsed: 0.001	Loglikelihood: -10002.2	(delta): 0.371557
230 (QN/EM) 	Elapsed: 0.001	Loglikelihood: -10002.2	(delta): 0.0942623
231 (QN/EM) 	Elapsed: 0.001	Loglikelihood: -10001.9	(delta): 0.237864
232 (QN/EM) 	Elapsed: 0.001	Loglikelihood: -10001.8	(delta): 0.151311
233 (QN/EM) 	Elapsed: 0.001	Loglikelihood: -10001.4	(delta): 0.403967
234 (QN/EM) 	Elapsed: 0.001	Loglikelihood: -10001	(delta): 0.328815
235 (QN/EM) 	Elapsed: 0.001	Loglikelihood: -10000.7	(delta): 0.326791
236 (QN/EM) 	Elapsed: 0.001	Loglikelihood: -10000.3	(delta): 0.437728
237 (QN/EM) 	Elapsed: 0.001	Loglikelihood: -10000.2	(delta): 0.112941
238 (QN/EM) 	Elapsed: 0.001	Loglikelihood: -10000	(delta): 0.115401
239 (QN/EM) 	Elapsed: 0.001	Loglikelihood: -9999.89	(delta): 0.15115
240 (QN/EM) 	Elapsed: 0.001	Loglikelihood: -9999.74	(delta): 0.150344
241 (QN/EM) 	Elapsed: 0.001	Loglikelihood: -9999.61	(delta): 0.121736
242 (QN/EM) 	Elapsed: 0.001	Loglikelihood: -9999.23	(delta): 0.383335
243 (QN/EM) 	Elapsed: 0.001	Loglikelihood: -9998	(delta): 1.226
244 (QN/EM) 	Elapsed: 0.001	Loglikelihood: -9997.99	(delta): 0.0176614
245 (QN/EM) 	Elapsed: 0.001	Loglikelihood: -9997.98	(delta): 0.0104008
246 (QN/EM) 	Elapsed: 0.001	Loglikelihood: -9997.96	(delta): 0.015404
247 (QN/EM) 	Elapsed: 0.001	Loglikelihood: -9997.94	(delta): 0.0212122
248 (QN/EM) 	Elapsed: 0.001	Loglikelihood: -9997.91	(delta): 0.030289
249 (QN/EM) 	Elapsed: 0.001	Loglikelihood: -9997.9	(delta): 0.0104898
250 (QN/EM) 	Elapsed: 0.001	Loglikelihood: -9997.88	(delta): 0.0157063
251 (QN/EM) 	Elapsed: 0.001	Loglikelihood: -9997.88	(delta): 0.00769304
252 (QN/EM) 	Elapsed: 0.001	Loglikelihood: -9997.87	(delta): 0.00501653
253 (QN/EM) 	Elapsed: 0.001	Loglikelihood: -9997.86	(delta): 0.007646
254 (QN/EM) 	Elapsed: 0.001	Loglikelihood: -9997.86	(delta): 0.00144627
255 (QN/EM) 	Elapsed: 0.001	Loglikelihood: -9997.86	(delta): 0.00316358
256 (QN/EM) 	Elapsed: 0.001	Loglikelihood: -9997.86	(delta): 0.00290171
257 (QN/EM) 	Elapsed: 0.001	Loglikelihood: -9997.85	(delta): 0.00278943
258 (QN/EM) 	Elapsed: 0.001	Loglikelihood: -9997.85	(delta): 0.0014094
259 (QN/EM) 	Elapsed: 0.001	Loglikelihood: -9997.85	(delta): 0.00243278
260 (QN/EM) 	Elapsed: 0.001	Loglikelihood: -9997.85	(delta): 0.00241745
261 (QN/EM) 	Elapsed: 0.001	Loglikelihood: -9997.84	(delta): 0.00478764
262 (QN/EM) 	Elapsed: 0.001	Loglikelihood: -9997.84	(delta): 0.00208959
263 (QN/EM) 	Elapsed: 0.001	Loglikelihood: -9997.84	(delta): 0.00305407
264 (QN/EM) 	Elapsed: 0.001	Loglikelihood: -9997.83	(delta): 0.00243988
265 (QN/EM) 	Elapsed: 0.001	Loglikelihood: -9997.83	(delta): 0.00551149
266 (QN/EM) 	Elapsed: 0.001	Loglikelihood: -9997.83	(delta): 0.00271616
267 (QN/EM) 	Elapsed: 0.001	Loglikelihood: -9997.82	(delta): 0.005374
268 (QN/EM) 	Elapsed: 0.001	Loglikelihood: -9997.82	(delta): 0.0048504
269 (QN/EM) 	Elapsed: 0.001	Loglikelihood: -9997.8	(delta): 0.0154151
270 (QN/EM) 	Elapsed: 0.001	Loglikelihood: -9997.79	(delta): 0.00565089
271 (QN/EM) 	Elapsed: 0.001	Loglikelihood: -9997.78	(delta): 0.015542
272 (QN/EM) 	Elapsed: 0.001	Loglikelihood: -9997.77	(delta): 0.0109114
273 (QN/EM) 	Elapsed: 0.001	Loglikelihood: -9997.72	(delta): 0.0431788
274 (QN/EM) 	Elapsed: 0.001	Loglikelihood: -9997.71	(delta): 0.0111321
275 (QN/EM) 	Elapsed: 0.001	Loglikelihood: -9997.67	(delta): 0.0477314
276 (QN/EM) 	Elapsed: 0.001	Loglikelihood: -9997.64	(delta): 0.0213916
277 (QN/EM) 	Elapsed: 0.001	Loglikelihood: -9997.57	(delta): 0.0727361
278 (QN/EM) 	Elapsed: 0.001	Loglikelihood: -9997.56	(delta): 0.0123694
279 (QN/EM) 	Elapsed: 0.001	Loglikelihood: -9997.48	(delta): 0.0796026
280 (QN/EM) 	Elapsed: 0.001	Loglikelihood: -9997.47	(delta): 0.0123333
281 (QN/EM) 	Elapsed: 0.001	Loglikelihood: -9997.45	(delta): 0.0193964
282 (QN/EM) 	Elapsed: 0.001	Loglikelihood: -9997.44	(delta): 0.00651019
283 (QN/EM) 	Elapsed: 0.001	Loglikelihood: -9997.4	(delta): 0.0425189
284 (QN/EM) 	Elapsed: 0.001	Loglikelihood: -9997.39	(delta): 0.00524052
285 (QN/EM) 	Elapsed: 0.001	Loglikelihood: -9997.39	(delta): 0.00393126
286 (QN/EM) 	Elapsed: 0.001	Loglikelihood: -9997.39	(delta): 0.00122611
287 (QN/EM) 	Elapsed: 0.001	Loglikelihood: -9997.39	(delta): 0.00345394
288 (QN/EM) 	Elapsed: 0.001	Loglikelihood: -9997.38	(delta): 0.00577947
289 (QN/EM) 	Elapsed: 0.001	Loglikelihood: -9997.38	(delta): 0.00333432
290 (QN/EM) 	Elapsed: 0.001	Loglikelihood: -9997.37	(delta): 0.00181172
291 (QN/EM) 	Elapsed: 0.001	Loglikelihood: -9997.37	(delta): 0.00587661
292 (QN/EM) 	Elapsed: 0.001	Loglikelihood: -9997.36	(delta): 0.00467579
293 (QN/EM) 	Elapsed: 0.001	Loglikelihood: -9997.36	(delta): 0.00642666
294 (QN/EM) 	Elapsed: 0.001	Loglikelihood: -9997.35	(delta): 0.00422992
295 (QN/EM) 	Elapsed: 0.001	Loglikelihood: -9997.35	(delta): 0.00571592
296 (QN/EM) 	Elapsed: 0.001	Loglikelihood: -9997.34	(delta): 0.00444027
297 (QN/EM) 	Elapsed: 0.001	Loglikelihood: -9997.34	(delta): 0.00678022
298 (QN/EM) 	Elapsed: 0.001	Loglikelihood: -9997.33	(delta): 0.00567888
299 (QN/EM) 	Elapsed: 0.001	Loglikelihood: -9997.32	(delta): 0.00569938
300 (QN/EM) 	Elapsed: 0.001	Loglikelihood: -9997.32	(delta): 0.00494589
301 (QN/EM) 	Elapsed: 0.001	Loglikelihood: -9997.31	(delta): 0.00920224
302 (QN/EM) 	Elapsed: 0.001	Loglikelihood: -9997.3	(delta): 0.00709642
303 (QN/EM) 	Elapsed: 0.001	Loglikelihood: -9997.3	(delta): 0.00595972
304 (QN/EM) 	Elapsed: 0.001	Loglikelihood: -9997.29	(delta): 0.00556594
305 (QN/EM) 	Elapsed: 0.001	Loglikelihood: -9997.28	(delta): 0.0126716
306 (QN/EM) 	Elapsed: 0.001	Loglikelihood: -9997.27	(delta): 0.00883674
307 (QN/EM) 	Elapsed: 0.001	Loglikelihood: -9997.26	(delta): 0.00640762
308 (QN/EM) 	Elapsed: 0.001	Loglikelihood: -9997.26	(delta): 0.00661676
309 (QN/EM) 	Elapsed: 0.001	Loglikelihood: -9997.24	(delta): 0.0137948
310 (QN/EM) 	Elapsed: 0.001	Loglikelihood: -9997.23	(delta): 0.0121816
311 (QN/EM) 	Elapsed: 0.001	Loglikelihood: -9997.22	(delta): 0.00796423
312 (QN/EM) 	Elapsed: 0.001	Loglikelihood: -9997.22	(delta): 0.00859502
313 (QN/EM) 	Elapsed: 0.001	Loglikelihood: -9997.2	(delta): 0.0129507
314 (QN/EM) 	Elapsed: 0.001	Loglikelihood: -9997.18	(delta): 0.0180951
315 (QN/EM) 	Elapsed: 0.001	Loglikelihood: -9997.17	(delta): 0.0116197
316 (QN/EM) 	Elapsed: 0.001	Loglikelihood: -9997.16	(delta): 0.0113293
317 (QN/EM) 	Elapsed: 0.001	Loglikelihood: -9997.15	(delta): 0.0121787
318 (QN/EM) 	Elapsed: 0.001	Loglikelihood: -9997.12	(delta): 0.02689
319 (QN/EM) 	Elapsed: 0.001	Loglikelihood: -9997.1	(delta): 0.0175686
320 (QN/EM) 	Elapsed: 0.001	Loglikelihood: -9997.09	(delta): 0.0125406
321 (QN/EM) 	Elapsed: 0.001	Loglikelihood: -9997.08	(delta): 0.0117823
322 (QN/EM) 	Elapsed: 0.001	Loglikelihood: -9997.05	(delta): 0.0347089
323 (QN/EM) 	Elapsed: 0.001	Loglikelihood: -9997.02	(delta): 0.0220668
324 (QN/EM) 	Elapsed: 0.001	Loglikelihood: -9997.01	(delta): 0.0099801
325 (QN/EM) 	Elapsed: 0.001	Loglikelihood: -9997	(delta): 0.00969653
326 (QN/EM) 	Elapsed: 0.001	Loglikelihood: -9996.97	(delta): 0.0382089
327 (QN/EM) 	Elapsed: 0.001	Loglikelihood: -9996.95	(delta): 0.0172791
328 (QN/EM) 	Elapsed: 0.001	Loglikelihood: -9996.94	(delta): 0.00552838
329 (QN/EM) 	Elapsed: 0.001	Loglikelihood: -9996.94	(delta): 0.00547671
330 (QN/EM) 	Elapsed: 0.001	Loglikelihood: -9996.9	(delta): 0.032674
331 (QN/EM) 	Elapsed: 0.001	Loglikelihood: -9996.9	(delta): 0.00795838
332 (QN/EM) 	Elapsed: 0.001	Loglikelihood: -9996.89	(delta): 0.00233789
333 (QN/EM) 	Elapsed: 0.001	Loglikelihood: -9996.89	(delta): 0.00272331
334 (QN/EM) 	Elapsed: 0.001	Loglikelihood: -9996.87	(delta): 0.0178841
335 (QN/EM) 	Elapsed: 0.001	Loglikelihood: -9996.87	(delta): 0.00543527
336 (QN/EM) 	Elapsed: 0.001	Loglikelihood: -9996.87	(delta): 0.00139529
337 (QN/EM) 	Elapsed: 0.001	Loglikelihood: -9996.86	(delta): 0.00187372
338 (QN/EM) 	Elapsed: 0.001	Loglikelihood: -9996.85	(delta): 0.0131951
339 (QN/EM) 	Elapsed: 0.001	Loglikelihood: -9996.85	(delta): 0.00642435
340 (QN/EM) 	Elapsed: 0.001	Loglikelihood: -9996.84	(delta): 0.00160551
341 (QN/EM) 	Elapsed: 0.001	Loglikelihood: -9996.84	(delta): 0.00221992
342 (QN/EM) 	Elapsed: 0.001	Loglikelihood: -9996.82	(delta): 0.0196529
343 (QN/EM) 	Elapsed: 0.001	Loglikelihood: -9996.81	(delta): 0.011128
344 (QN/EM) 	Elapsed: 0.001	Loglikelihood: -9996.81	(delta): 0.00363328
345 (QN/EM) 	Elapsed: 0.001	Loglikelihood: -9996.8	(delta): 0.00367761
346 (QN/EM) 	Elapsed: 0.001	Loglikelihood: -9996.76	(delta): 0.0401971
347 (QN/EM) 	Elapsed: 0.001	Loglikelihood: -9996.74	(delta): 0.018714
348 (QN/EM) 	Elapsed: 0.001	Loglikelihood: -9996.74	(delta): 0.0092922
349 (QN/EM) 	Elapsed: 0.001	Loglikelihood: -9996.73	(delta): 0.00713409
350 (QN/EM) 	Elapsed: 0.001	Loglikelihood: -9996.63	(delta): 0.0962524
351 (QN/EM) 	Elapsed: 0.001	Loglikelihood: -9996.59	(delta): 0.0398886
352 (QN/EM) 	Elapsed: 0.001	Loglikelihood: -9996.56	(delta): 0.0284749
353 (QN/EM) 	Elapsed: 0.001	Loglikelihood: -9996.55	(delta): 0.0147702
354 (QN/EM) 	Elapsed: 0.001	Loglikelihood: -9996.48	(delta): 0.0714006
355 (QN/EM) 	Elapsed: 0.001	Loglikelihood: -9996.28	(delta): 0.201261
356 (QN/EM) 	Elapsed: 0.001	Loglikelihood: -9996.21	(delta): 0.0691481
357 (QN/EM) 	Elapsed: 0.001	Loglikelihood: -9996.19	(delta): 0.0158847
358 (QN/EM) 	Elapsed: 0.001	Loglikelihood: -9996.16	(delta): 0.0328274
359 (QN/EM) 	Elapsed: 0.001	Loglikelihood: -9996.13	(delta): 0.0246138
360 (QN/EM) 	Elapsed: 0.001	Loglikelihood: -9996.12	(delta): 0.0179144
361 (QN/EM) 	Elapsed: 0.001	Loglikelihood: -9996.1	(delta): 0.0183758
362 (QN/EM) 	Elapsed: 0.001	Loglikelihood: -9996.08	(delta): 0.0182721
363 (QN/EM) 	Elapsed: 0.001	Loglikelihood: -9996.07	(delta): 0.0109018
364 (QN/EM) 	Elapsed: 0.001	Loglikelihood: -9996.06	(delta): 0.00627719
365 (QN/EM) 	Elapsed: 0.001	Loglikelihood: -9996.06	(delta): 0.002602
366 (QN/EM) 	Elapsed: 0.001	Loglikelihood: -9996.06	(delta): 0.0026439
367 (QN/EM) 	Elapsed: 0.001	Loglikelihood: -9996.06	(delta): 0.000935776
368 (QN/EM) 	Elapsed: 0.001	Loglikelihood: -9996.05	(delta): 0.00136502
369 (QN/EM) 	Elapsed: 0.001	Loglikelihood: -9996.05	(delta): 0.000670675
370 (QN/EM) 	Elapsed: 0.001	Loglikelihood: -9996.05	(delta): 0.00137481
371 (QN/EM) 	Elapsed: 0.001	Loglikelihood: -9996.05	(delta): 0.000427537
372 (QN/EM) 	Elapsed: 0.001	Loglikelihood: -9996.05	(delta): 0.00105935
373 (QN/EM) 	Elapsed: 0.001	Loglikelihood: -9996.05	(delta): 0.000388691
374 (QN/EM) 	Elapsed: 0.001	Loglikelihood: -9996.05	(delta): 0.0011706
375 (QN/EM) 	Elapsed: 0.001	Loglikelihood: -9996.05	(delta): 0.000429998
376 (QN/EM) 	Elapsed: 0.001	Loglikelihood: -9996.05	(delta): 0.00173916
377 (QN/EM) 	Elapsed: 0.001	Loglikelihood: -9996.05	(delta): 0.000603341
378 (QN/EM) 	Elapsed: 0.001	Loglikelihood: -9996.04	(delta): 0.00238954
379 (QN/EM) 	Elapsed: 0.001	Loglikelihood: -9996.04	(delta): 0.000833945
380 (QN/EM) 	Elapsed: 0.001	Loglikelihood: -9996.04	(delta): 0.00646146
381 (QN/EM) 	Elapsed: 0.001	Loglikelihood: -9996.03	(delta): 0.00170122
382 (QN/EM) 	Elapsed: 0.001	Loglikelihood: -9996.02	(delta): 0.012295
383 (QN/EM) 	Elapsed: 0.001	Loglikelihood: -9996.02	(delta): 0.00309199
384 (QN/EM) 	Elapsed: 0.001	Loglikelihood: -9995.95	(delta): 0.074111
385 (QN/EM) 	Elapsed: 0.001	Loglikelihood: -9995.93	(delta): 0.0110578
386 (QN/EM) 	Elapsed: 0.001	Loglikelihood: -9995.81	(delta): 0.125361
387 (QN/EM) 	Elapsed: 0.001	Loglikelihood: -9995.78	(delta): 0.0266384
388 (QN/EM) 	Elapsed: 0.001	Loglikelihood: -9995.47	(delta): 0.310644
389 (QN/EM) 	Elapsed: 0.001	Loglikelihood: -9995.15	(delta): 0.323387
390 (QN/EM) 	Elapsed: 0.001	Loglikelihood: -9995.01	(delta): 0.138775
391 (QN/EM) 	Elapsed: 0.001	Loglikelihood: -9994.96	(delta): 0.0502374
392 (QN/EM) 	Elapsed: 0.001	Loglikelihood: -9994.91	(delta): 0.0471871
393 (QN/EM) 	Elapsed: 0.001	Loglikelihood: -9994.83	(delta): 0.0845871
394 (QN/EM) 	Elapsed: 0.001	Loglikelihood: -9994.78	(delta): 0.0447109
395 (QN/EM) 	Elapsed: 0.001	Loglikelihood: -9994.73	(delta): 0.0560289
396 (QN/EM) 	Elapsed: 0.001	Loglikelihood: -9994.67	(delta): 0.0539619
397 (QN/EM) 	Elapsed: 0.001	Loglikelihood: -9994.63	(delta): 0.0406406
398 (QN/EM) 	Elapsed: 0.001	Loglikelihood: -9994.6	(delta): 0.037132
399 (QN/EM) 	Elapsed: 0.001	Loglikelihood: -9994.57	(delta): 0.0279788
400 (QN/EM) 	Elapsed: 0.001	Loglikelihood: -9994.56	(delta): 0.00994333
401 (QN/EM) 	Elapsed: 0.001	Loglikelihood: -9994.54	(delta): 0.0215622
402 (QN/EM) 	Elapsed: 0.001	Loglikelihood: -9994.5	(delta): 0.0357315
403 (QN/EM) 	Elapsed: 0.001	Loglikelihood: -9994.49	(delta): 0.0057034
404 (QN/EM) 	Elapsed: 0.001	Loglikelihood: -9994.49	(delta): 0.00859348
405 (QN/EM) 	Elapsed: 0.001	Loglikelihood: -9994.48	(delta): 0.00305348
406 (QN/EM) 	Elapsed: 0.001	Loglikelihood: -9994.48	(delta): 0.00226742
407 (QN/EM) 	Elapsed: 0.001	Loglikelihood: -9994.48	(delta): 0.00137434
408 (QN/EM) 	Elapsed: 0.001	Loglikelihood: -9994.48	(delta): 0.00333824
409 (QN/EM) 	Elapsed: 0.001	Loglikelihood: -9994.47	(delta): 0.00571837
410 (QN/EM) 	Elapsed: 0.001	Loglikelihood: -9994.47	(delta): 0.00424511
411 (QN/EM) 	Elapsed: 0.001	Loglikelihood: -9994.46	(delta): 0.00136012
412 (QN/EM) 	Elapsed: 0.001	Loglikelihood: -9994.46	(delta): 0.00245908
413 (QN/EM) 	Elapsed: 0.001	Loglikelihood: -9994.46	(delta): 0.00260654
414 (QN/EM) 	Elapsed: 0.001	Loglikelihood: -9994.46	(delta): 0.000808905
415 (QN/EM) 	Elapsed: 0.001	Loglikelihood: -9994.46	(delta): 0.000532968
416 (QN/EM) 	Elapsed: 0.001	Loglikelihood: -9994.46	(delta): 0.000524574
417 (QN/EM) 	Elapsed: 0.001	Loglikelihood: -9994.46	(delta): 0.000933227
418 (QN/EM) 	Elapsed: 0.001	Loglikelihood: -9994.46	(delta): 0.000561568
419 (QN/EM) 	Elapsed: 0.001	Loglikelihood: -9994.46	(delta): 0.000336864
420 (QN/EM) 	Elapsed: 0.001	Loglikelihood: -9994.46	(delta): 0.000200066
421 (QN/EM) 	Elapsed: 0.001	Loglikelihood: -9994.45	(delta): 0.000341797
422 (QN/EM) 	Elapsed: 0.001	Loglikelihood: -9994.45	(delta): 0.000183651
423 (QN/EM) 	Elapsed: 0.001	Loglikelihood: -9994.45	(delta): 0.00016632
424 (QN/EM) 	Elapsed: 0.001	Loglikelihood: -9994.45	(delta): 0.00011156
425 (QN/EM) 	Elapsed: 0.001	Loglikelihood: -9994.45	(delta): 0.000219698
426 (QN/EM) 	Elapsed: 0.001	Loglikelihood: -9994.45	(delta): 0.00011942
427 (QN/EM) 	Elapsed: 0.001	Loglikelihood: -9994.45	(delta): 0.000180699
428 (QN/EM) 	Elapsed: 0.001	Loglikelihood: -9994.45	(delta): 9.6242e-05
Summary: 
Converged in 428 iterations (0.623 sec)
Loglikelihood: -9994.453818
Fst divergences between estimated populations: 
	Pop0	Pop1	
Pop0	
Pop1	0.232	
Pop2	0.188	0.208	
CV error (K=3): 0.85312
Writing output files.
