****                   ADMIXTURE Version 1.3.0                  ****
****                    Copyright 2008-2015                     ****
****           David Alexander, Suyash Shringarpure,            ****
****                John  Novembre, Ken Lange                   ****
****                                                            ****
****                 Please cite our paper!                     ****
****   Information at www.genetics.ucla.edu/software/admixture  ****

Cross-validation will be performed.  Folds=5.
Parallel execution requested.  Will use 5 threads.
Random seed: 43
Point estimation method: EM algorithm
Convergence acceleration algorithm: QuasiNewton, 3 secant conditions
Point estimation will terminate when objective function delta < 0.0001
Estimation of standard errors disabled; will compute point estimates only.
Size of G: 32x2668
Performing five EM steps to prime main algorithm
1 (EM) 	Elapsed: 0.016	Loglikelihood: -41884.2	(delta): 76481
2 (EM) 	Elapsed: 0.016	Loglikelihood: -37682.8	(delta): 4201.41
3 (EM) 	Elapsed: 0.016	Loglikelihood: -36440.8	(delta): 1242.02
4 (EM) 	Elapsed: 0.016	Loglikelihood: -35634.6	(delta): 806.141
5 (EM) 	Elapsed: 0.016	Loglikelihood: -35025.8	(delta): 608.862
Initial loglikelihood: -35025.8
Starting main algorithm
1 (QN/EM) 	Elapsed: 0.035	Loglikelihood: -34131.6	(delta): 894.158
2 (QN/EM) 	Elapsed: 0.035	Loglikelihood: -33472.6	(delta): 659.047
3 (QN/EM) 	Elapsed: 0.039	Loglikelihood: -31740.5	(delta): 1732.05
4 (QN/EM) 	Elapsed: 0.038	Loglikelihood: -31241.7	(delta): 498.858
5 (QN/EM) 	Elapsed: 0.038	Loglikelihood: -30807.4	(delta): 434.243
6 (QN/EM) 	Elapsed: 0.038	Loglikelihood: -29964.4	(delta): 843.046
7 (QN/EM) 	Elapsed: 0.038	Loglikelihood: -28836.1	(delta): 1128.32
8 (QN/EM) 	Elapsed: 0.038	Loglikelihood: -28521	(delta): 315.101
9 (QN/EM) 	Elapsed: 0.038	Loglikelihood: -28140.5	(delta): 380.468
10 (QN/EM) 	Elapsed: 0.038	Loglikelihood: -28001	(delta): 139.506
11 (QN/EM) 	Elapsed: 0.039	Loglikelihood: -27916.3	(delta): 84.6473
12 (QN/EM) 	Elapsed: 0.038	Loglikelihood: -27579.9	(delta): 336.459
13 (QN/EM) 	Elapsed: 0.038	Loglikelihood: -27462.6	(delta): 117.31
14 (QN/EM) 	Elapsed: 0.038	Loglikelihood: -27387.8	(delta): 74.8083
15 (QN/EM) 	Elapsed: 0.038	Loglikelihood: -27293	(delta): 94.7212
16 (QN/EM) 	Elapsed: 0.038	Loglikelihood: -27221.3	(delta): 71.7814
17 (QN/EM) 	Elapsed: 0.038	Loglikelihood: -27133.8	(delta): 87.4212
18 (QN/EM) 	Elapsed: 0.039	Loglikelihood: -27101.6	(delta): 32.2395
19 (QN/EM) 	Elapsed: 0.038	Loglikelihood: -26992.6	(delta): 109.017
20 (QN/EM) 	Elapsed: 0.038	Loglikelihood: -26927.1	(delta): 65.4907
21 (QN/EM) 	Elapsed: 0.038	Loglikelihood: -26878.7	(delta): 48.3768
22 (QN/EM) 	Elapsed: 0.038	Loglikelihood: -26861.9	(delta): 16.8212
23 (QN/EM) 	Elapsed: 0.039	Loglikelihood: -26850.4	(delta): 11.5135
24 (QN/EM) 	Elapsed: 0.04	Loglikelihood: -26839.3	(delta): 11.038
25 (QN/EM) 	Elapsed: 0.038	Loglikelihood: -26828.9	(delta): 10.4502
26 (QN/EM) 	Elapsed: 0.037	Loglikelihood: -26804.5	(delta): 24.418
27 (QN/EM) 	Elapsed: 0.037	Loglikelihood: -26771.8	(delta): 32.6708
28 (QN/EM) 	Elapsed: 0.037	Loglikelihood: -26758.2	(delta): 13.5449
29 (QN/EM) 	Elapsed: 0.037	Loglikelihood: -26709	(delta): 49.2447
30 (QN/EM) 	Elapsed: 0.038	Loglikelihood: -26694.1	(delta): 14.896
31 (QN/EM) 	Elapsed: 0.037	Loglikelihood: -26681.6	(delta): 12.487
32 (QN/EM) 	Elapsed: 0.037	Loglikelihood: -26668.5	(delta): 13.1043
33 (QN/EM) 	Elapsed: 0.037	Loglikelihood: -26660.4	(delta): 8.12001
34 (QN/EM) 	Elapsed: 0.037	Loglikelihood: -26653.4	(delta): 6.98843
35 (QN/EM) 	Elapsed: 0.038	Loglikelihood: -26638.3	(delta): 15.0725
36 (QN/EM) 	Elapsed: 0.037	Loglikelihood: -26581.6	(delta): 56.7036
37 (QN/EM) 	Elapsed: 0.037	Loglikelihood: -26568	(delta): 13.5841
38 (QN/EM) 	Elapsed: 0.037	Loglikelihood: -26560.1	(delta): 7.96512
39 (QN/EM) 	Elapsed: 0.038	Loglikelihood: -26556	(delta): 4.04966
40 (QN/EM) 	Elapsed: 0.037	Loglikelihood: -26545.9	(delta): 10.1422
41 (QN/EM) 	Elapsed: 0.037	Loglikelihood: -26539.2	(delta): 6.67982
42 (QN/EM) 	Elapsed: 0.037	Loglikelihood: -26535.9	(delta): 3.26728
43 (QN/EM) 	Elapsed: 0.037	Loglikelihood: -26531.4	(delta): 4.54179
44 (QN/EM) 	Elapsed: 0.038	Loglikelihood: -26529.2	(delta): 2.19493
45 (QN/EM) 	Elapsed: 0.037	Loglikelihood: -26525	(delta): 4.17106
46 (QN/EM) 	Elapsed: 0.037	Loglikelihood: -26511.8	(delta): 13.2108
47 (QN/EM) 	Elapsed: 0.037	Loglikelihood: -26509.2	(delta): 2.65456
48 (QN/EM) 	Elapsed: 0.038	Loglikelihood: -26499.5	(delta): 9.69337
49 (QN/EM) 	Elapsed: 0.038	Loglikelihood: -26499.4	(delta): 0.108668
50 (QN/EM) 	Elapsed: 0.038	Loglikelihood: -26499.3	(delta): 0.10769
51 (QN/EM) 	Elapsed: 0.037	Loglikelihood: -26497.2	(delta): 2.02089
52 (QN/EM) 	Elapsed: 0.038	Loglikelihood: -26497.2	(delta): 0.0894674
53 (QN/EM) 	Elapsed: 0.038	Loglikelihood: -26497.1	(delta): 0.0925827
54 (QN/EM) 	Elapsed: 0.038	Loglikelihood: -26497	(delta): 0.0967261
55 (QN/EM) 	Elapsed: 0.038	Loglikelihood: -26496.9	(delta): 0.101213
56 (QN/EM) 	Elapsed: 0.038	Loglikelihood: -26496.8	(delta): 0.106028
57 (QN/EM) 	Elapsed: 0.038	Loglikelihood: -26496.6	(delta): 0.111203
58 (QN/EM) 	Elapsed: 0.038	Loglikelihood: -26496.5	(delta): 0.116783
59 (QN/EM) 	Elapsed: 0.038	Loglikelihood: -26496.4	(delta): 0.122776
60 (QN/EM) 	Elapsed: 0.038	Loglikelihood: -26496.3	(delta): 0.129142
61 (QN/EM) 	Elapsed: 0.038	Loglikelihood: -26496.1	(delta): 0.135981
62 (QN/EM) 	Elapsed: 0.038	Loglikelihood: -26496	(delta): 0.143375
63 (QN/EM) 	Elapsed: 0.038	Loglikelihood: -26495.8	(delta): 0.151354
64 (QN/EM) 	Elapsed: 0.038	Loglikelihood: -26495.7	(delta): 0.159961
65 (QN/EM) 	Elapsed: 0.038	Loglikelihood: -26495.5	(delta): 0.169247
66 (QN/EM) 	Elapsed: 0.038	Loglikelihood: -26495.3	(delta): 0.179273
67 (QN/EM) 	Elapsed: 0.038	Loglikelihood: -26495.1	(delta): 0.190103
68 (QN/EM) 	Elapsed: 0.038	Loglikelihood: -26494.9	(delta): 0.201806
69 (QN/EM) 	Elapsed: 0.038	Loglikelihood: -26494.7	(delta): 0.214457
70 (QN/EM) 	Elapsed: 0.039	Loglikelihood: -26494.5	(delta): 0.228131
71 (QN/EM) 	Elapsed: 0.038	Loglikelihood: -26494.3	(delta): 0.242907
72 (QN/EM) 	Elapsed: 0.038	Loglikelihood: -26494	(delta): 0.258863
73 (QN/EM) 	Elapsed: 0.038	Loglikelihood: -26493.7	(delta): 0.276072
74 (QN/EM) 	Elapsed: 0.038	Loglikelihood: -26493.4	(delta): 0.294598
75 (QN/EM) 	Elapsed: 0.038	Loglikelihood: -26493.1	(delta): 0.314486
76 (QN/EM) 	Elapsed: 0.039	Loglikelihood: -26492.8	(delta): 0.335758
77 (QN/EM) 	Elapsed: 0.038	Loglikelihood: -26492.4	(delta): 0.358393
78 (QN/EM) 	Elapsed: 0.038	Loglikelihood: -26492	(delta): 0.382326
79 (QN/EM) 	Elapsed: 0.038	Loglikelihood: -26491.6	(delta): 0.407429
80 (QN/EM) 	Elapsed: 0.038	Loglikelihood: -26491.2	(delta): 0.433515
81 (QN/EM) 	Elapsed: 0.038	Loglikelihood: -26490.7	(delta): 0.460349
82 (QN/EM) 	Elapsed: 0.038	Loglikelihood: -26490.2	(delta): 0.487678
83 (QN/EM) 	Elapsed: 0.038	Loglikelihood: -26489.7	(delta): 0.515285
84 (QN/EM) 	Elapsed: 0.038	Loglikelihood: -26489.2	(delta): 0.543041
85 (QN/EM) 	Elapsed: 0.038	Loglikelihood: -26488.6	(delta): 0.570934
86 (QN/EM) 	Elapsed: 0.038	Loglikelihood: -26488	(delta): 0.59904
87 (QN/EM) 	Elapsed: 0.038	Loglikelihood: -26487.4	(delta): 0.627442
88 (QN/EM) 	Elapsed: 0.038	Loglikelihood: -26486.7	(delta): 0.656121
89 (QN/EM) 	Elapsed: 0.038	Loglikelihood: -26486.1	(delta): 0.684893
90 (QN/EM) 	Elapsed: 0.038	Loglikelihood: -26485.3	(delta): 0.713098
91 (QN/EM) 	Elapsed: 0.038	Loglikelihood: -26484.6	(delta): 0.74114
92 (QN/EM) 	Elapsed: 0.037	Loglikelihood: -26480.8	(delta): 3.75453
93 (QN/EM) 	Elapsed: 0.038	Loglikelihood: -26476.3	(delta): 4.52681
94 (QN/EM) 	Elapsed: 0.038	Loglikelihood: -26474.7	(delta): 1.63135
95 (QN/EM) 	Elapsed: 0.038	Loglikelihood: -26471	(delta): 3.65501
96 (QN/EM) 	Elapsed: 0.038	Loglikelihood: -26467.9	(delta): 3.14422
97 (QN/EM) 	Elapsed: 0.037	Loglikelihood: -26466.4	(delta): 1.52471
98 (QN/EM) 	Elapsed: 0.038	Loglikelihood: -26465.3	(delta): 1.04976
99 (QN/EM) 	Elapsed: 0.038	Loglikelihood: -26464.5	(delta): 0.77149
100 (QN/EM) 	Elapsed: 0.038	Loglikelihood: -26463.9	(delta): 0.649866
101 (QN/EM) 	Elapsed: 0.039	Loglikelihood: -26463.1	(delta): 0.766461
102 (QN/EM) 	Elapsed: 0.037	Loglikelihood: -26461.6	(delta): 1.52531
103 (QN/EM) 	Elapsed: 0.037	Loglikelihood: -26461.1	(delta): 0.535151
104 (QN/EM) 	Elapsed: 0.038	Loglikelihood: -26460.2	(delta): 0.911422
105 (QN/EM) 	Elapsed: 0.037	Loglikelihood: -26459.5	(delta): 0.631011
106 (QN/EM) 	Elapsed: 0.037	Loglikelihood: -26459.3	(delta): 0.253779
107 (QN/EM) 	Elapsed: 0.037	Loglikelihood: -26459.1	(delta): 0.207458
108 (QN/EM) 	Elapsed: 0.039	Loglikelihood: -26458.8	(delta): 0.252648
109 (QN/EM) 	Elapsed: 0.038	Loglikelihood: -26458.4	(delta): 0.37427
110 (QN/EM) 	Elapsed: 0.038	Loglikelihood: -26457.9	(delta): 0.529468
111 (QN/EM) 	Elapsed: 0.038	Loglikelihood: -26457.3	(delta): 0.594235
112 (QN/EM) 	Elapsed: 0.038	Loglikelihood: -26456.8	(delta): 0.5275
113 (QN/EM) 	Elapsed: 0.038	Loglikelihood: -26456.4	(delta): 0.407262
114 (QN/EM) 	Elapsed: 0.038	Loglikelihood: -26456.1	(delta): 0.315328
115 (QN/EM) 	Elapsed: 0.039	Loglikelihood: -26455.8	(delta): 0.270829
116 (QN/EM) 	Elapsed: 0.039	Loglikelihood: -26455.5	(delta): 0.26389
117 (QN/EM) 	Elapsed: 0.037	Loglikelihood: -26453.8	(delta): 1.72136
118 (QN/EM) 	Elapsed: 0.038	Loglikelihood: -26452.7	(delta): 1.12363
119 (QN/EM) 	Elapsed: 0.038	Loglikelihood: -26450.9	(delta): 1.75535
120 (QN/EM) 	Elapsed: 0.038	Loglikelihood: -26448	(delta): 2.89466
121 (QN/EM) 	Elapsed: 0.037	Loglikelihood: -26439	(delta): 9.05833
122 (QN/EM) 	Elapsed: 0.038	Loglikelihood: -26429.3	(delta): 9.62139
123 (QN/EM) 	Elapsed: 0.038	Loglikelihood: -26418.9	(delta): 10.4938
124 (QN/EM) 	Elapsed: 0.038	Loglikelihood: -26407.4	(delta): 11.4719
125 (QN/EM) 	Elapsed: 0.038	Loglikelihood: -26396.3	(delta): 11.0407
126 (QN/EM) 	Elapsed: 0.038	Loglikelihood: -26386.7	(delta): 9.62683
127 (QN/EM) 	Elapsed: 0.038	Loglikelihood: -26378.3	(delta): 8.36591
128 (QN/EM) 	Elapsed: 0.037	Loglikelihood: -26367.6	(delta): 10.7707
129 (QN/EM) 	Elapsed: 0.038	Loglikelihood: -26363.4	(delta): 4.15505
130 (QN/EM) 	Elapsed: 0.038	Loglikelihood: -26359.5	(delta): 3.9259
131 (QN/EM) 	Elapsed: 0.038	Loglikelihood: -26354.5	(delta): 5.0355
132 (QN/EM) 	Elapsed: 0.038	Loglikelihood: -26348	(delta): 6.4912
133 (QN/EM) 	Elapsed: 0.038	Loglikelihood: -26341.5	(delta): 6.47672
134 (QN/EM) 	Elapsed: 0.038	Loglikelihood: -26334.7	(delta): 6.81703
135 (QN/EM) 	Elapsed: 0.037	Loglikelihood: -26324.9	(delta): 9.74763
136 (QN/EM) 	Elapsed: 0.037	Loglikelihood: -26320.6	(delta): 4.35819
137 (QN/EM) 	Elapsed: 0.037	Loglikelihood: -26311.4	(delta): 9.14995
138 (QN/EM) 	Elapsed: 0.038	Loglikelihood: -26308.7	(delta): 2.74631
139 (QN/EM) 	Elapsed: 0.038	Loglikelihood: -26307.1	(delta): 1.54062
140 (QN/EM) 	Elapsed: 0.037	Loglikelihood: -26303.2	(delta): 3.91449
141 (QN/EM) 	Elapsed: 0.037	Loglikelihood: -26298.3	(delta): 4.9286
142 (QN/EM) 	Elapsed: 0.037	Loglikelihood: -26289.5	(delta): 8.80223
143 (QN/EM) 	Elapsed: 0.038	Loglikelihood: -26287	(delta): 2.51175
144 (QN/EM) 	Elapsed: 0.038	Loglikelihood: -26286.9	(delta): 0.0595099
145 (QN/EM) 	Elapsed: 0.038	Loglikelihood: -26286.9	(delta): 0.0540651
146 (QN/EM) 	Elapsed: 0.038	Loglikelihood: -26286.8	(delta): 0.0491187
147 (QN/EM) 	Elapsed: 0.037	Loglikelihood: -26286.3	(delta): 0.476059
148 (QN/EM) 	Elapsed: 0.038	Loglikelihood: -26286.3	(delta): 0.000334891
149 (QN/EM) 	Elapsed: 0.038	Loglikelihood: -26286.3	(delta): 8.47157e-05
Summary: 
Converged in 149 iterations (5.872 sec)
Loglikelihood: -26286.338214
Fst divergences between estimated populations: 
	Pop0	Pop1	Pop2	Pop3	Pop4	Pop5	Pop6	Pop7	Pop8	
Pop0	
Pop1	0.246	
Pop2	0.248	0.199	
Pop3	0.229	0.156	0.164	
Pop4	0.330	0.246	0.278	0.229	
Pop5	0.251	0.221	0.193	0.181	0.284	
Pop6	0.268	0.243	0.222	0.211	0.315	0.202	
Pop7	0.286	0.184	0.229	0.192	0.286	0.250	0.278	
Pop8	0.240	0.207	0.188	0.171	0.272	0.186	0.203	0.234	
Pop9	0.254	0.203	0.189	0.161	0.277	0.193	0.227	0.239	0.190	
CV error (K=10): 1.26249
Writing output files.
