****                   ADMIXTURE Version 1.3.0                  ****
****                    Copyright 2008-2015                     ****
****           David Alexander, Suyash Shringarpure,            ****
****                John  Novembre, Ken Lange                   ****
****                                                            ****
****                 Please cite our paper!                     ****
****   Information at www.genetics.ucla.edu/software/admixture  ****

Cross-validation will be performed.  Folds=5.
Parallel execution requested.  Will use 5 threads.
Random seed: 43
Point estimation method: EM algorithm
Convergence acceleration algorithm: QuasiNewton, 3 secant conditions
Point estimation will terminate when objective function delta < 0.0001
Estimation of standard errors disabled; will compute point estimates only.
Size of G: 32x2668
Performing five EM steps to prime main algorithm
1 (EM) 	Elapsed: 0.004	Loglikelihood: -42233.7	(delta): 87503.4
2 (EM) 	Elapsed: 0.004	Loglikelihood: -39016.7	(delta): 3216.96
3 (EM) 	Elapsed: 0.004	Loglikelihood: -38311.1	(delta): 705.594
4 (EM) 	Elapsed: 0.004	Loglikelihood: -37920.9	(delta): 390.198
5 (EM) 	Elapsed: 0.004	Loglikelihood: -37657.6	(delta): 263.342
Initial loglikelihood: -37657.6
Starting main algorithm
1 (QN/EM) 	Elapsed: 0.007	Loglikelihood: -37335.7	(delta): 321.948
2 (QN/EM) 	Elapsed: 0.007	Loglikelihood: -37151.2	(delta): 184.432
3 (QN/EM) 	Elapsed: 0.009	Loglikelihood: -36815.5	(delta): 335.765
4 (QN/EM) 	Elapsed: 0.008	Loglikelihood: -36735.9	(delta): 79.5347
5 (QN/EM) 	Elapsed: 0.008	Loglikelihood: -36548.5	(delta): 187.41
6 (QN/EM) 	Elapsed: 0.008	Loglikelihood: -36418.6	(delta): 129.868
7 (QN/EM) 	Elapsed: 0.009	Loglikelihood: -35925.3	(delta): 493.392
8 (QN/EM) 	Elapsed: 0.008	Loglikelihood: -35885.3	(delta): 39.9547
9 (QN/EM) 	Elapsed: 0.008	Loglikelihood: -35841.7	(delta): 43.6059
10 (QN/EM) 	Elapsed: 0.008	Loglikelihood: -35814.2	(delta): 27.504
11 (QN/EM) 	Elapsed: 0.008	Loglikelihood: -35787.9	(delta): 26.335
12 (QN/EM) 	Elapsed: 0.008	Loglikelihood: -35768.9	(delta): 19.0062
13 (QN/EM) 	Elapsed: 0.008	Loglikelihood: -35709.2	(delta): 59.6048
14 (QN/EM) 	Elapsed: 0.008	Loglikelihood: -35627.8	(delta): 81.4371
15 (QN/EM) 	Elapsed: 0.008	Loglikelihood: -35577.3	(delta): 50.4664
16 (QN/EM) 	Elapsed: 0.008	Loglikelihood: -35523.2	(delta): 54.1094
17 (QN/EM) 	Elapsed: 0.008	Loglikelihood: -35480.2	(delta): 43.0188
18 (QN/EM) 	Elapsed: 0.008	Loglikelihood: -35441.7	(delta): 38.4737
19 (QN/EM) 	Elapsed: 0.008	Loglikelihood: -35420.2	(delta): 21.5214
20 (QN/EM) 	Elapsed: 0.008	Loglikelihood: -35375.7	(delta): 44.5009
21 (QN/EM) 	Elapsed: 0.008	Loglikelihood: -35344.5	(delta): 31.1763
22 (QN/EM) 	Elapsed: 0.008	Loglikelihood: -35295.7	(delta): 48.7977
23 (QN/EM) 	Elapsed: 0.008	Loglikelihood: -35218.9	(delta): 76.8201
24 (QN/EM) 	Elapsed: 0.008	Loglikelihood: -35157.4	(delta): 61.5551
25 (QN/EM) 	Elapsed: 0.008	Loglikelihood: -35112.6	(delta): 44.7868
26 (QN/EM) 	Elapsed: 0.008	Loglikelihood: -35080.7	(delta): 31.8326
27 (QN/EM) 	Elapsed: 0.008	Loglikelihood: -35043.2	(delta): 37.5429
28 (QN/EM) 	Elapsed: 0.008	Loglikelihood: -34958.5	(delta): 84.6603
29 (QN/EM) 	Elapsed: 0.008	Loglikelihood: -34911.1	(delta): 47.4805
30 (QN/EM) 	Elapsed: 0.008	Loglikelihood: -34879.4	(delta): 31.6977
31 (QN/EM) 	Elapsed: 0.008	Loglikelihood: -34855.1	(delta): 24.2576
32 (QN/EM) 	Elapsed: 0.008	Loglikelihood: -34837.1	(delta): 18.0367
33 (QN/EM) 	Elapsed: 0.008	Loglikelihood: -34807.6	(delta): 29.4813
34 (QN/EM) 	Elapsed: 0.009	Loglikelihood: -34751.8	(delta): 55.8356
35 (QN/EM) 	Elapsed: 0.008	Loglikelihood: -34731.6	(delta): 20.1273
36 (QN/EM) 	Elapsed: 0.008	Loglikelihood: -34702.2	(delta): 29.4372
37 (QN/EM) 	Elapsed: 0.008	Loglikelihood: -34684	(delta): 18.1519
38 (QN/EM) 	Elapsed: 0.008	Loglikelihood: -34657.9	(delta): 26.1598
39 (QN/EM) 	Elapsed: 0.008	Loglikelihood: -34642	(delta): 15.908
40 (QN/EM) 	Elapsed: 0.008	Loglikelihood: -34631.3	(delta): 10.6382
41 (QN/EM) 	Elapsed: 0.008	Loglikelihood: -34615.7	(delta): 15.602
42 (QN/EM) 	Elapsed: 0.008	Loglikelihood: -34602.5	(delta): 13.261
43 (QN/EM) 	Elapsed: 0.008	Loglikelihood: -34594.6	(delta): 7.85976
44 (QN/EM) 	Elapsed: 0.008	Loglikelihood: -34573.5	(delta): 21.1052
45 (QN/EM) 	Elapsed: 0.008	Loglikelihood: -34565.9	(delta): 7.62414
46 (QN/EM) 	Elapsed: 0.008	Loglikelihood: -34558.3	(delta): 7.54459
47 (QN/EM) 	Elapsed: 0.008	Loglikelihood: -34552.4	(delta): 5.95156
48 (QN/EM) 	Elapsed: 0.008	Loglikelihood: -34544.6	(delta): 7.73744
49 (QN/EM) 	Elapsed: 0.008	Loglikelihood: -34538.2	(delta): 6.48192
50 (QN/EM) 	Elapsed: 0.008	Loglikelihood: -34533.4	(delta): 4.74463
51 (QN/EM) 	Elapsed: 0.008	Loglikelihood: -34527.3	(delta): 6.14839
52 (QN/EM) 	Elapsed: 0.008	Loglikelihood: -34518.2	(delta): 9.03824
53 (QN/EM) 	Elapsed: 0.008	Loglikelihood: -34514.9	(delta): 3.30303
54 (QN/EM) 	Elapsed: 0.008	Loglikelihood: -34511.1	(delta): 3.86803
55 (QN/EM) 	Elapsed: 0.008	Loglikelihood: -34508.2	(delta): 2.85464
56 (QN/EM) 	Elapsed: 0.008	Loglikelihood: -34504.8	(delta): 3.42787
57 (QN/EM) 	Elapsed: 0.008	Loglikelihood: -34503.5	(delta): 1.26244
58 (QN/EM) 	Elapsed: 0.008	Loglikelihood: -34499.1	(delta): 4.46341
59 (QN/EM) 	Elapsed: 0.008	Loglikelihood: -34495.9	(delta): 3.17336
60 (QN/EM) 	Elapsed: 0.008	Loglikelihood: -34493.4	(delta): 2.49886
61 (QN/EM) 	Elapsed: 0.008	Loglikelihood: -34490.8	(delta): 2.54721
62 (QN/EM) 	Elapsed: 0.008	Loglikelihood: -34488.4	(delta): 2.4203
63 (QN/EM) 	Elapsed: 0.008	Loglikelihood: -34487.3	(delta): 1.12842
64 (QN/EM) 	Elapsed: 0.008	Loglikelihood: -34484.9	(delta): 2.41718
65 (QN/EM) 	Elapsed: 0.008	Loglikelihood: -34484	(delta): 0.830853
66 (QN/EM) 	Elapsed: 0.009	Loglikelihood: -34483.2	(delta): 0.815018
67 (QN/EM) 	Elapsed: 0.008	Loglikelihood: -34480.8	(delta): 2.38618
68 (QN/EM) 	Elapsed: 0.008	Loglikelihood: -34478.4	(delta): 2.44693
69 (QN/EM) 	Elapsed: 0.008	Loglikelihood: -34476.2	(delta): 2.2007
70 (QN/EM) 	Elapsed: 0.008	Loglikelihood: -34473.5	(delta): 2.71264
71 (QN/EM) 	Elapsed: 0.008	Loglikelihood: -34468.3	(delta): 5.1712
72 (QN/EM) 	Elapsed: 0.008	Loglikelihood: -34463.6	(delta): 4.72581
73 (QN/EM) 	Elapsed: 0.008	Loglikelihood: -34459.8	(delta): 3.79548
74 (QN/EM) 	Elapsed: 0.008	Loglikelihood: -34457.4	(delta): 2.36473
75 (QN/EM) 	Elapsed: 0.008	Loglikelihood: -34453.3	(delta): 4.1269
76 (QN/EM) 	Elapsed: 0.008	Loglikelihood: -34446.9	(delta): 6.36778
77 (QN/EM) 	Elapsed: 0.009	Loglikelihood: -34443.9	(delta): 3.04245
78 (QN/EM) 	Elapsed: 0.008	Loglikelihood: -34441.4	(delta): 2.47226
79 (QN/EM) 	Elapsed: 0.008	Loglikelihood: -34436	(delta): 5.38263
80 (QN/EM) 	Elapsed: 0.008	Loglikelihood: -34432.4	(delta): 3.64537
81 (QN/EM) 	Elapsed: 0.009	Loglikelihood: -34431.4	(delta): 1.00705
82 (QN/EM) 	Elapsed: 0.008	Loglikelihood: -34427.7	(delta): 3.71052
83 (QN/EM) 	Elapsed: 0.009	Loglikelihood: -34421.1	(delta): 6.54723
84 (QN/EM) 	Elapsed: 0.008	Loglikelihood: -34418.6	(delta): 2.50917
85 (QN/EM) 	Elapsed: 0.008	Loglikelihood: -34415.6	(delta): 2.99117
86 (QN/EM) 	Elapsed: 0.008	Loglikelihood: -34414.3	(delta): 1.31714
87 (QN/EM) 	Elapsed: 0.008	Loglikelihood: -34413	(delta): 1.31156
88 (QN/EM) 	Elapsed: 0.008	Loglikelihood: -34411.7	(delta): 1.2612
89 (QN/EM) 	Elapsed: 0.008	Loglikelihood: -34408.3	(delta): 3.40577
90 (QN/EM) 	Elapsed: 0.009	Loglikelihood: -34406.6	(delta): 1.68914
91 (QN/EM) 	Elapsed: 0.009	Loglikelihood: -34405.2	(delta): 1.40171
92 (QN/EM) 	Elapsed: 0.008	Loglikelihood: -34401.7	(delta): 3.55213
93 (QN/EM) 	Elapsed: 0.009	Loglikelihood: -34400.8	(delta): 0.900281
94 (QN/EM) 	Elapsed: 0.008	Loglikelihood: -34398	(delta): 2.80551
95 (QN/EM) 	Elapsed: 0.009	Loglikelihood: -34397.3	(delta): 0.688473
96 (QN/EM) 	Elapsed: 0.008	Loglikelihood: -34388.4	(delta): 8.88601
97 (QN/EM) 	Elapsed: 0.009	Loglikelihood: -34386.3	(delta): 2.07143
98 (QN/EM) 	Elapsed: 0.008	Loglikelihood: -34383.6	(delta): 2.73124
99 (QN/EM) 	Elapsed: 0.008	Loglikelihood: -34381.9	(delta): 1.72443
100 (QN/EM) 	Elapsed: 0.008	Loglikelihood: -34378.8	(delta): 3.0561
101 (QN/EM) 	Elapsed: 0.008	Loglikelihood: -34376.6	(delta): 2.21366
102 (QN/EM) 	Elapsed: 0.008	Loglikelihood: -34374.8	(delta): 1.84533
103 (QN/EM) 	Elapsed: 0.008	Loglikelihood: -34373.3	(delta): 1.49666
104 (QN/EM) 	Elapsed: 0.009	Loglikelihood: -34372.5	(delta): 0.734352
105 (QN/EM) 	Elapsed: 0.008	Loglikelihood: -34369.8	(delta): 2.75124
106 (QN/EM) 	Elapsed: 0.008	Loglikelihood: -34364.8	(delta): 5.01709
107 (QN/EM) 	Elapsed: 0.008	Loglikelihood: -34354.8	(delta): 9.92049
108 (QN/EM) 	Elapsed: 0.009	Loglikelihood: -34352.5	(delta): 2.36374
109 (QN/EM) 	Elapsed: 0.009	Loglikelihood: -34351.8	(delta): 0.687586
110 (QN/EM) 	Elapsed: 0.009	Loglikelihood: -34351.4	(delta): 0.361529
111 (QN/EM) 	Elapsed: 0.008	Loglikelihood: -34350.5	(delta): 0.936003
112 (QN/EM) 	Elapsed: 0.009	Loglikelihood: -34349.8	(delta): 0.662807
113 (QN/EM) 	Elapsed: 0.009	Loglikelihood: -34349.6	(delta): 0.178384
114 (QN/EM) 	Elapsed: 0.008	Loglikelihood: -34344.7	(delta): 4.93745
115 (QN/EM) 	Elapsed: 0.008	Loglikelihood: -34344.6	(delta): 0.13454
116 (QN/EM) 	Elapsed: 0.008	Loglikelihood: -34344.5	(delta): 0.105304
117 (QN/EM) 	Elapsed: 0.008	Loglikelihood: -34344.4	(delta): 0.0854699
118 (QN/EM) 	Elapsed: 0.008	Loglikelihood: -34338.9	(delta): 5.4851
119 (QN/EM) 	Elapsed: 0.008	Loglikelihood: -34327.6	(delta): 11.2966
120 (QN/EM) 	Elapsed: 0.008	Loglikelihood: -34307.8	(delta): 19.8073
121 (QN/EM) 	Elapsed: 0.008	Loglikelihood: -34299.3	(delta): 8.45757
122 (QN/EM) 	Elapsed: 0.008	Loglikelihood: -34294	(delta): 5.31712
123 (QN/EM) 	Elapsed: 0.008	Loglikelihood: -34291.8	(delta): 2.25138
124 (QN/EM) 	Elapsed: 0.008	Loglikelihood: -34290.1	(delta): 1.68255
125 (QN/EM) 	Elapsed: 0.008	Loglikelihood: -34289	(delta): 1.11935
126 (QN/EM) 	Elapsed: 0.008	Loglikelihood: -34286.4	(delta): 2.59158
127 (QN/EM) 	Elapsed: 0.008	Loglikelihood: -34284.9	(delta): 1.46903
128 (QN/EM) 	Elapsed: 0.008	Loglikelihood: -34284.4	(delta): 0.515543
129 (QN/EM) 	Elapsed: 0.008	Loglikelihood: -34284.2	(delta): 0.157375
130 (QN/EM) 	Elapsed: 0.009	Loglikelihood: -34283.9	(delta): 0.288345
131 (QN/EM) 	Elapsed: 0.009	Loglikelihood: -34283.4	(delta): 0.578539
132 (QN/EM) 	Elapsed: 0.009	Loglikelihood: -34282.5	(delta): 0.882147
133 (QN/EM) 	Elapsed: 0.009	Loglikelihood: -34281.4	(delta): 1.11318
134 (QN/EM) 	Elapsed: 0.009	Loglikelihood: -34280	(delta): 1.38406
135 (QN/EM) 	Elapsed: 0.008	Loglikelihood: -34277.7	(delta): 2.28362
136 (QN/EM) 	Elapsed: 0.008	Loglikelihood: -34273.9	(delta): 3.79383
137 (QN/EM) 	Elapsed: 0.009	Loglikelihood: -34272.6	(delta): 1.30084
138 (QN/EM) 	Elapsed: 0.008	Loglikelihood: -34269.6	(delta): 2.98243
139 (QN/EM) 	Elapsed: 0.008	Loglikelihood: -34267.7	(delta): 1.9757
140 (QN/EM) 	Elapsed: 0.008	Loglikelihood: -34266.2	(delta): 1.4872
141 (QN/EM) 	Elapsed: 0.008	Loglikelihood: -34265.6	(delta): 0.61194
142 (QN/EM) 	Elapsed: 0.009	Loglikelihood: -34263.6	(delta): 1.97294
143 (QN/EM) 	Elapsed: 0.008	Loglikelihood: -34263.1	(delta): 0.48265
144 (QN/EM) 	Elapsed: 0.008	Loglikelihood: -34261.5	(delta): 1.58815
145 (QN/EM) 	Elapsed: 0.009	Loglikelihood: -34260.9	(delta): 0.641494
146 (QN/EM) 	Elapsed: 0.008	Loglikelihood: -34259.4	(delta): 1.48472
147 (QN/EM) 	Elapsed: 0.008	Loglikelihood: -34258.1	(delta): 1.29418
148 (QN/EM) 	Elapsed: 0.008	Loglikelihood: -34257.7	(delta): 0.368823
149 (QN/EM) 	Elapsed: 0.008	Loglikelihood: -34256.7	(delta): 0.986375
150 (QN/EM) 	Elapsed: 0.009	Loglikelihood: -34256.4	(delta): 0.356187
151 (QN/EM) 	Elapsed: 0.008	Loglikelihood: -34255	(delta): 1.38191
152 (QN/EM) 	Elapsed: 0.008	Loglikelihood: -34254.5	(delta): 0.480411
153 (QN/EM) 	Elapsed: 0.008	Loglikelihood: -34254.2	(delta): 0.293333
154 (QN/EM) 	Elapsed: 0.008	Loglikelihood: -34253.9	(delta): 0.28305
155 (QN/EM) 	Elapsed: 0.008	Loglikelihood: -34253.1	(delta): 0.81287
156 (QN/EM) 	Elapsed: 0.008	Loglikelihood: -34252.8	(delta): 0.343548
157 (QN/EM) 	Elapsed: 0.009	Loglikelihood: -34252.5	(delta): 0.323315
158 (QN/EM) 	Elapsed: 0.008	Loglikelihood: -34251.6	(delta): 0.869682
159 (QN/EM) 	Elapsed: 0.008	Loglikelihood: -34247.6	(delta): 3.98523
160 (QN/EM) 	Elapsed: 0.008	Loglikelihood: -34243.9	(delta): 3.74329
161 (QN/EM) 	Elapsed: 0.008	Loglikelihood: -34243.8	(delta): 0.0508519
162 (QN/EM) 	Elapsed: 0.008	Loglikelihood: -34243.8	(delta): 0.0197431
163 (QN/EM) 	Elapsed: 0.008	Loglikelihood: -34243.4	(delta): 0.397246
164 (QN/EM) 	Elapsed: 0.008	Loglikelihood: -34243.4	(delta): 0.0372019
165 (QN/EM) 	Elapsed: 0.008	Loglikelihood: -34243.4	(delta): 0.000943822
166 (QN/EM) 	Elapsed: 0.008	Loglikelihood: -34243.4	(delta): 0.000948408
167 (QN/EM) 	Elapsed: 0.008	Loglikelihood: -34243.4	(delta): 0.000954844
168 (QN/EM) 	Elapsed: 0.008	Loglikelihood: -34243.4	(delta): 0.000961404
169 (QN/EM) 	Elapsed: 0.008	Loglikelihood: -34243.4	(delta): 0.000966801
170 (QN/EM) 	Elapsed: 0.009	Loglikelihood: -34243.3	(delta): 0.000969866
171 (QN/EM) 	Elapsed: 0.009	Loglikelihood: -34243.3	(delta): 0.000969564
172 (QN/EM) 	Elapsed: 0.008	Loglikelihood: -34243.3	(delta): 0.000965048
173 (QN/EM) 	Elapsed: 0.008	Loglikelihood: -34243.3	(delta): 0.0169117
174 (QN/EM) 	Elapsed: 0.008	Loglikelihood: -34243.3	(delta): 0.00124903
175 (QN/EM) 	Elapsed: 0.008	Loglikelihood: -34243.3	(delta): 0.00055397
176 (QN/EM) 	Elapsed: 0.009	Loglikelihood: -34243.3	(delta): 0.000549937
177 (QN/EM) 	Elapsed: 0.008	Loglikelihood: -34243.3	(delta): 0.000561617
178 (QN/EM) 	Elapsed: 0.008	Loglikelihood: -34243.3	(delta): 0.000949889
179 (QN/EM) 	Elapsed: 0.008	Loglikelihood: -34243.3	(delta): 0.000384342
180 (QN/EM) 	Elapsed: 0.008	Loglikelihood: -34243.3	(delta): 0.000301844
181 (QN/EM) 	Elapsed: 0.008	Loglikelihood: -34243.3	(delta): 0.000522272
182 (QN/EM) 	Elapsed: 0.008	Loglikelihood: -34243.3	(delta): 0.000469332
183 (QN/EM) 	Elapsed: 0.008	Loglikelihood: -34243.3	(delta): 0.000686501
184 (QN/EM) 	Elapsed: 0.008	Loglikelihood: -34243.3	(delta): 0.00928061
185 (QN/EM) 	Elapsed: 0.008	Loglikelihood: -34243.3	(delta): 0.00529536
186 (QN/EM) 	Elapsed: 0.009	Loglikelihood: -34243.3	(delta): 0.0111084
187 (QN/EM) 	Elapsed: 0.008	Loglikelihood: -34243.3	(delta): 0.00565341
188 (QN/EM) 	Elapsed: 0.008	Loglikelihood: -34243.3	(delta): 0.00628358
189 (QN/EM) 	Elapsed: 0.008	Loglikelihood: -34243.3	(delta): 0.00690088
190 (QN/EM) 	Elapsed: 0.008	Loglikelihood: -34243.3	(delta): 0.0226272
191 (QN/EM) 	Elapsed: 0.008	Loglikelihood: -34243.2	(delta): 0.00975749
192 (QN/EM) 	Elapsed: 0.008	Loglikelihood: -34243.2	(delta): 0.00952903
193 (QN/EM) 	Elapsed: 0.008	Loglikelihood: -34243.2	(delta): 0.0763754
194 (QN/EM) 	Elapsed: 0.009	Loglikelihood: -34243.2	(delta): 0.00900664
195 (QN/EM) 	Elapsed: 0.008	Loglikelihood: -34243.1	(delta): 0.00835119
196 (QN/EM) 	Elapsed: 0.008	Loglikelihood: -34243	(delta): 0.191453
197 (QN/EM) 	Elapsed: 0.008	Loglikelihood: -34242.9	(delta): 0.0177176
198 (QN/EM) 	Elapsed: 0.008	Loglikelihood: -34242.9	(delta): 0.034458
199 (QN/EM) 	Elapsed: 0.008	Loglikelihood: -34242.8	(delta): 0.0571563
200 (QN/EM) 	Elapsed: 0.009	Loglikelihood: -34242.8	(delta): 0.00630018
201 (QN/EM) 	Elapsed: 0.009	Loglikelihood: -34242.8	(delta): 0.0083009
202 (QN/EM) 	Elapsed: 0.009	Loglikelihood: -34242.8	(delta): 0.0110084
203 (QN/EM) 	Elapsed: 0.009	Loglikelihood: -34242.8	(delta): 0.0143031
204 (QN/EM) 	Elapsed: 0.008	Loglikelihood: -34242.6	(delta): 0.213841
205 (QN/EM) 	Elapsed: 0.009	Loglikelihood: -34242.5	(delta): 0.041701
206 (QN/EM) 	Elapsed: 0.008	Loglikelihood: -34242.5	(delta): 0.0899822
207 (QN/EM) 	Elapsed: 0.009	Loglikelihood: -34242.4	(delta): 0.0149413
208 (QN/EM) 	Elapsed: 0.009	Loglikelihood: -34242.4	(delta): 0.0177702
209 (QN/EM) 	Elapsed: 0.009	Loglikelihood: -34242.4	(delta): 0.0207666
210 (QN/EM) 	Elapsed: 0.009	Loglikelihood: -34242.4	(delta): 0.0229603
211 (QN/EM) 	Elapsed: 0.009	Loglikelihood: -34242.4	(delta): 0.0237267
212 (QN/EM) 	Elapsed: 0.009	Loglikelihood: -34242.3	(delta): 0.0229947
213 (QN/EM) 	Elapsed: 0.008	Loglikelihood: -34242.3	(delta): 0.0842313
214 (QN/EM) 	Elapsed: 0.009	Loglikelihood: -34242.2	(delta): 0.0153323
215 (QN/EM) 	Elapsed: 0.008	Loglikelihood: -34242.2	(delta): 0.0371248
216 (QN/EM) 	Elapsed: 0.008	Loglikelihood: -34242.2	(delta): 0.0237317
217 (QN/EM) 	Elapsed: 0.008	Loglikelihood: -34242.1	(delta): 0.060883
218 (QN/EM) 	Elapsed: 0.009	Loglikelihood: -34242.1	(delta): 0.00334663
219 (QN/EM) 	Elapsed: 0.008	Loglikelihood: -34242.1	(delta): 0.0105993
220 (QN/EM) 	Elapsed: 0.008	Loglikelihood: -34242.1	(delta): 0.0051156
221 (QN/EM) 	Elapsed: 0.008	Loglikelihood: -34242.1	(delta): 0.0141304
222 (QN/EM) 	Elapsed: 0.008	Loglikelihood: -34242.1	(delta): 0.00381423
223 (QN/EM) 	Elapsed: 0.008	Loglikelihood: -34242.1	(delta): 0.00720631
224 (QN/EM) 	Elapsed: 0.008	Loglikelihood: -34242.1	(delta): 0.00226695
225 (QN/EM) 	Elapsed: 0.008	Loglikelihood: -34242.1	(delta): 0.00188163
226 (QN/EM) 	Elapsed: 0.009	Loglikelihood: -34242.1	(delta): 0.000294358
227 (QN/EM) 	Elapsed: 0.009	Loglikelihood: -34242.1	(delta): 0.000314022
228 (QN/EM) 	Elapsed: 0.009	Loglikelihood: -34242.1	(delta): 0.000336028
229 (QN/EM) 	Elapsed: 0.009	Loglikelihood: -34242.1	(delta): 0.000358669
230 (QN/EM) 	Elapsed: 0.009	Loglikelihood: -34242.1	(delta): 0.000381085
231 (QN/EM) 	Elapsed: 0.009	Loglikelihood: -34242.1	(delta): 0.000402501
232 (QN/EM) 	Elapsed: 0.009	Loglikelihood: -34242.1	(delta): 0.000422146
233 (QN/EM) 	Elapsed: 0.008	Loglikelihood: -34242.1	(delta): 0.00803113
234 (QN/EM) 	Elapsed: 0.009	Loglikelihood: -34242.1	(delta): 6.57526e-05
Summary: 
Converged in 234 iterations (2.097 sec)
Loglikelihood: -34242.054473
Fst divergences between estimated populations: 
	Pop0	Pop1	
Pop0	
Pop1	0.110	
Pop2	0.096	0.090	
CV error (K=3): 0.68408
Writing output files.
