****                   ADMIXTURE Version 1.3.0                  ****
****                    Copyright 2008-2015                     ****
****           David Alexander, Suyash Shringarpure,            ****
****                John  Novembre, Ken Lange                   ****
****                                                            ****
****                 Please cite our paper!                     ****
****   Information at www.genetics.ucla.edu/software/admixture  ****

Cross-validation will be performed.  Folds=5.
Parallel execution requested.  Will use 5 threads.
Random seed: 43
Point estimation method: EM algorithm
Convergence acceleration algorithm: QuasiNewton, 3 secant conditions
Point estimation will terminate when objective function delta < 0.0001
Estimation of standard errors disabled; will compute point estimates only.
Size of G: 32x2668
Performing five EM steps to prime main algorithm
1 (EM) 	Elapsed: 0.006	Loglikelihood: -42542.5	(delta): 79648.5
2 (EM) 	Elapsed: 0.006	Loglikelihood: -38780.4	(delta): 3762.15
3 (EM) 	Elapsed: 0.006	Loglikelihood: -37844	(delta): 936.401
4 (EM) 	Elapsed: 0.006	Loglikelihood: -37296	(delta): 547.933
5 (EM) 	Elapsed: 0.006	Loglikelihood: -36898.2	(delta): 397.87
Initial loglikelihood: -36898.2
Starting main algorithm
1 (QN/EM) 	Elapsed: 0.015	Loglikelihood: -36342.8	(delta): 555.38
2 (QN/EM) 	Elapsed: 0.015	Loglikelihood: -35966.7	(delta): 376.074
3 (QN/EM) 	Elapsed: 0.017	Loglikelihood: -35128.8	(delta): 837.891
4 (QN/EM) 	Elapsed: 0.017	Loglikelihood: -34864.2	(delta): 264.635
5 (QN/EM) 	Elapsed: 0.017	Loglikelihood: -34429.4	(delta): 434.736
6 (QN/EM) 	Elapsed: 0.017	Loglikelihood: -33955.2	(delta): 474.224
7 (QN/EM) 	Elapsed: 0.017	Loglikelihood: -33805.4	(delta): 149.809
8 (QN/EM) 	Elapsed: 0.017	Loglikelihood: -33540.2	(delta): 265.25
9 (QN/EM) 	Elapsed: 0.017	Loglikelihood: -33421.6	(delta): 118.596
10 (QN/EM) 	Elapsed: 0.017	Loglikelihood: -33246.5	(delta): 175.054
11 (QN/EM) 	Elapsed: 0.017	Loglikelihood: -33148.1	(delta): 98.3737
12 (QN/EM) 	Elapsed: 0.017	Loglikelihood: -33038.7	(delta): 109.464
13 (QN/EM) 	Elapsed: 0.017	Loglikelihood: -32983.6	(delta): 55.0282
14 (QN/EM) 	Elapsed: 0.017	Loglikelihood: -32870.9	(delta): 112.69
15 (QN/EM) 	Elapsed: 0.017	Loglikelihood: -32770.9	(delta): 100.041
16 (QN/EM) 	Elapsed: 0.016	Loglikelihood: -32677.4	(delta): 93.5534
17 (QN/EM) 	Elapsed: 0.016	Loglikelihood: -32556.4	(delta): 120.911
18 (QN/EM) 	Elapsed: 0.016	Loglikelihood: -32519.9	(delta): 36.5905
19 (QN/EM) 	Elapsed: 0.016	Loglikelihood: -32493.9	(delta): 25.9036
20 (QN/EM) 	Elapsed: 0.016	Loglikelihood: -32470	(delta): 23.9497
21 (QN/EM) 	Elapsed: 0.016	Loglikelihood: -32452.8	(delta): 17.1535
22 (QN/EM) 	Elapsed: 0.016	Loglikelihood: -32403.6	(delta): 49.2781
23 (QN/EM) 	Elapsed: 0.017	Loglikelihood: -32348.5	(delta): 55.1154
24 (QN/EM) 	Elapsed: 0.017	Loglikelihood: -32308.5	(delta): 39.9929
25 (QN/EM) 	Elapsed: 0.016	Loglikelihood: -32267.6	(delta): 40.8437
26 (QN/EM) 	Elapsed: 0.016	Loglikelihood: -32255.8	(delta): 11.809
27 (QN/EM) 	Elapsed: 0.016	Loglikelihood: -32237.2	(delta): 18.5814
28 (QN/EM) 	Elapsed: 0.016	Loglikelihood: -32218	(delta): 19.2266
29 (QN/EM) 	Elapsed: 0.017	Loglikelihood: -32207.2	(delta): 10.7763
30 (QN/EM) 	Elapsed: 0.016	Loglikelihood: -32190.8	(delta): 16.405
31 (QN/EM) 	Elapsed: 0.016	Loglikelihood: -32184.3	(delta): 6.48858
32 (QN/EM) 	Elapsed: 0.017	Loglikelihood: -32178.6	(delta): 5.71688
33 (QN/EM) 	Elapsed: 0.017	Loglikelihood: -32146.6	(delta): 31.9937
34 (QN/EM) 	Elapsed: 0.016	Loglikelihood: -32139.3	(delta): 7.27348
35 (QN/EM) 	Elapsed: 0.016	Loglikelihood: -32135.3	(delta): 4.08956
36 (QN/EM) 	Elapsed: 0.016	Loglikelihood: -32131.4	(delta): 3.87145
37 (QN/EM) 	Elapsed: 0.016	Loglikelihood: -32126.7	(delta): 4.66098
38 (QN/EM) 	Elapsed: 0.016	Loglikelihood: -32114.8	(delta): 11.9409
39 (QN/EM) 	Elapsed: 0.016	Loglikelihood: -32110.8	(delta): 3.96634
40 (QN/EM) 	Elapsed: 0.016	Loglikelihood: -32098.4	(delta): 12.4312
41 (QN/EM) 	Elapsed: 0.016	Loglikelihood: -32092.6	(delta): 5.74998
42 (QN/EM) 	Elapsed: 0.017	Loglikelihood: -32090.5	(delta): 2.12731
43 (QN/EM) 	Elapsed: 0.017	Loglikelihood: -32086.5	(delta): 4.03754
44 (QN/EM) 	Elapsed: 0.016	Loglikelihood: -32083.9	(delta): 2.53329
45 (QN/EM) 	Elapsed: 0.016	Loglikelihood: -32080.6	(delta): 3.3605
46 (QN/EM) 	Elapsed: 0.016	Loglikelihood: -32078.3	(delta): 2.26372
47 (QN/EM) 	Elapsed: 0.016	Loglikelihood: -32075.1	(delta): 3.18748
48 (QN/EM) 	Elapsed: 0.017	Loglikelihood: -32074.3	(delta): 0.823993
49 (QN/EM) 	Elapsed: 0.017	Loglikelihood: -32073.5	(delta): 0.779781
50 (QN/EM) 	Elapsed: 0.016	Loglikelihood: -32071.7	(delta): 1.85123
51 (QN/EM) 	Elapsed: 0.017	Loglikelihood: -32071	(delta): 0.681614
52 (QN/EM) 	Elapsed: 0.017	Loglikelihood: -32070.4	(delta): 0.624217
53 (QN/EM) 	Elapsed: 0.016	Loglikelihood: -32060	(delta): 10.3305
54 (QN/EM) 	Elapsed: 0.017	Loglikelihood: -32055.6	(delta): 4.41819
55 (QN/EM) 	Elapsed: 0.017	Loglikelihood: -32054.8	(delta): 0.799445
56 (QN/EM) 	Elapsed: 0.017	Loglikelihood: -32054.3	(delta): 0.557346
57 (QN/EM) 	Elapsed: 0.017	Loglikelihood: -32053.9	(delta): 0.347234
58 (QN/EM) 	Elapsed: 0.016	Loglikelihood: -32053.7	(delta): 0.188671
59 (QN/EM) 	Elapsed: 0.017	Loglikelihood: -32053.6	(delta): 0.106681
60 (QN/EM) 	Elapsed: 0.017	Loglikelihood: -32053.5	(delta): 0.105833
61 (QN/EM) 	Elapsed: 0.016	Loglikelihood: -32050.6	(delta): 2.91092
62 (QN/EM) 	Elapsed: 0.016	Loglikelihood: -32050.6	(delta): 0.0462588
63 (QN/EM) 	Elapsed: 0.017	Loglikelihood: -32050.5	(delta): 0.0438915
64 (QN/EM) 	Elapsed: 0.017	Loglikelihood: -32050.5	(delta): 0.056175
65 (QN/EM) 	Elapsed: 0.017	Loglikelihood: -32050.4	(delta): 0.0721019
66 (QN/EM) 	Elapsed: 0.017	Loglikelihood: -32050.3	(delta): 0.125823
67 (QN/EM) 	Elapsed: 0.017	Loglikelihood: -32050.1	(delta): 0.137939
68 (QN/EM) 	Elapsed: 0.016	Loglikelihood: -32050	(delta): 0.0739339
69 (QN/EM) 	Elapsed: 0.017	Loglikelihood: -32049.9	(delta): 0.121927
70 (QN/EM) 	Elapsed: 0.017	Loglikelihood: -32049.7	(delta): 0.17873
71 (QN/EM) 	Elapsed: 0.017	Loglikelihood: -32049.6	(delta): 0.105774
72 (QN/EM) 	Elapsed: 0.017	Loglikelihood: -32049.6	(delta): 0.0480503
73 (QN/EM) 	Elapsed: 0.016	Loglikelihood: -32049.5	(delta): 0.0717243
74 (QN/EM) 	Elapsed: 0.017	Loglikelihood: -32049.5	(delta): 0.00824622
75 (QN/EM) 	Elapsed: 0.016	Loglikelihood: -32049.5	(delta): 0.0159172
76 (QN/EM) 	Elapsed: 0.016	Loglikelihood: -32049.5	(delta): 0.00181124
77 (QN/EM) 	Elapsed: 0.016	Loglikelihood: -32049.5	(delta): 0.000121875
78 (QN/EM) 	Elapsed: 0.016	Loglikelihood: -32049.5	(delta): 0.000420542
79 (QN/EM) 	Elapsed: 0.017	Loglikelihood: -32049.5	(delta): 0.000131908
80 (QN/EM) 	Elapsed: 0.017	Loglikelihood: -32049.5	(delta): 0.000154524
81 (QN/EM) 	Elapsed: 0.017	Loglikelihood: -32049.5	(delta): 0.000181335
82 (QN/EM) 	Elapsed: 0.017	Loglikelihood: -32049.5	(delta): 0.000212179
83 (QN/EM) 	Elapsed: 0.017	Loglikelihood: -32049.5	(delta): 0.000246967
84 (QN/EM) 	Elapsed: 0.017	Loglikelihood: -32049.5	(delta): 0.000285447
85 (QN/EM) 	Elapsed: 0.017	Loglikelihood: -32049.5	(delta): 0.000327075
86 (QN/EM) 	Elapsed: 0.017	Loglikelihood: -32049.5	(delta): 0.000370935
87 (QN/EM) 	Elapsed: 0.017	Loglikelihood: -32049.5	(delta): 0.00041568
88 (QN/EM) 	Elapsed: 0.017	Loglikelihood: -32049.5	(delta): 0.000459552
89 (QN/EM) 	Elapsed: 0.017	Loglikelihood: -32049.5	(delta): 0.000500466
90 (QN/EM) 	Elapsed: 0.017	Loglikelihood: -32049.5	(delta): 0.000536215
91 (QN/EM) 	Elapsed: 0.017	Loglikelihood: -32049.5	(delta): 0.00056475
92 (QN/EM) 	Elapsed: 0.017	Loglikelihood: -32049.5	(delta): 0.000584533
93 (QN/EM) 	Elapsed: 0.017	Loglikelihood: -32049.5	(delta): 0.000594849
94 (QN/EM) 	Elapsed: 0.017	Loglikelihood: -32049.5	(delta): 0.000596003
95 (QN/EM) 	Elapsed: 0.017	Loglikelihood: -32049.5	(delta): 0.000589315
96 (QN/EM) 	Elapsed: 0.017	Loglikelihood: -32049.5	(delta): 0.000576881
97 (QN/EM) 	Elapsed: 0.017	Loglikelihood: -32049.5	(delta): 0.000561158
98 (QN/EM) 	Elapsed: 0.017	Loglikelihood: -32049.5	(delta): 0.000680784
99 (QN/EM) 	Elapsed: 0.017	Loglikelihood: -32049.5	(delta): 0.000821485
100 (QN/EM) 	Elapsed: 0.018	Loglikelihood: -32049.5	(delta): 0.00063131
101 (QN/EM) 	Elapsed: 0.018	Loglikelihood: -32049.5	(delta): 0.000599083
102 (QN/EM) 	Elapsed: 0.017	Loglikelihood: -32049.5	(delta): 0.000991914
103 (QN/EM) 	Elapsed: 0.017	Loglikelihood: -32049.5	(delta): 0.000632865
104 (QN/EM) 	Elapsed: 0.017	Loglikelihood: -32049.5	(delta): 0.00286888
105 (QN/EM) 	Elapsed: 0.017	Loglikelihood: -32049.5	(delta): 0.000127865
106 (QN/EM) 	Elapsed: 0.018	Loglikelihood: -32049.5	(delta): 8.44357e-05
Summary: 
Converged in 106 iterations (1.897 sec)
Loglikelihood: -32049.472501
Fst divergences between estimated populations: 
	Pop0	Pop1	Pop2	Pop3	
Pop0	
Pop1	0.112	
Pop2	0.136	0.122	
Pop3	0.131	0.115	0.114	
Pop4	0.122	0.106	0.123	0.120	
CV error (K=5): 0.92389
Writing output files.
