****                   ADMIXTURE Version 1.3.0                  ****
****                    Copyright 2008-2015                     ****
****           David Alexander, Suyash Shringarpure,            ****
****                John  Novembre, Ken Lange                   ****
****                                                            ****
****                 Please cite our paper!                     ****
****   Information at www.genetics.ucla.edu/software/admixture  ****

Cross-validation will be performed.  Folds=5.
Parallel execution requested.  Will use 5 threads.
Random seed: 43
Point estimation method: EM algorithm
Convergence acceleration algorithm: QuasiNewton, 3 secant conditions
Point estimation will terminate when objective function delta < 0.0001
Estimation of standard errors disabled; will compute point estimates only.
Size of G: 32x397
Performing five EM steps to prime main algorithm
1 (EM) 	Elapsed: 0	Loglikelihood: -12562.7	(delta): 11983.1
2 (EM) 	Elapsed: 0	Loglikelihood: -12562.7	(delta): -1.81899e-12
3 (EM) 	Elapsed: 0	Loglikelihood: -12562.7	(delta): 0
4 (EM) 	Elapsed: 0	Loglikelihood: -12562.7	(delta): 1.81899e-12
5 (EM) 	Elapsed: 0	Loglikelihood: -12562.7	(delta): 0
Initial loglikelihood: -12562.7
Starting main algorithm
1 (QN/EM) 	Elapsed: 0	Loglikelihood: -12562.7	(delta): 1.81899e-12
Summary: 
Converged in 1 iterations (0.003 sec)
Loglikelihood: -12562.664804
PROBLEM INVERTING MATRIX!
PROBLEM INVERTING MATRIX!
PROBLEM INVERTING MATRIX!
PROBLEM INVERTING MATRIX!
PROBLEM INVERTING MATRIX!
CV error (K=1): 0.73410
Writing output files.
