****                   ADMIXTURE Version 1.3.0                  ****
****                    Copyright 2008-2015                     ****
****           David Alexander, Suyash Shringarpure,            ****
****                John  Novembre, Ken Lange                   ****
****                                                            ****
****                 Please cite our paper!                     ****
****   Information at www.genetics.ucla.edu/software/admixture  ****

Cross-validation will be performed.  Folds=5.
Parallel execution requested.  Will use 5 threads.
Random seed: 43
Point estimation method: EM algorithm
Convergence acceleration algorithm: QuasiNewton, 3 secant conditions
Point estimation will terminate when objective function delta < 0.0001
Estimation of standard errors disabled; will compute point estimates only.
Size of G: 32x397
Performing five EM steps to prime main algorithm
1 (EM) 	Elapsed: 0	Loglikelihood: -13077.9	(delta): 5777.57
2 (EM) 	Elapsed: 0	Loglikelihood: -12613.2	(delta): 464.7
3 (EM) 	Elapsed: 0	Loglikelihood: -12443.8	(delta): 169.355
4 (EM) 	Elapsed: 0	Loglikelihood: -12334.6	(delta): 109.22
5 (EM) 	Elapsed: 0	Loglikelihood: -12252.6	(delta): 82.0196
Initial loglikelihood: -12252.6
Starting main algorithm
1 (QN/EM) 	Elapsed: 0.001	Loglikelihood: -12132.6	(delta): 119.956
2 (QN/EM) 	Elapsed: 0.001	Loglikelihood: -12042.7	(delta): 89.9541
3 (QN/EM) 	Elapsed: 0.001	Loglikelihood: -11684.6	(delta): 358.079
4 (QN/EM) 	Elapsed: 0.001	Loglikelihood: -11527.4	(delta): 157.185
5 (QN/EM) 	Elapsed: 0.001	Loglikelihood: -11424.5	(delta): 102.951
6 (QN/EM) 	Elapsed: 0.001	Loglikelihood: -11378.7	(delta): 45.7546
7 (QN/EM) 	Elapsed: 0.001	Loglikelihood: -11339.3	(delta): 39.4668
8 (QN/EM) 	Elapsed: 0.001	Loglikelihood: -11326.5	(delta): 12.7964
9 (QN/EM) 	Elapsed: 0.001	Loglikelihood: -11311.1	(delta): 15.3838
10 (QN/EM) 	Elapsed: 0.001	Loglikelihood: -11302.7	(delta): 8.42291
11 (QN/EM) 	Elapsed: 0.001	Loglikelihood: -11297.3	(delta): 5.3335
12 (QN/EM) 	Elapsed: 0.001	Loglikelihood: -11293	(delta): 4.29293
13 (QN/EM) 	Elapsed: 0.001	Loglikelihood: -11284.5	(delta): 8.52617
14 (QN/EM) 	Elapsed: 0.001	Loglikelihood: -11279.1	(delta): 5.39075
15 (QN/EM) 	Elapsed: 0.001	Loglikelihood: -11272.3	(delta): 6.83819
16 (QN/EM) 	Elapsed: 0.001	Loglikelihood: -11266.5	(delta): 5.74625
17 (QN/EM) 	Elapsed: 0.001	Loglikelihood: -11261.8	(delta): 4.72065
18 (QN/EM) 	Elapsed: 0.001	Loglikelihood: -11257.6	(delta): 4.19722
19 (QN/EM) 	Elapsed: 0.001	Loglikelihood: -11250.2	(delta): 7.41131
20 (QN/EM) 	Elapsed: 0.001	Loglikelihood: -11244.9	(delta): 5.28776
21 (QN/EM) 	Elapsed: 0.001	Loglikelihood: -11243.1	(delta): 1.80586
22 (QN/EM) 	Elapsed: 0.001	Loglikelihood: -11242.3	(delta): 0.813875
23 (QN/EM) 	Elapsed: 0.001	Loglikelihood: -11240.2	(delta): 2.05658
24 (QN/EM) 	Elapsed: 0.001	Loglikelihood: -11236.7	(delta): 3.57898
25 (QN/EM) 	Elapsed: 0.001	Loglikelihood: -11234.9	(delta): 1.74884
26 (QN/EM) 	Elapsed: 0.001	Loglikelihood: -11233.5	(delta): 1.40848
27 (QN/EM) 	Elapsed: 0.001	Loglikelihood: -11232.4	(delta): 1.13776
28 (QN/EM) 	Elapsed: 0.001	Loglikelihood: -11231.5	(delta): 0.893085
29 (QN/EM) 	Elapsed: 0.001	Loglikelihood: -11231	(delta): 0.424361
30 (QN/EM) 	Elapsed: 0.001	Loglikelihood: -11230.4	(delta): 0.618236
31 (QN/EM) 	Elapsed: 0.001	Loglikelihood: -11229.8	(delta): 0.648369
32 (QN/EM) 	Elapsed: 0.001	Loglikelihood: -11229.5	(delta): 0.246184
33 (QN/EM) 	Elapsed: 0.001	Loglikelihood: -11229.3	(delta): 0.212015
34 (QN/EM) 	Elapsed: 0.001	Loglikelihood: -11229.1	(delta): 0.197316
35 (QN/EM) 	Elapsed: 0.001	Loglikelihood: -11229	(delta): 0.12
36 (QN/EM) 	Elapsed: 0.001	Loglikelihood: -11228.8	(delta): 0.158095
37 (QN/EM) 	Elapsed: 0.001	Loglikelihood: -11228.4	(delta): 0.400032
38 (QN/EM) 	Elapsed: 0.001	Loglikelihood: -11228.4	(delta): 0.0660185
39 (QN/EM) 	Elapsed: 0.001	Loglikelihood: -11228.3	(delta): 0.114357
40 (QN/EM) 	Elapsed: 0.001	Loglikelihood: -11228.1	(delta): 0.111268
41 (QN/EM) 	Elapsed: 0.001	Loglikelihood: -11227.8	(delta): 0.338279
42 (QN/EM) 	Elapsed: 0.001	Loglikelihood: -11227.5	(delta): 0.283614
43 (QN/EM) 	Elapsed: 0.001	Loglikelihood: -11227.5	(delta): 0.0765823
44 (QN/EM) 	Elapsed: 0.001	Loglikelihood: -11227.4	(delta): 0.0535403
45 (QN/EM) 	Elapsed: 0.001	Loglikelihood: -11227.3	(delta): 0.134262
46 (QN/EM) 	Elapsed: 0.001	Loglikelihood: -11227	(delta): 0.265887
47 (QN/EM) 	Elapsed: 0.001	Loglikelihood: -11227	(delta): 0.0414472
48 (QN/EM) 	Elapsed: 0.001	Loglikelihood: -11226.9	(delta): 0.0512896
49 (QN/EM) 	Elapsed: 0.001	Loglikelihood: -11226.9	(delta): 0.050939
50 (QN/EM) 	Elapsed: 0.001	Loglikelihood: -11226.8	(delta): 0.0405452
51 (QN/EM) 	Elapsed: 0.001	Loglikelihood: -11226.8	(delta): 0.0262061
52 (QN/EM) 	Elapsed: 0.001	Loglikelihood: -11226.7	(delta): 0.03836
53 (QN/EM) 	Elapsed: 0.001	Loglikelihood: -11226.7	(delta): 0.034916
54 (QN/EM) 	Elapsed: 0.001	Loglikelihood: -11226.7	(delta): 0.0208265
55 (QN/EM) 	Elapsed: 0.001	Loglikelihood: -11226.7	(delta): 0.0286729
56 (QN/EM) 	Elapsed: 0.001	Loglikelihood: -11226.6	(delta): 0.0403394
57 (QN/EM) 	Elapsed: 0.001	Loglikelihood: -11226.6	(delta): 0.060282
58 (QN/EM) 	Elapsed: 0.001	Loglikelihood: -11226.5	(delta): 0.018765
59 (QN/EM) 	Elapsed: 0.001	Loglikelihood: -11226.5	(delta): 0.056756
60 (QN/EM) 	Elapsed: 0.001	Loglikelihood: -11226.4	(delta): 0.0805606
61 (QN/EM) 	Elapsed: 0.001	Loglikelihood: -11226.1	(delta): 0.345362
62 (QN/EM) 	Elapsed: 0.001	Loglikelihood: -11226	(delta): 0.0194939
63 (QN/EM) 	Elapsed: 0.001	Loglikelihood: -11226	(delta): 0.0401818
64 (QN/EM) 	Elapsed: 0.001	Loglikelihood: -11225.9	(delta): 0.0530588
65 (QN/EM) 	Elapsed: 0.001	Loglikelihood: -11225.9	(delta): 0.00601091
66 (QN/EM) 	Elapsed: 0.001	Loglikelihood: -11225.9	(delta): 0.0653768
67 (QN/EM) 	Elapsed: 0.001	Loglikelihood: -11225.8	(delta): 0.0476443
68 (QN/EM) 	Elapsed: 0.001	Loglikelihood: -11225.8	(delta): 0.0177193
69 (QN/EM) 	Elapsed: 0.001	Loglikelihood: -11225.8	(delta): 0.00555563
70 (QN/EM) 	Elapsed: 0.001	Loglikelihood: -11225.8	(delta): 0.00181696
71 (QN/EM) 	Elapsed: 0.001	Loglikelihood: -11225.8	(delta): 0.000803359
72 (QN/EM) 	Elapsed: 0.001	Loglikelihood: -11225.8	(delta): 0.00122232
73 (QN/EM) 	Elapsed: 0.001	Loglikelihood: -11225.8	(delta): 0.00175915
74 (QN/EM) 	Elapsed: 0.001	Loglikelihood: -11225.8	(delta): 0.000985087
75 (QN/EM) 	Elapsed: 0.001	Loglikelihood: -11225.8	(delta): 0.000690513
76 (QN/EM) 	Elapsed: 0.001	Loglikelihood: -11225.8	(delta): 0.000434136
77 (QN/EM) 	Elapsed: 0.001	Loglikelihood: -11225.8	(delta): 0.000871814
78 (QN/EM) 	Elapsed: 0.001	Loglikelihood: -11225.8	(delta): 0.000521505
79 (QN/EM) 	Elapsed: 0.001	Loglikelihood: -11225.8	(delta): 0.00047373
80 (QN/EM) 	Elapsed: 0.001	Loglikelihood: -11225.8	(delta): 0.000297897
81 (QN/EM) 	Elapsed: 0.001	Loglikelihood: -11225.8	(delta): 0.000406443
82 (QN/EM) 	Elapsed: 0.001	Loglikelihood: -11225.8	(delta): 0.000360459
83 (QN/EM) 	Elapsed: 0.001	Loglikelihood: -11225.8	(delta): 0.000329501
84 (QN/EM) 	Elapsed: 0.001	Loglikelihood: -11225.8	(delta): 0.00021837
85 (QN/EM) 	Elapsed: 0.001	Loglikelihood: -11225.8	(delta): 0.000270069
86 (QN/EM) 	Elapsed: 0.001	Loglikelihood: -11225.8	(delta): 0.000244355
87 (QN/EM) 	Elapsed: 0.001	Loglikelihood: -11225.8	(delta): 0.00025655
88 (QN/EM) 	Elapsed: 0.001	Loglikelihood: -11225.8	(delta): 0.000148083
89 (QN/EM) 	Elapsed: 0.001	Loglikelihood: -11225.8	(delta): 0.000224834
90 (QN/EM) 	Elapsed: 0.001	Loglikelihood: -11225.8	(delta): 0.000164587
91 (QN/EM) 	Elapsed: 0.001	Loglikelihood: -11225.8	(delta): 0.000227073
92 (QN/EM) 	Elapsed: 0.001	Loglikelihood: -11225.8	(delta): 0.000101211
93 (QN/EM) 	Elapsed: 0.001	Loglikelihood: -11225.8	(delta): 0.000190935
94 (QN/EM) 	Elapsed: 0.001	Loglikelihood: -11225.8	(delta): 0.000123787
95 (QN/EM) 	Elapsed: 0.001	Loglikelihood: -11225.8	(delta): 0.000204053
96 (QN/EM) 	Elapsed: 0.001	Loglikelihood: -11225.8	(delta): 7.47293e-05
Summary: 
Converged in 96 iterations (0.163 sec)
Loglikelihood: -11225.793977
Fst divergences between estimated populations: 
	Pop0	Pop1	
Pop0	
Pop1	0.211	
Pop2	0.174	0.218	
CV error (K=3): 0.83940
Writing output files.
