****                   ADMIXTURE Version 1.3.0                  ****
****                    Copyright 2008-2015                     ****
****           David Alexander, Suyash Shringarpure,            ****
****                John  Novembre, Ken Lange                   ****
****                                                            ****
****                 Please cite our paper!                     ****
****   Information at www.genetics.ucla.edu/software/admixture  ****

Cross-validation will be performed.  Folds=5.
Parallel execution requested.  Will use 5 threads.
Random seed: 43
Point estimation method: EM algorithm
Convergence acceleration algorithm: QuasiNewton, 3 secant conditions
Point estimation will terminate when objective function delta < 0.0001
Estimation of standard errors disabled; will compute point estimates only.
Size of G: 32x397
Performing five EM steps to prime main algorithm
1 (EM) 	Elapsed: 0.001	Loglikelihood: -13031.4	(delta): 5260.32
2 (EM) 	Elapsed: 0	Loglikelihood: -12559.2	(delta): 472.155
3 (EM) 	Elapsed: 0	Loglikelihood: -12366	(delta): 193.288
4 (EM) 	Elapsed: 0	Loglikelihood: -12233.6	(delta): 132.392
5 (EM) 	Elapsed: 0	Loglikelihood: -12131.6	(delta): 101.926
Initial loglikelihood: -12131.6
Starting main algorithm
1 (QN/EM) 	Elapsed: 0.001	Loglikelihood: -11980.1	(delta): 151.564
2 (QN/EM) 	Elapsed: 0.001	Loglikelihood: -11865.1	(delta): 114.942
3 (QN/EM) 	Elapsed: 0.002	Loglikelihood: -11475.9	(delta): 389.206
4 (QN/EM) 	Elapsed: 0.001	Loglikelihood: -11386.8	(delta): 89.0757
5 (QN/EM) 	Elapsed: 0.001	Loglikelihood: -11339.7	(delta): 47.1347
6 (QN/EM) 	Elapsed: 0.001	Loglikelihood: -11251.3	(delta): 88.4565
7 (QN/EM) 	Elapsed: 0.001	Loglikelihood: -11171.3	(delta): 79.9288
8 (QN/EM) 	Elapsed: 0.001	Loglikelihood: -11145.2	(delta): 26.0983
9 (QN/EM) 	Elapsed: 0.001	Loglikelihood: -11121.2	(delta): 24.0301
10 (QN/EM) 	Elapsed: 0.001	Loglikelihood: -11108.4	(delta): 12.8354
11 (QN/EM) 	Elapsed: 0.001	Loglikelihood: -11095.7	(delta): 12.6564
12 (QN/EM) 	Elapsed: 0.001	Loglikelihood: -11087.9	(delta): 7.76752
13 (QN/EM) 	Elapsed: 0.001	Loglikelihood: -11075.6	(delta): 12.3729
14 (QN/EM) 	Elapsed: 0.001	Loglikelihood: -11069.5	(delta): 6.02122
15 (QN/EM) 	Elapsed: 0.001	Loglikelihood: -11059.2	(delta): 10.3346
16 (QN/EM) 	Elapsed: 0.001	Loglikelihood: -11052.4	(delta): 6.78984
17 (QN/EM) 	Elapsed: 0.001	Loglikelihood: -11045.1	(delta): 7.28329
18 (QN/EM) 	Elapsed: 0.001	Loglikelihood: -11037.7	(delta): 7.45028
19 (QN/EM) 	Elapsed: 0.001	Loglikelihood: -11032.3	(delta): 5.38701
20 (QN/EM) 	Elapsed: 0.001	Loglikelihood: -11028.6	(delta): 3.6717
21 (QN/EM) 	Elapsed: 0.001	Loglikelihood: -11026.1	(delta): 2.55321
22 (QN/EM) 	Elapsed: 0.001	Loglikelihood: -11022.6	(delta): 3.48886
23 (QN/EM) 	Elapsed: 0.002	Loglikelihood: -11021.7	(delta): 0.892809
24 (QN/EM) 	Elapsed: 0.002	Loglikelihood: -11019.2	(delta): 2.50336
25 (QN/EM) 	Elapsed: 0.001	Loglikelihood: -11015.4	(delta): 3.81215
26 (QN/EM) 	Elapsed: 0.001	Loglikelihood: -11012.3	(delta): 3.06312
27 (QN/EM) 	Elapsed: 0.001	Loglikelihood: -11010.4	(delta): 1.8845
28 (QN/EM) 	Elapsed: 0.001	Loglikelihood: -11007.7	(delta): 2.70271
29 (QN/EM) 	Elapsed: 0.001	Loglikelihood: -11006.1	(delta): 1.62369
30 (QN/EM) 	Elapsed: 0.001	Loglikelihood: -11004.6	(delta): 1.54441
31 (QN/EM) 	Elapsed: 0.001	Loglikelihood: -11003	(delta): 1.53407
32 (QN/EM) 	Elapsed: 0.002	Loglikelihood: -11002.4	(delta): 0.646152
33 (QN/EM) 	Elapsed: 0.001	Loglikelihood: -10999.7	(delta): 2.72006
34 (QN/EM) 	Elapsed: 0.002	Loglikelihood: -10999	(delta): 0.613786
35 (QN/EM) 	Elapsed: 0.002	Loglikelihood: -10998.5	(delta): 0.502266
36 (QN/EM) 	Elapsed: 0.001	Loglikelihood: -10996.4	(delta): 2.14998
37 (QN/EM) 	Elapsed: 0.001	Loglikelihood: -10993.5	(delta): 2.91804
38 (QN/EM) 	Elapsed: 0.001	Loglikelihood: -10991.1	(delta): 2.41807
39 (QN/EM) 	Elapsed: 0.001	Loglikelihood: -10988.1	(delta): 3.00947
40 (QN/EM) 	Elapsed: 0.001	Loglikelihood: -10985.4	(delta): 2.62762
41 (QN/EM) 	Elapsed: 0.002	Loglikelihood: -10982.4	(delta): 2.99208
42 (QN/EM) 	Elapsed: 0.001	Loglikelihood: -10978.6	(delta): 3.86521
43 (QN/EM) 	Elapsed: 0.001	Loglikelihood: -10973.2	(delta): 5.33644
44 (QN/EM) 	Elapsed: 0.001	Loglikelihood: -10970.5	(delta): 2.72012
45 (QN/EM) 	Elapsed: 0.001	Loglikelihood: -10968.4	(delta): 2.14273
46 (QN/EM) 	Elapsed: 0.001	Loglikelihood: -10966.5	(delta): 1.89631
47 (QN/EM) 	Elapsed: 0.002	Loglikelihood: -10965.1	(delta): 1.38132
48 (QN/EM) 	Elapsed: 0.002	Loglikelihood: -10960.6	(delta): 4.48956
49 (QN/EM) 	Elapsed: 0.002	Loglikelihood: -10959.5	(delta): 1.14019
50 (QN/EM) 	Elapsed: 0.002	Loglikelihood: -10951.7	(delta): 7.80137
51 (QN/EM) 	Elapsed: 0.001	Loglikelihood: -10947.4	(delta): 4.25322
52 (QN/EM) 	Elapsed: 0.001	Loglikelihood: -10944.5	(delta): 2.88035
53 (QN/EM) 	Elapsed: 0.001	Loglikelihood: -10943.2	(delta): 1.28946
54 (QN/EM) 	Elapsed: 0.002	Loglikelihood: -10942.7	(delta): 0.516916
55 (QN/EM) 	Elapsed: 0.002	Loglikelihood: -10941	(delta): 1.67151
56 (QN/EM) 	Elapsed: 0.002	Loglikelihood: -10939.9	(delta): 1.13431
57 (QN/EM) 	Elapsed: 0.002	Loglikelihood: -10939.3	(delta): 0.563883
58 (QN/EM) 	Elapsed: 0.001	Loglikelihood: -10936.9	(delta): 2.44623
59 (QN/EM) 	Elapsed: 0.002	Loglikelihood: -10934.4	(delta): 2.51235
60 (QN/EM) 	Elapsed: 0.002	Loglikelihood: -10934	(delta): 0.395895
61 (QN/EM) 	Elapsed: 0.001	Loglikelihood: -10931	(delta): 2.99891
62 (QN/EM) 	Elapsed: 0.001	Loglikelihood: -10930.5	(delta): 0.50894
63 (QN/EM) 	Elapsed: 0.001	Loglikelihood: -10930.3	(delta): 0.209652
64 (QN/EM) 	Elapsed: 0.001	Loglikelihood: -10929.9	(delta): 0.383869
65 (QN/EM) 	Elapsed: 0.002	Loglikelihood: -10929.7	(delta): 0.232728
66 (QN/EM) 	Elapsed: 0.002	Loglikelihood: -10929.4	(delta): 0.306867
67 (QN/EM) 	Elapsed: 0.001	Loglikelihood: -10929.1	(delta): 0.237594
68 (QN/EM) 	Elapsed: 0.001	Loglikelihood: -10928.9	(delta): 0.206456
69 (QN/EM) 	Elapsed: 0.002	Loglikelihood: -10928.8	(delta): 0.0788703
70 (QN/EM) 	Elapsed: 0.001	Loglikelihood: -10928.6	(delta): 0.229481
71 (QN/EM) 	Elapsed: 0.002	Loglikelihood: -10928.6	(delta): 0.0477727
72 (QN/EM) 	Elapsed: 0.002	Loglikelihood: -10928.5	(delta): 0.0451669
73 (QN/EM) 	Elapsed: 0.002	Loglikelihood: -10928.5	(delta): 0.0476681
74 (QN/EM) 	Elapsed: 0.002	Loglikelihood: -10928.2	(delta): 0.29576
75 (QN/EM) 	Elapsed: 0.002	Loglikelihood: -10928.1	(delta): 0.0439161
76 (QN/EM) 	Elapsed: 0.002	Loglikelihood: -10928	(delta): 0.136135
77 (QN/EM) 	Elapsed: 0.001	Loglikelihood: -10927.7	(delta): 0.236937
78 (QN/EM) 	Elapsed: 0.002	Loglikelihood: -10927.7	(delta): 0.019839
79 (QN/EM) 	Elapsed: 0.002	Loglikelihood: -10927.7	(delta): 0.0193801
80 (QN/EM) 	Elapsed: 0.002	Loglikelihood: -10927.7	(delta): 0.019321
81 (QN/EM) 	Elapsed: 0.002	Loglikelihood: -10927.7	(delta): 0.0193456
82 (QN/EM) 	Elapsed: 0.002	Loglikelihood: -10927.6	(delta): 0.019426
83 (QN/EM) 	Elapsed: 0.002	Loglikelihood: -10927.6	(delta): 0.0195494
84 (QN/EM) 	Elapsed: 0.002	Loglikelihood: -10927.6	(delta): 0.0197053
85 (QN/EM) 	Elapsed: 0.001	Loglikelihood: -10927.2	(delta): 0.378255
86 (QN/EM) 	Elapsed: 0.002	Loglikelihood: -10926.9	(delta): 0.312993
87 (QN/EM) 	Elapsed: 0.002	Loglikelihood: -10926.8	(delta): 0.0999761
88 (QN/EM) 	Elapsed: 0.002	Loglikelihood: -10926.7	(delta): 0.12645
89 (QN/EM) 	Elapsed: 0.001	Loglikelihood: -10926.6	(delta): 0.0628545
90 (QN/EM) 	Elapsed: 0.001	Loglikelihood: -10926.5	(delta): 0.0829186
91 (QN/EM) 	Elapsed: 0.001	Loglikelihood: -10926.4	(delta): 0.18711
92 (QN/EM) 	Elapsed: 0.002	Loglikelihood: -10926	(delta): 0.407117
93 (QN/EM) 	Elapsed: 0.001	Loglikelihood: -10925.8	(delta): 0.172669
94 (QN/EM) 	Elapsed: 0.001	Loglikelihood: -10925.6	(delta): 0.178743
95 (QN/EM) 	Elapsed: 0.001	Loglikelihood: -10925.1	(delta): 0.502191
96 (QN/EM) 	Elapsed: 0.001	Loglikelihood: -10924.7	(delta): 0.423174
97 (QN/EM) 	Elapsed: 0.001	Loglikelihood: -10924.5	(delta): 0.221072
98 (QN/EM) 	Elapsed: 0.001	Loglikelihood: -10923.9	(delta): 0.536547
99 (QN/EM) 	Elapsed: 0.001	Loglikelihood: -10923.5	(delta): 0.399576
100 (QN/EM) 	Elapsed: 0.001	Loglikelihood: -10923.3	(delta): 0.178442
101 (QN/EM) 	Elapsed: 0.001	Loglikelihood: -10923.1	(delta): 0.222212
102 (QN/EM) 	Elapsed: 0.002	Loglikelihood: -10922.9	(delta): 0.230463
103 (QN/EM) 	Elapsed: 0.001	Loglikelihood: -10922.6	(delta): 0.302078
104 (QN/EM) 	Elapsed: 0.001	Loglikelihood: -10922.3	(delta): 0.261491
105 (QN/EM) 	Elapsed: 0.002	Loglikelihood: -10921.9	(delta): 0.433746
106 (QN/EM) 	Elapsed: 0.001	Loglikelihood: -10921.7	(delta): 0.141333
107 (QN/EM) 	Elapsed: 0.001	Loglikelihood: -10921.7	(delta): 0.0573114
108 (QN/EM) 	Elapsed: 0.001	Loglikelihood: -10921.6	(delta): 0.069574
109 (QN/EM) 	Elapsed: 0.001	Loglikelihood: -10921.6	(delta): 0.0235815
110 (QN/EM) 	Elapsed: 0.002	Loglikelihood: -10921.6	(delta): 0.0177631
111 (QN/EM) 	Elapsed: 0.002	Loglikelihood: -10921.6	(delta): 0.0215595
112 (QN/EM) 	Elapsed: 0.002	Loglikelihood: -10921.5	(delta): 0.0253957
113 (QN/EM) 	Elapsed: 0.002	Loglikelihood: -10921.4	(delta): 0.115424
114 (QN/EM) 	Elapsed: 0.002	Loglikelihood: -10921.3	(delta): 0.0787045
115 (QN/EM) 	Elapsed: 0.002	Loglikelihood: -10921.3	(delta): 0.022633
116 (QN/EM) 	Elapsed: 0.002	Loglikelihood: -10921.3	(delta): 0.0231383
117 (QN/EM) 	Elapsed: 0.002	Loglikelihood: -10921.3	(delta): 0.0251846
118 (QN/EM) 	Elapsed: 0.002	Loglikelihood: -10921.2	(delta): 0.0265274
119 (QN/EM) 	Elapsed: 0.002	Loglikelihood: -10921.2	(delta): 0.0264588
120 (QN/EM) 	Elapsed: 0.002	Loglikelihood: -10921.2	(delta): 0.0253284
121 (QN/EM) 	Elapsed: 0.002	Loglikelihood: -10921.1	(delta): 0.0496818
122 (QN/EM) 	Elapsed: 0.002	Loglikelihood: -10921.1	(delta): 0.0446308
123 (QN/EM) 	Elapsed: 0.001	Loglikelihood: -10920.9	(delta): 0.147296
124 (QN/EM) 	Elapsed: 0.001	Loglikelihood: -10920.7	(delta): 0.244023
125 (QN/EM) 	Elapsed: 0.002	Loglikelihood: -10920.6	(delta): 0.0960235
126 (QN/EM) 	Elapsed: 0.001	Loglikelihood: -10920.5	(delta): 0.063265
127 (QN/EM) 	Elapsed: 0.002	Loglikelihood: -10920.4	(delta): 0.182461
128 (QN/EM) 	Elapsed: 0.002	Loglikelihood: -10920.3	(delta): 0.0686012
129 (QN/EM) 	Elapsed: 0.001	Loglikelihood: -10920.2	(delta): 0.0836989
130 (QN/EM) 	Elapsed: 0.001	Loglikelihood: -10920.2	(delta): 0.0494995
131 (QN/EM) 	Elapsed: 0.001	Loglikelihood: -10920.1	(delta): 0.0924778
132 (QN/EM) 	Elapsed: 0.002	Loglikelihood: -10920	(delta): 0.0182569
133 (QN/EM) 	Elapsed: 0.002	Loglikelihood: -10920	(delta): 0.0185587
134 (QN/EM) 	Elapsed: 0.001	Loglikelihood: -10920	(delta): 0.0246939
135 (QN/EM) 	Elapsed: 0.002	Loglikelihood: -10919.7	(delta): 0.292592
136 (QN/EM) 	Elapsed: 0.002	Loglikelihood: -10919.6	(delta): 0.139132
137 (QN/EM) 	Elapsed: 0.001	Loglikelihood: -10919.5	(delta): 0.0496696
138 (QN/EM) 	Elapsed: 0.001	Loglikelihood: -10919.5	(delta): 0.0339474
139 (QN/EM) 	Elapsed: 0.001	Loglikelihood: -10919.4	(delta): 0.0957377
140 (QN/EM) 	Elapsed: 0.002	Loglikelihood: -10919.4	(delta): 0.0143762
141 (QN/EM) 	Elapsed: 0.001	Loglikelihood: -10919.2	(delta): 0.172837
142 (QN/EM) 	Elapsed: 0.002	Loglikelihood: -10919.2	(delta): 0.0382192
143 (QN/EM) 	Elapsed: 0.002	Loglikelihood: -10919.1	(delta): 0.0269661
144 (QN/EM) 	Elapsed: 0.002	Loglikelihood: -10919.1	(delta): 0.0229993
145 (QN/EM) 	Elapsed: 0.002	Loglikelihood: -10919.1	(delta): 0.0208961
146 (QN/EM) 	Elapsed: 0.002	Loglikelihood: -10919	(delta): 0.107667
147 (QN/EM) 	Elapsed: 0.001	Loglikelihood: -10919	(delta): 0.0380673
148 (QN/EM) 	Elapsed: 0.002	Loglikelihood: -10918.9	(delta): 0.0593949
149 (QN/EM) 	Elapsed: 0.001	Loglikelihood: -10918.9	(delta): 0.0175171
150 (QN/EM) 	Elapsed: 0.001	Loglikelihood: -10918.8	(delta): 0.0342039
151 (QN/EM) 	Elapsed: 0.001	Loglikelihood: -10918.8	(delta): 0.04242
152 (QN/EM) 	Elapsed: 0.001	Loglikelihood: -10918.7	(delta): 0.0633052
153 (QN/EM) 	Elapsed: 0.002	Loglikelihood: -10918.7	(delta): 0.02239
154 (QN/EM) 	Elapsed: 0.001	Loglikelihood: -10918.7	(delta): 0.0272125
155 (QN/EM) 	Elapsed: 0.002	Loglikelihood: -10918.7	(delta): 0.0160743
156 (QN/EM) 	Elapsed: 0.001	Loglikelihood: -10918.7	(delta): 0.00685601
157 (QN/EM) 	Elapsed: 0.001	Loglikelihood: -10918.6	(delta): 0.0165184
158 (QN/EM) 	Elapsed: 0.001	Loglikelihood: -10918.6	(delta): 0.014513
159 (QN/EM) 	Elapsed: 0.001	Loglikelihood: -10918.6	(delta): 0.00298434
160 (QN/EM) 	Elapsed: 0.001	Loglikelihood: -10918.6	(delta): 0.0118965
161 (QN/EM) 	Elapsed: 0.001	Loglikelihood: -10918.6	(delta): 0.0122552
162 (QN/EM) 	Elapsed: 0.001	Loglikelihood: -10918.5	(delta): 0.0817158
163 (QN/EM) 	Elapsed: 0.001	Loglikelihood: -10918.5	(delta): 0.0409598
164 (QN/EM) 	Elapsed: 0.001	Loglikelihood: -10918.4	(delta): 0.0981745
165 (QN/EM) 	Elapsed: 0.001	Loglikelihood: -10918.3	(delta): 0.107611
166 (QN/EM) 	Elapsed: 0.002	Loglikelihood: -10917.4	(delta): 0.880436
167 (QN/EM) 	Elapsed: 0.002	Loglikelihood: -10916.5	(delta): 0.913874
168 (QN/EM) 	Elapsed: 0.001	Loglikelihood: -10916.2	(delta): 0.305611
169 (QN/EM) 	Elapsed: 0.001	Loglikelihood: -10916.1	(delta): 0.0555789
170 (QN/EM) 	Elapsed: 0.001	Loglikelihood: -10916.1	(delta): 0.0703598
171 (QN/EM) 	Elapsed: 0.001	Loglikelihood: -10916	(delta): 0.0639177
172 (QN/EM) 	Elapsed: 0.001	Loglikelihood: -10915.9	(delta): 0.0671759
173 (QN/EM) 	Elapsed: 0.001	Loglikelihood: -10915.9	(delta): 0.0119444
174 (QN/EM) 	Elapsed: 0.001	Loglikelihood: -10915.9	(delta): 0.027835
175 (QN/EM) 	Elapsed: 0.001	Loglikelihood: -10915.9	(delta): 0.0215933
176 (QN/EM) 	Elapsed: 0.002	Loglikelihood: -10915.9	(delta): 0.00657482
177 (QN/EM) 	Elapsed: 0.002	Loglikelihood: -10915.8	(delta): 0.00669901
178 (QN/EM) 	Elapsed: 0.002	Loglikelihood: -10915.8	(delta): 0.00670867
179 (QN/EM) 	Elapsed: 0.002	Loglikelihood: -10915.8	(delta): 0.00661904
180 (QN/EM) 	Elapsed: 0.002	Loglikelihood: -10915.8	(delta): 0.0064735
181 (QN/EM) 	Elapsed: 0.002	Loglikelihood: -10915.8	(delta): 0.00632231
182 (QN/EM) 	Elapsed: 0.002	Loglikelihood: -10915.8	(delta): 0.00620882
183 (QN/EM) 	Elapsed: 0.002	Loglikelihood: -10915.8	(delta): 0.00616256
184 (QN/EM) 	Elapsed: 0.002	Loglikelihood: -10915.8	(delta): 0.00619891
185 (QN/EM) 	Elapsed: 0.002	Loglikelihood: -10915.8	(delta): 0.00632243
186 (QN/EM) 	Elapsed: 0.002	Loglikelihood: -10915.8	(delta): 0.00653033
187 (QN/EM) 	Elapsed: 0.002	Loglikelihood: -10915.8	(delta): 0.00681453
188 (QN/EM) 	Elapsed: 0.002	Loglikelihood: -10915.8	(delta): 0.00716195
189 (QN/EM) 	Elapsed: 0.002	Loglikelihood: -10915.8	(delta): 0.00755412
190 (QN/EM) 	Elapsed: 0.002	Loglikelihood: -10915.8	(delta): 0.00796725
191 (QN/EM) 	Elapsed: 0.002	Loglikelihood: -10915.8	(delta): 0.00837406
192 (QN/EM) 	Elapsed: 0.001	Loglikelihood: -10915.5	(delta): 0.219045
193 (QN/EM) 	Elapsed: 0.002	Loglikelihood: -10915.5	(delta): 0.0393364
194 (QN/EM) 	Elapsed: 0.002	Loglikelihood: -10915.5	(delta): 0.0195692
195 (QN/EM) 	Elapsed: 0.001	Loglikelihood: -10915.4	(delta): 0.0955726
196 (QN/EM) 	Elapsed: 0.001	Loglikelihood: -10915	(delta): 0.371777
197 (QN/EM) 	Elapsed: 0.001	Loglikelihood: -10914.8	(delta): 0.242756
198 (QN/EM) 	Elapsed: 0.001	Loglikelihood: -10914.6	(delta): 0.127964
199 (QN/EM) 	Elapsed: 0.001	Loglikelihood: -10914.6	(delta): 0.0329059
200 (QN/EM) 	Elapsed: 0.001	Loglikelihood: -10914.4	(delta): 0.199208
201 (QN/EM) 	Elapsed: 0.001	Loglikelihood: -10914	(delta): 0.387062
202 (QN/EM) 	Elapsed: 0.002	Loglikelihood: -10914	(delta): 0.0548717
203 (QN/EM) 	Elapsed: 0.001	Loglikelihood: -10913.9	(delta): 0.0746768
204 (QN/EM) 	Elapsed: 0.001	Loglikelihood: -10913.8	(delta): 0.0835185
205 (QN/EM) 	Elapsed: 0.001	Loglikelihood: -10913.6	(delta): 0.155902
206 (QN/EM) 	Elapsed: 0.002	Loglikelihood: -10913.6	(delta): 0.0524626
207 (QN/EM) 	Elapsed: 0.001	Loglikelihood: -10913.5	(delta): 0.0705097
208 (QN/EM) 	Elapsed: 0.001	Loglikelihood: -10913.4	(delta): 0.151923
209 (QN/EM) 	Elapsed: 0.001	Loglikelihood: -10913.3	(delta): 0.110306
210 (QN/EM) 	Elapsed: 0.002	Loglikelihood: -10913.2	(delta): 0.0753899
211 (QN/EM) 	Elapsed: 0.001	Loglikelihood: -10913	(delta): 0.148148
212 (QN/EM) 	Elapsed: 0.001	Loglikelihood: -10912.9	(delta): 0.126498
213 (QN/EM) 	Elapsed: 0.001	Loglikelihood: -10912.9	(delta): 0.036142
214 (QN/EM) 	Elapsed: 0.001	Loglikelihood: -10912.5	(delta): 0.383432
215 (QN/EM) 	Elapsed: 0.001	Loglikelihood: -10912.4	(delta): 0.12227
216 (QN/EM) 	Elapsed: 0.002	Loglikelihood: -10912.3	(delta): 0.0551123
217 (QN/EM) 	Elapsed: 0.001	Loglikelihood: -10911.9	(delta): 0.394255
218 (QN/EM) 	Elapsed: 0.002	Loglikelihood: -10911.9	(delta): 0.0506286
219 (QN/EM) 	Elapsed: 0.001	Loglikelihood: -10911.5	(delta): 0.323055
220 (QN/EM) 	Elapsed: 0.002	Loglikelihood: -10911.4	(delta): 0.0996046
221 (QN/EM) 	Elapsed: 0.001	Loglikelihood: -10911.3	(delta): 0.165179
222 (QN/EM) 	Elapsed: 0.001	Loglikelihood: -10911.2	(delta): 0.0858524
223 (QN/EM) 	Elapsed: 0.001	Loglikelihood: -10910.9	(delta): 0.344017
224 (QN/EM) 	Elapsed: 0.002	Loglikelihood: -10910.8	(delta): 0.0798463
225 (QN/EM) 	Elapsed: 0.001	Loglikelihood: -10910.7	(delta): 0.0470599
226 (QN/EM) 	Elapsed: 0.001	Loglikelihood: -10910.7	(delta): 0.0595048
227 (QN/EM) 	Elapsed: 0.001	Loglikelihood: -10910.5	(delta): 0.135617
228 (QN/EM) 	Elapsed: 0.002	Loglikelihood: -10910.5	(delta): 0.0518531
229 (QN/EM) 	Elapsed: 0.002	Loglikelihood: -10910.5	(delta): 0.0258834
230 (QN/EM) 	Elapsed: 0.001	Loglikelihood: -10910.3	(delta): 0.102945
231 (QN/EM) 	Elapsed: 0.002	Loglikelihood: -10910.3	(delta): 0.00902421
232 (QN/EM) 	Elapsed: 0.001	Loglikelihood: -10910.3	(delta): 0.0662564
233 (QN/EM) 	Elapsed: 0.002	Loglikelihood: -10910.2	(delta): 0.0510516
234 (QN/EM) 	Elapsed: 0.001	Loglikelihood: -10910.2	(delta): 0.0266306
235 (QN/EM) 	Elapsed: 0.001	Loglikelihood: -10910.2	(delta): 0.0398963
236 (QN/EM) 	Elapsed: 0.001	Loglikelihood: -10910.1	(delta): 0.0490309
237 (QN/EM) 	Elapsed: 0.002	Loglikelihood: -10910.1	(delta): 0.0134494
238 (QN/EM) 	Elapsed: 0.002	Loglikelihood: -10910.1	(delta): 0.0150345
239 (QN/EM) 	Elapsed: 0.002	Loglikelihood: -10910.1	(delta): 0.0164786
240 (QN/EM) 	Elapsed: 0.001	Loglikelihood: -10909.9	(delta): 0.148045
241 (QN/EM) 	Elapsed: 0.002	Loglikelihood: -10909.9	(delta): 0.0170281
242 (QN/EM) 	Elapsed: 0.001	Loglikelihood: -10909.9	(delta): 0.0158882
243 (QN/EM) 	Elapsed: 0.002	Loglikelihood: -10909.9	(delta): 0.0167863
244 (QN/EM) 	Elapsed: 0.001	Loglikelihood: -10909.7	(delta): 0.145858
245 (QN/EM) 	Elapsed: 0.001	Loglikelihood: -10909.6	(delta): 0.0905842
246 (QN/EM) 	Elapsed: 0.001	Loglikelihood: -10909.5	(delta): 0.0780337
247 (QN/EM) 	Elapsed: 0.001	Loglikelihood: -10909.5	(delta): 0.0781337
248 (QN/EM) 	Elapsed: 0.001	Loglikelihood: -10909.3	(delta): 0.203804
249 (QN/EM) 	Elapsed: 0.001	Loglikelihood: -10909.2	(delta): 0.101347
250 (QN/EM) 	Elapsed: 0.001	Loglikelihood: -10908.8	(delta): 0.321548
251 (QN/EM) 	Elapsed: 0.001	Loglikelihood: -10908.8	(delta): 0.0306864
252 (QN/EM) 	Elapsed: 0.001	Loglikelihood: -10908.8	(delta): 0.0307038
253 (QN/EM) 	Elapsed: 0.001	Loglikelihood: -10908.7	(delta): 0.0349712
254 (QN/EM) 	Elapsed: 0.001	Loglikelihood: -10908.7	(delta): 0.0173868
255 (QN/EM) 	Elapsed: 0.001	Loglikelihood: -10908.7	(delta): 0.0108118
256 (QN/EM) 	Elapsed: 0.001	Loglikelihood: -10908.7	(delta): 0.00886737
257 (QN/EM) 	Elapsed: 0.001	Loglikelihood: -10908.7	(delta): 0.00869541
258 (QN/EM) 	Elapsed: 0.001	Loglikelihood: -10908.7	(delta): 0.00388179
259 (QN/EM) 	Elapsed: 0.001	Loglikelihood: -10908.7	(delta): 0.00298832
260 (QN/EM) 	Elapsed: 0.001	Loglikelihood: -10908.7	(delta): 0.00231976
261 (QN/EM) 	Elapsed: 0.001	Loglikelihood: -10908.7	(delta): 0.00551856
262 (QN/EM) 	Elapsed: 0.001	Loglikelihood: -10908.7	(delta): 0.00251843
263 (QN/EM) 	Elapsed: 0.001	Loglikelihood: -10908.7	(delta): 0.000672955
264 (QN/EM) 	Elapsed: 0.001	Loglikelihood: -10908.7	(delta): 0.000442738
265 (QN/EM) 	Elapsed: 0.001	Loglikelihood: -10908.7	(delta): 0.0005273
266 (QN/EM) 	Elapsed: 0.001	Loglikelihood: -10908.7	(delta): 0.000872506
267 (QN/EM) 	Elapsed: 0.001	Loglikelihood: -10908.7	(delta): 0.000510232
268 (QN/EM) 	Elapsed: 0.001	Loglikelihood: -10908.7	(delta): 0.000505501
269 (QN/EM) 	Elapsed: 0.001	Loglikelihood: -10908.7	(delta): 0.000526435
270 (QN/EM) 	Elapsed: 0.001	Loglikelihood: -10908.7	(delta): 0.000776497
271 (QN/EM) 	Elapsed: 0.001	Loglikelihood: -10908.7	(delta): 0.000535769
272 (QN/EM) 	Elapsed: 0.001	Loglikelihood: -10908.7	(delta): 0.000638435
273 (QN/EM) 	Elapsed: 0.001	Loglikelihood: -10908.7	(delta): 0.000658833
274 (QN/EM) 	Elapsed: 0.001	Loglikelihood: -10908.7	(delta): 0.00141382
275 (QN/EM) 	Elapsed: 0.001	Loglikelihood: -10908.7	(delta): 0.000781148
276 (QN/EM) 	Elapsed: 0.001	Loglikelihood: -10908.7	(delta): 0.000765068
277 (QN/EM) 	Elapsed: 0.001	Loglikelihood: -10908.7	(delta): 0.00044213
278 (QN/EM) 	Elapsed: 0.001	Loglikelihood: -10908.7	(delta): 0.000750878
279 (QN/EM) 	Elapsed: 0.001	Loglikelihood: -10908.7	(delta): 0.000314063
280 (QN/EM) 	Elapsed: 0.001	Loglikelihood: -10908.7	(delta): 0.000337294
281 (QN/EM) 	Elapsed: 0.001	Loglikelihood: -10908.7	(delta): 0.000228305
282 (QN/EM) 	Elapsed: 0.001	Loglikelihood: -10908.7	(delta): 0.000445918
283 (QN/EM) 	Elapsed: 0.001	Loglikelihood: -10908.7	(delta): 0.000207879
284 (QN/EM) 	Elapsed: 0.001	Loglikelihood: -10908.7	(delta): 0.000291843
285 (QN/EM) 	Elapsed: 0.001	Loglikelihood: -10908.7	(delta): 0.000260182
286 (QN/EM) 	Elapsed: 0.001	Loglikelihood: -10908.7	(delta): 0.00055433
287 (QN/EM) 	Elapsed: 0.001	Loglikelihood: -10908.7	(delta): 0.000171944
288 (QN/EM) 	Elapsed: 0.001	Loglikelihood: -10908.7	(delta): 0.000181783
289 (QN/EM) 	Elapsed: 0.001	Loglikelihood: -10908.7	(delta): 0.000137337
290 (QN/EM) 	Elapsed: 0.001	Loglikelihood: -10908.7	(delta): 0.000249321
291 (QN/EM) 	Elapsed: 0.001	Loglikelihood: -10908.7	(delta): 7.58467e-05
Summary: 
Converged in 291 iterations (0.612 sec)
Loglikelihood: -10908.671206
Fst divergences between estimated populations: 
	Pop0	Pop1	Pop2	
Pop0	
Pop1	0.192	
Pop2	0.241	0.241	
Pop3	0.223	0.238	0.203	
CV error (K=4): 0.96228
Writing output files.
