****                   ADMIXTURE Version 1.3.0                  ****
****                    Copyright 2008-2015                     ****
****           David Alexander, Suyash Shringarpure,            ****
****                John  Novembre, Ken Lange                   ****
****                                                            ****
****                 Please cite our paper!                     ****
****   Information at www.genetics.ucla.edu/software/admixture  ****

Cross-validation will be performed.  Folds=5.
Parallel execution requested.  Will use 5 threads.
Random seed: 43
Point estimation method: EM algorithm
Convergence acceleration algorithm: QuasiNewton, 3 secant conditions
Point estimation will terminate when objective function delta < 0.0001
Estimation of standard errors disabled; will compute point estimates only.
Size of G: 32x1621
Performing five EM steps to prime main algorithm
1 (EM) 	Elapsed: 0.002	Loglikelihood: -31493.2	(delta): 52856.2
2 (EM) 	Elapsed: 0.002	Loglikelihood: -30070.9	(delta): 1422.3
3 (EM) 	Elapsed: 0.002	Loglikelihood: -29733	(delta): 337.913
4 (EM) 	Elapsed: 0.002	Loglikelihood: -29571.5	(delta): 161.5
5 (EM) 	Elapsed: 0.002	Loglikelihood: -29483.5	(delta): 87.9849
Initial loglikelihood: -29483.5
Starting main algorithm
1 (QN/EM) 	Elapsed: 0.003	Loglikelihood: -29394.8	(delta): 88.7408
2 (QN/EM) 	Elapsed: 0.003	Loglikelihood: -29347	(delta): 47.7527
3 (QN/EM) 	Elapsed: 0.004	Loglikelihood: -29152.6	(delta): 194.472
4 (QN/EM) 	Elapsed: 0.003	Loglikelihood: -29055.3	(delta): 97.2177
5 (QN/EM) 	Elapsed: 0.003	Loglikelihood: -28995.7	(delta): 59.6037
6 (QN/EM) 	Elapsed: 0.003	Loglikelihood: -28904.7	(delta): 91.0456
7 (QN/EM) 	Elapsed: 0.003	Loglikelihood: -28736.9	(delta): 167.84
8 (QN/EM) 	Elapsed: 0.004	Loglikelihood: -28633.2	(delta): 103.674
9 (QN/EM) 	Elapsed: 0.003	Loglikelihood: -28581.6	(delta): 51.5466
10 (QN/EM) 	Elapsed: 0.004	Loglikelihood: -28519.8	(delta): 61.8094
11 (QN/EM) 	Elapsed: 0.003	Loglikelihood: -28466.7	(delta): 53.0986
12 (QN/EM) 	Elapsed: 0.003	Loglikelihood: -28396	(delta): 70.7011
13 (QN/EM) 	Elapsed: 0.003	Loglikelihood: -28366.5	(delta): 29.4981
14 (QN/EM) 	Elapsed: 0.003	Loglikelihood: -28343.3	(delta): 23.2609
15 (QN/EM) 	Elapsed: 0.003	Loglikelihood: -28314.4	(delta): 28.8523
16 (QN/EM) 	Elapsed: 0.004	Loglikelihood: -28273.9	(delta): 40.4828
17 (QN/EM) 	Elapsed: 0.003	Loglikelihood: -28233	(delta): 40.9135
18 (QN/EM) 	Elapsed: 0.003	Loglikelihood: -28202.2	(delta): 30.7891
19 (QN/EM) 	Elapsed: 0.003	Loglikelihood: -28183.5	(delta): 18.7156
20 (QN/EM) 	Elapsed: 0.003	Loglikelihood: -28160.7	(delta): 22.7784
21 (QN/EM) 	Elapsed: 0.003	Loglikelihood: -28142.5	(delta): 18.1806
22 (QN/EM) 	Elapsed: 0.004	Loglikelihood: -28129.5	(delta): 13.0713
23 (QN/EM) 	Elapsed: 0.004	Loglikelihood: -28118.9	(delta): 10.5422
24 (QN/EM) 	Elapsed: 0.003	Loglikelihood: -28112.6	(delta): 6.34688
25 (QN/EM) 	Elapsed: 0.003	Loglikelihood: -28106.2	(delta): 6.42052
26 (QN/EM) 	Elapsed: 0.003	Loglikelihood: -28096.9	(delta): 9.29259
27 (QN/EM) 	Elapsed: 0.003	Loglikelihood: -28088	(delta): 8.89789
28 (QN/EM) 	Elapsed: 0.003	Loglikelihood: -28076.9	(delta): 11.0562
29 (QN/EM) 	Elapsed: 0.003	Loglikelihood: -28064.8	(delta): 12.1265
30 (QN/EM) 	Elapsed: 0.003	Loglikelihood: -28052.7	(delta): 12.071
31 (QN/EM) 	Elapsed: 0.003	Loglikelihood: -28048	(delta): 4.72392
32 (QN/EM) 	Elapsed: 0.003	Loglikelihood: -28044.2	(delta): 3.75088
33 (QN/EM) 	Elapsed: 0.003	Loglikelihood: -28035.1	(delta): 9.1238
34 (QN/EM) 	Elapsed: 0.003	Loglikelihood: -28031.6	(delta): 3.51181
35 (QN/EM) 	Elapsed: 0.003	Loglikelihood: -28025.2	(delta): 6.45684
36 (QN/EM) 	Elapsed: 0.004	Loglikelihood: -28022.9	(delta): 2.2145
37 (QN/EM) 	Elapsed: 0.004	Loglikelihood: -28021.4	(delta): 1.56339
38 (QN/EM) 	Elapsed: 0.003	Loglikelihood: -28015.3	(delta): 6.02976
39 (QN/EM) 	Elapsed: 0.004	Loglikelihood: -28011.4	(delta): 3.98729
40 (QN/EM) 	Elapsed: 0.003	Loglikelihood: -28006.2	(delta): 5.16384
41 (QN/EM) 	Elapsed: 0.003	Loglikelihood: -28004.3	(delta): 1.91941
42 (QN/EM) 	Elapsed: 0.004	Loglikelihood: -28002	(delta): 2.2411
43 (QN/EM) 	Elapsed: 0.004	Loglikelihood: -27997.8	(delta): 4.1922
44 (QN/EM) 	Elapsed: 0.004	Loglikelihood: -27996.8	(delta): 1.08289
45 (QN/EM) 	Elapsed: 0.003	Loglikelihood: -27993	(delta): 3.74604
46 (QN/EM) 	Elapsed: 0.003	Loglikelihood: -27990.7	(delta): 2.34029
47 (QN/EM) 	Elapsed: 0.003	Loglikelihood: -27988.8	(delta): 1.8373
48 (QN/EM) 	Elapsed: 0.003	Loglikelihood: -27987.1	(delta): 1.73451
49 (QN/EM) 	Elapsed: 0.003	Loglikelihood: -27984.9	(delta): 2.18813
50 (QN/EM) 	Elapsed: 0.004	Loglikelihood: -27982.5	(delta): 2.44366
51 (QN/EM) 	Elapsed: 0.003	Loglikelihood: -27981.7	(delta): 0.809985
52 (QN/EM) 	Elapsed: 0.003	Loglikelihood: -27979.5	(delta): 2.18422
53 (QN/EM) 	Elapsed: 0.003	Loglikelihood: -27978.1	(delta): 1.39046
54 (QN/EM) 	Elapsed: 0.003	Loglikelihood: -27977.2	(delta): 0.855416
55 (QN/EM) 	Elapsed: 0.004	Loglikelihood: -27976.4	(delta): 0.823316
56 (QN/EM) 	Elapsed: 0.004	Loglikelihood: -27975.2	(delta): 1.19734
57 (QN/EM) 	Elapsed: 0.003	Loglikelihood: -27974.6	(delta): 0.629279
58 (QN/EM) 	Elapsed: 0.003	Loglikelihood: -27974	(delta): 0.55421
59 (QN/EM) 	Elapsed: 0.003	Loglikelihood: -27971	(delta): 3.02088
60 (QN/EM) 	Elapsed: 0.004	Loglikelihood: -27970.4	(delta): 0.582275
61 (QN/EM) 	Elapsed: 0.003	Loglikelihood: -27970	(delta): 0.394751
62 (QN/EM) 	Elapsed: 0.003	Loglikelihood: -27969.9	(delta): 0.137919
63 (QN/EM) 	Elapsed: 0.004	Loglikelihood: -27969.8	(delta): 0.0738236
64 (QN/EM) 	Elapsed: 0.004	Loglikelihood: -27969.7	(delta): 0.0923943
65 (QN/EM) 	Elapsed: 0.004	Loglikelihood: -27969.6	(delta): 0.107274
66 (QN/EM) 	Elapsed: 0.004	Loglikelihood: -27969.4	(delta): 0.257104
67 (QN/EM) 	Elapsed: 0.004	Loglikelihood: -27969.1	(delta): 0.269098
68 (QN/EM) 	Elapsed: 0.004	Loglikelihood: -27969	(delta): 0.0656318
69 (QN/EM) 	Elapsed: 0.003	Loglikelihood: -27968.6	(delta): 0.413295
70 (QN/EM) 	Elapsed: 0.003	Loglikelihood: -27968.2	(delta): 0.418556
71 (QN/EM) 	Elapsed: 0.003	Loglikelihood: -27968.1	(delta): 0.129504
72 (QN/EM) 	Elapsed: 0.003	Loglikelihood: -27967.7	(delta): 0.379472
73 (QN/EM) 	Elapsed: 0.003	Loglikelihood: -27967.4	(delta): 0.334815
74 (QN/EM) 	Elapsed: 0.004	Loglikelihood: -27967.3	(delta): 0.060633
75 (QN/EM) 	Elapsed: 0.003	Loglikelihood: -27967.2	(delta): 0.10824
76 (QN/EM) 	Elapsed: 0.003	Loglikelihood: -27966.5	(delta): 0.726205
77 (QN/EM) 	Elapsed: 0.003	Loglikelihood: -27966.4	(delta): 0.0863346
78 (QN/EM) 	Elapsed: 0.004	Loglikelihood: -27966.4	(delta): 0.0148182
79 (QN/EM) 	Elapsed: 0.003	Loglikelihood: -27966.3	(delta): 0.0924024
80 (QN/EM) 	Elapsed: 0.003	Loglikelihood: -27966.2	(delta): 0.0947615
81 (QN/EM) 	Elapsed: 0.003	Loglikelihood: -27966.1	(delta): 0.0248727
82 (QN/EM) 	Elapsed: 0.003	Loglikelihood: -27966.1	(delta): 0.0825519
83 (QN/EM) 	Elapsed: 0.003	Loglikelihood: -27966	(delta): 0.0262593
84 (QN/EM) 	Elapsed: 0.003	Loglikelihood: -27966	(delta): 0.0415417
85 (QN/EM) 	Elapsed: 0.003	Loglikelihood: -27966	(delta): 0.0204904
86 (QN/EM) 	Elapsed: 0.003	Loglikelihood: -27965.9	(delta): 0.0769936
87 (QN/EM) 	Elapsed: 0.003	Loglikelihood: -27965.9	(delta): 0.0308895
88 (QN/EM) 	Elapsed: 0.003	Loglikelihood: -27965.8	(delta): 0.0272557
89 (QN/EM) 	Elapsed: 0.003	Loglikelihood: -27965.8	(delta): 0.0071249
90 (QN/EM) 	Elapsed: 0.003	Loglikelihood: -27965.8	(delta): 0.0399966
91 (QN/EM) 	Elapsed: 0.003	Loglikelihood: -27965.7	(delta): 0.0493483
92 (QN/EM) 	Elapsed: 0.003	Loglikelihood: -27965.7	(delta): 0.0237287
93 (QN/EM) 	Elapsed: 0.003	Loglikelihood: -27965.7	(delta): 0.00304361
94 (QN/EM) 	Elapsed: 0.003	Loglikelihood: -27965.7	(delta): 0.0137828
95 (QN/EM) 	Elapsed: 0.003	Loglikelihood: -27965.6	(delta): 0.0695807
96 (QN/EM) 	Elapsed: 0.003	Loglikelihood: -27965.6	(delta): 0.0162206
97 (QN/EM) 	Elapsed: 0.003	Loglikelihood: -27965.6	(delta): 0.00190784
98 (QN/EM) 	Elapsed: 0.003	Loglikelihood: -27965.6	(delta): 0.00509367
99 (QN/EM) 	Elapsed: 0.003	Loglikelihood: -27965.6	(delta): 0.00377155
100 (QN/EM) 	Elapsed: 0.003	Loglikelihood: -27965.6	(delta): 0.0110389
101 (QN/EM) 	Elapsed: 0.003	Loglikelihood: -27965.6	(delta): 0.00381107
102 (QN/EM) 	Elapsed: 0.003	Loglikelihood: -27965.6	(delta): 0.0046436
103 (QN/EM) 	Elapsed: 0.003	Loglikelihood: -27965.6	(delta): 0.001785
104 (QN/EM) 	Elapsed: 0.003	Loglikelihood: -27965.6	(delta): 0.00879181
105 (QN/EM) 	Elapsed: 0.003	Loglikelihood: -27965.6	(delta): 0.00130041
106 (QN/EM) 	Elapsed: 0.003	Loglikelihood: -27965.6	(delta): 0.00293936
107 (QN/EM) 	Elapsed: 0.003	Loglikelihood: -27965.6	(delta): 0.00149987
108 (QN/EM) 	Elapsed: 0.003	Loglikelihood: -27965.6	(delta): 0.0037772
109 (QN/EM) 	Elapsed: 0.003	Loglikelihood: -27965.6	(delta): 0.00152867
110 (QN/EM) 	Elapsed: 0.003	Loglikelihood: -27965.6	(delta): 0.0018663
111 (QN/EM) 	Elapsed: 0.003	Loglikelihood: -27965.6	(delta): 0.0010603
112 (QN/EM) 	Elapsed: 0.003	Loglikelihood: -27965.6	(delta): 0.0023201
113 (QN/EM) 	Elapsed: 0.003	Loglikelihood: -27965.6	(delta): 0.00127644
114 (QN/EM) 	Elapsed: 0.003	Loglikelihood: -27965.6	(delta): 0.00119077
115 (QN/EM) 	Elapsed: 0.003	Loglikelihood: -27965.6	(delta): 0.000839164
116 (QN/EM) 	Elapsed: 0.003	Loglikelihood: -27965.6	(delta): 0.0014851
117 (QN/EM) 	Elapsed: 0.003	Loglikelihood: -27965.6	(delta): 0.0010617
118 (QN/EM) 	Elapsed: 0.003	Loglikelihood: -27965.6	(delta): 0.000824569
119 (QN/EM) 	Elapsed: 0.003	Loglikelihood: -27965.6	(delta): 0.00064739
120 (QN/EM) 	Elapsed: 0.003	Loglikelihood: -27965.5	(delta): 0.000999777
121 (QN/EM) 	Elapsed: 0.003	Loglikelihood: -27965.5	(delta): 0.000893042
122 (QN/EM) 	Elapsed: 0.003	Loglikelihood: -27965.5	(delta): 0.000568656
123 (QN/EM) 	Elapsed: 0.003	Loglikelihood: -27965.5	(delta): 0.00050157
124 (QN/EM) 	Elapsed: 0.003	Loglikelihood: -27965.5	(delta): 0.000685538
125 (QN/EM) 	Elapsed: 0.003	Loglikelihood: -27965.5	(delta): 0.000737967
126 (QN/EM) 	Elapsed: 0.003	Loglikelihood: -27965.5	(delta): 0.000390713
127 (QN/EM) 	Elapsed: 0.003	Loglikelihood: -27965.5	(delta): 0.000387172
128 (QN/EM) 	Elapsed: 0.003	Loglikelihood: -27965.5	(delta): 0.000474421
129 (QN/EM) 	Elapsed: 0.003	Loglikelihood: -27965.5	(delta): 0.000591697
130 (QN/EM) 	Elapsed: 0.003	Loglikelihood: -27965.5	(delta): 0.000268958
131 (QN/EM) 	Elapsed: 0.003	Loglikelihood: -27965.5	(delta): 0.000291806
132 (QN/EM) 	Elapsed: 0.003	Loglikelihood: -27965.5	(delta): 0.000330088
133 (QN/EM) 	Elapsed: 0.003	Loglikelihood: -27965.5	(delta): 0.000467915
134 (QN/EM) 	Elapsed: 0.003	Loglikelihood: -27965.5	(delta): 0.000183914
135 (QN/EM) 	Elapsed: 0.003	Loglikelihood: -27965.5	(delta): 0.000219697
136 (QN/EM) 	Elapsed: 0.003	Loglikelihood: -27965.5	(delta): 0.00022384
137 (QN/EM) 	Elapsed: 0.003	Loglikelihood: -27965.5	(delta): 0.000371142
138 (QN/EM) 	Elapsed: 0.003	Loglikelihood: -27965.5	(delta): 0.000122938
139 (QN/EM) 	Elapsed: 0.003	Loglikelihood: -27965.5	(delta): 0.000164883
140 (QN/EM) 	Elapsed: 0.003	Loglikelihood: -27965.5	(delta): 0.000149202
141 (QN/EM) 	Elapsed: 0.003	Loglikelihood: -27965.5	(delta): 0.000292262
142 (QN/EM) 	Elapsed: 0.003	Loglikelihood: -27965.5	(delta): 8.23993e-05
Summary: 
Converged in 142 iterations (0.59 sec)
Loglikelihood: -27965.540814
Fst divergences between estimated populations: 
	Pop0	
Pop0	
Pop1	0.103	
CV error (K=2): 0.61418
Writing output files.
