****                   ADMIXTURE Version 1.3.0                  ****
****                    Copyright 2008-2015                     ****
****           David Alexander, Suyash Shringarpure,            ****
****                John  Novembre, Ken Lange                   ****
****                                                            ****
****                 Please cite our paper!                     ****
****   Information at www.genetics.ucla.edu/software/admixture  ****

Cross-validation will be performed.  Folds=5.
Parallel execution requested.  Will use 5 threads.
Random seed: 43
Point estimation method: EM algorithm
Convergence acceleration algorithm: QuasiNewton, 3 secant conditions
Point estimation will terminate when objective function delta < 0.0001
Estimation of standard errors disabled; will compute point estimates only.
Size of G: 32x1621
Performing five EM steps to prime main algorithm
1 (EM) 	Elapsed: 0.002	Loglikelihood: -32406.3	(delta): 45617.5
2 (EM) 	Elapsed: 0.002	Loglikelihood: -30244.3	(delta): 2162.08
3 (EM) 	Elapsed: 0.002	Loglikelihood: -29713.1	(delta): 531.12
4 (EM) 	Elapsed: 0.002	Loglikelihood: -29416.1	(delta): 297.021
5 (EM) 	Elapsed: 0.002	Loglikelihood: -29209	(delta): 207.085
Initial loglikelihood: -29209
Starting main algorithm
1 (QN/EM) 	Elapsed: 0.005	Loglikelihood: -28948.1	(delta): 260.929
2 (QN/EM) 	Elapsed: 0.005	Loglikelihood: -28797.2	(delta): 150.938
3 (QN/EM) 	Elapsed: 0.006	Loglikelihood: -28488.4	(delta): 308.8
4 (QN/EM) 	Elapsed: 0.006	Loglikelihood: -28367.2	(delta): 121.139
5 (QN/EM) 	Elapsed: 0.006	Loglikelihood: -28108.8	(delta): 258.411
6 (QN/EM) 	Elapsed: 0.006	Loglikelihood: -27968.3	(delta): 140.497
7 (QN/EM) 	Elapsed: 0.006	Loglikelihood: -27844.4	(delta): 123.9
8 (QN/EM) 	Elapsed: 0.006	Loglikelihood: -27778.9	(delta): 65.5111
9 (QN/EM) 	Elapsed: 0.006	Loglikelihood: -27672.4	(delta): 106.49
10 (QN/EM) 	Elapsed: 0.006	Loglikelihood: -27559.6	(delta): 112.782
11 (QN/EM) 	Elapsed: 0.006	Loglikelihood: -27459	(delta): 100.617
12 (QN/EM) 	Elapsed: 0.006	Loglikelihood: -27382.3	(delta): 76.7265
13 (QN/EM) 	Elapsed: 0.006	Loglikelihood: -27310.3	(delta): 71.937
14 (QN/EM) 	Elapsed: 0.006	Loglikelihood: -27230.6	(delta): 79.7087
15 (QN/EM) 	Elapsed: 0.006	Loglikelihood: -27191.9	(delta): 38.7844
16 (QN/EM) 	Elapsed: 0.006	Loglikelihood: -27156.5	(delta): 35.3729
17 (QN/EM) 	Elapsed: 0.006	Loglikelihood: -27128.8	(delta): 27.6667
18 (QN/EM) 	Elapsed: 0.006	Loglikelihood: -27091.6	(delta): 37.2291
19 (QN/EM) 	Elapsed: 0.006	Loglikelihood: -27056.8	(delta): 34.8067
20 (QN/EM) 	Elapsed: 0.006	Loglikelihood: -27024.8	(delta): 31.9533
21 (QN/EM) 	Elapsed: 0.006	Loglikelihood: -26977.2	(delta): 47.6391
22 (QN/EM) 	Elapsed: 0.006	Loglikelihood: -26958.8	(delta): 18.4209
23 (QN/EM) 	Elapsed: 0.006	Loglikelihood: -26948.7	(delta): 10.0461
24 (QN/EM) 	Elapsed: 0.006	Loglikelihood: -26933.1	(delta): 15.5763
25 (QN/EM) 	Elapsed: 0.006	Loglikelihood: -26919.8	(delta): 13.3476
26 (QN/EM) 	Elapsed: 0.006	Loglikelihood: -26915.9	(delta): 3.92302
27 (QN/EM) 	Elapsed: 0.006	Loglikelihood: -26905.4	(delta): 10.4397
28 (QN/EM) 	Elapsed: 0.006	Loglikelihood: -26899.1	(delta): 6.30617
29 (QN/EM) 	Elapsed: 0.006	Loglikelihood: -26894.9	(delta): 4.22509
30 (QN/EM) 	Elapsed: 0.006	Loglikelihood: -26888.4	(delta): 6.48598
31 (QN/EM) 	Elapsed: 0.006	Loglikelihood: -26877.1	(delta): 11.3479
32 (QN/EM) 	Elapsed: 0.006	Loglikelihood: -26874.1	(delta): 3.01306
33 (QN/EM) 	Elapsed: 0.006	Loglikelihood: -26871.4	(delta): 2.618
34 (QN/EM) 	Elapsed: 0.006	Loglikelihood: -26862.8	(delta): 8.68023
35 (QN/EM) 	Elapsed: 0.006	Loglikelihood: -26857.5	(delta): 5.22846
36 (QN/EM) 	Elapsed: 0.006	Loglikelihood: -26854.7	(delta): 2.82459
37 (QN/EM) 	Elapsed: 0.006	Loglikelihood: -26844.7	(delta): 9.98589
38 (QN/EM) 	Elapsed: 0.006	Loglikelihood: -26839.5	(delta): 5.18284
39 (QN/EM) 	Elapsed: 0.006	Loglikelihood: -26831	(delta): 8.51135
40 (QN/EM) 	Elapsed: 0.006	Loglikelihood: -26823.8	(delta): 7.22149
41 (QN/EM) 	Elapsed: 0.006	Loglikelihood: -26817.8	(delta): 5.99797
42 (QN/EM) 	Elapsed: 0.006	Loglikelihood: -26811.7	(delta): 6.07376
43 (QN/EM) 	Elapsed: 0.006	Loglikelihood: -26807.2	(delta): 4.55192
44 (QN/EM) 	Elapsed: 0.006	Loglikelihood: -26802.3	(delta): 4.89474
45 (QN/EM) 	Elapsed: 0.006	Loglikelihood: -26789.9	(delta): 12.4335
46 (QN/EM) 	Elapsed: 0.006	Loglikelihood: -26786.7	(delta): 3.1459
47 (QN/EM) 	Elapsed: 0.006	Loglikelihood: -26785.6	(delta): 1.15538
48 (QN/EM) 	Elapsed: 0.006	Loglikelihood: -26784.7	(delta): 0.861616
49 (QN/EM) 	Elapsed: 0.006	Loglikelihood: -26783.7	(delta): 1.00271
50 (QN/EM) 	Elapsed: 0.006	Loglikelihood: -26782.1	(delta): 1.58299
51 (QN/EM) 	Elapsed: 0.006	Loglikelihood: -26780	(delta): 2.05362
52 (QN/EM) 	Elapsed: 0.006	Loglikelihood: -26779.4	(delta): 0.675837
53 (QN/EM) 	Elapsed: 0.006	Loglikelihood: -26778.8	(delta): 0.616416
54 (QN/EM) 	Elapsed: 0.006	Loglikelihood: -26778.1	(delta): 0.643189
55 (QN/EM) 	Elapsed: 0.006	Loglikelihood: -26777.4	(delta): 0.675255
56 (QN/EM) 	Elapsed: 0.006	Loglikelihood: -26771.7	(delta): 5.74866
57 (QN/EM) 	Elapsed: 0.006	Loglikelihood: -26770.6	(delta): 1.12453
58 (QN/EM) 	Elapsed: 0.006	Loglikelihood: -26770	(delta): 0.545984
59 (QN/EM) 	Elapsed: 0.006	Loglikelihood: -26767.2	(delta): 2.86894
60 (QN/EM) 	Elapsed: 0.006	Loglikelihood: -26762.7	(delta): 4.41619
61 (QN/EM) 	Elapsed: 0.006	Loglikelihood: -26758.6	(delta): 4.10899
62 (QN/EM) 	Elapsed: 0.006	Loglikelihood: -26754.8	(delta): 3.82364
63 (QN/EM) 	Elapsed: 0.006	Loglikelihood: -26752	(delta): 2.8393
64 (QN/EM) 	Elapsed: 0.006	Loglikelihood: -26741.8	(delta): 10.1895
65 (QN/EM) 	Elapsed: 0.006	Loglikelihood: -26729.7	(delta): 12.1106
66 (QN/EM) 	Elapsed: 0.006	Loglikelihood: -26720	(delta): 9.64867
67 (QN/EM) 	Elapsed: 0.006	Loglikelihood: -26716.9	(delta): 3.07325
68 (QN/EM) 	Elapsed: 0.006	Loglikelihood: -26713.5	(delta): 3.44928
69 (QN/EM) 	Elapsed: 0.006	Loglikelihood: -26711.9	(delta): 1.58808
70 (QN/EM) 	Elapsed: 0.006	Loglikelihood: -26710.3	(delta): 1.57868
71 (QN/EM) 	Elapsed: 0.006	Loglikelihood: -26707.2	(delta): 3.16714
72 (QN/EM) 	Elapsed: 0.006	Loglikelihood: -26705.7	(delta): 1.49986
73 (QN/EM) 	Elapsed: 0.006	Loglikelihood: -26704.2	(delta): 1.48723
74 (QN/EM) 	Elapsed: 0.006	Loglikelihood: -26700.9	(delta): 3.23993
75 (QN/EM) 	Elapsed: 0.006	Loglikelihood: -26691.8	(delta): 9.1067
76 (QN/EM) 	Elapsed: 0.006	Loglikelihood: -26687	(delta): 4.82835
77 (QN/EM) 	Elapsed: 0.006	Loglikelihood: -26680.7	(delta): 6.30526
78 (QN/EM) 	Elapsed: 0.006	Loglikelihood: -26676	(delta): 4.65682
79 (QN/EM) 	Elapsed: 0.006	Loglikelihood: -26673.1	(delta): 2.91088
80 (QN/EM) 	Elapsed: 0.006	Loglikelihood: -26669.9	(delta): 3.23324
81 (QN/EM) 	Elapsed: 0.006	Loglikelihood: -26662.5	(delta): 7.41154
82 (QN/EM) 	Elapsed: 0.006	Loglikelihood: -26656.5	(delta): 5.93542
83 (QN/EM) 	Elapsed: 0.006	Loglikelihood: -26653.4	(delta): 3.15377
84 (QN/EM) 	Elapsed: 0.006	Loglikelihood: -26648.7	(delta): 4.67319
85 (QN/EM) 	Elapsed: 0.006	Loglikelihood: -26644.1	(delta): 4.5816
86 (QN/EM) 	Elapsed: 0.006	Loglikelihood: -26642	(delta): 2.10863
87 (QN/EM) 	Elapsed: 0.006	Loglikelihood: -26640.6	(delta): 1.39398
88 (QN/EM) 	Elapsed: 0.006	Loglikelihood: -26639	(delta): 1.58201
89 (QN/EM) 	Elapsed: 0.006	Loglikelihood: -26635.7	(delta): 3.39557
90 (QN/EM) 	Elapsed: 0.006	Loglikelihood: -26633.4	(delta): 2.22232
91 (QN/EM) 	Elapsed: 0.006	Loglikelihood: -26631.4	(delta): 1.98317
92 (QN/EM) 	Elapsed: 0.006	Loglikelihood: -26623.4	(delta): 8.04761
93 (QN/EM) 	Elapsed: 0.006	Loglikelihood: -26619.1	(delta): 4.33928
94 (QN/EM) 	Elapsed: 0.006	Loglikelihood: -26615.5	(delta): 3.51661
95 (QN/EM) 	Elapsed: 0.006	Loglikelihood: -26613	(delta): 2.55842
96 (QN/EM) 	Elapsed: 0.006	Loglikelihood: -26608	(delta): 5.00221
97 (QN/EM) 	Elapsed: 0.006	Loglikelihood: -26604.4	(delta): 3.55728
98 (QN/EM) 	Elapsed: 0.006	Loglikelihood: -26599.5	(delta): 4.9524
99 (QN/EM) 	Elapsed: 0.006	Loglikelihood: -26596.5	(delta): 2.97423
100 (QN/EM) 	Elapsed: 0.006	Loglikelihood: -26590.8	(delta): 5.73391
101 (QN/EM) 	Elapsed: 0.006	Loglikelihood: -26588.6	(delta): 2.19865
102 (QN/EM) 	Elapsed: 0.006	Loglikelihood: -26587.3	(delta): 1.31142
103 (QN/EM) 	Elapsed: 0.006	Loglikelihood: -26584.6	(delta): 2.66646
104 (QN/EM) 	Elapsed: 0.006	Loglikelihood: -26583.5	(delta): 1.10293
105 (QN/EM) 	Elapsed: 0.006	Loglikelihood: -26582.4	(delta): 1.06787
106 (QN/EM) 	Elapsed: 0.006	Loglikelihood: -26580.8	(delta): 1.64906
107 (QN/EM) 	Elapsed: 0.006	Loglikelihood: -26579.5	(delta): 1.2716
108 (QN/EM) 	Elapsed: 0.006	Loglikelihood: -26573.2	(delta): 6.27445
109 (QN/EM) 	Elapsed: 0.006	Loglikelihood: -26570	(delta): 3.18376
110 (QN/EM) 	Elapsed: 0.006	Loglikelihood: -26568.8	(delta): 1.19259
111 (QN/EM) 	Elapsed: 0.006	Loglikelihood: -26567.6	(delta): 1.23302
112 (QN/EM) 	Elapsed: 0.006	Loglikelihood: -26567	(delta): 0.592379
113 (QN/EM) 	Elapsed: 0.006	Loglikelihood: -26566.4	(delta): 0.657965
114 (QN/EM) 	Elapsed: 0.006	Loglikelihood: -26565.7	(delta): 0.708895
115 (QN/EM) 	Elapsed: 0.006	Loglikelihood: -26563.3	(delta): 2.3379
116 (QN/EM) 	Elapsed: 0.006	Loglikelihood: -26561.9	(delta): 1.44697
117 (QN/EM) 	Elapsed: 0.006	Loglikelihood: -26560.3	(delta): 1.5356
118 (QN/EM) 	Elapsed: 0.006	Loglikelihood: -26558.3	(delta): 2.00531
119 (QN/EM) 	Elapsed: 0.006	Loglikelihood: -26557.9	(delta): 0.474871
120 (QN/EM) 	Elapsed: 0.006	Loglikelihood: -26554.7	(delta): 3.13557
121 (QN/EM) 	Elapsed: 0.006	Loglikelihood: -26553.7	(delta): 0.977273
122 (QN/EM) 	Elapsed: 0.006	Loglikelihood: -26553.4	(delta): 0.356575
123 (QN/EM) 	Elapsed: 0.006	Loglikelihood: -26552.7	(delta): 0.664224
124 (QN/EM) 	Elapsed: 0.006	Loglikelihood: -26552.1	(delta): 0.66754
125 (QN/EM) 	Elapsed: 0.006	Loglikelihood: -26551.5	(delta): 0.572092
126 (QN/EM) 	Elapsed: 0.006	Loglikelihood: -26551.2	(delta): 0.265918
127 (QN/EM) 	Elapsed: 0.006	Loglikelihood: -26551	(delta): 0.17564
128 (QN/EM) 	Elapsed: 0.006	Loglikelihood: -26550.9	(delta): 0.18943
129 (QN/EM) 	Elapsed: 0.006	Loglikelihood: -26550.7	(delta): 0.185489
130 (QN/EM) 	Elapsed: 0.006	Loglikelihood: -26550.5	(delta): 0.191721
131 (QN/EM) 	Elapsed: 0.006	Loglikelihood: -26550.3	(delta): 0.18962
132 (QN/EM) 	Elapsed: 0.006	Loglikelihood: -26550.1	(delta): 0.153078
133 (QN/EM) 	Elapsed: 0.006	Loglikelihood: -26546.1	(delta): 4.05967
134 (QN/EM) 	Elapsed: 0.006	Loglikelihood: -26545.4	(delta): 0.642027
135 (QN/EM) 	Elapsed: 0.006	Loglikelihood: -26545.4	(delta): 0.0328548
136 (QN/EM) 	Elapsed: 0.006	Loglikelihood: -26545.4	(delta): 0.0434571
137 (QN/EM) 	Elapsed: 0.006	Loglikelihood: -26545.3	(delta): 0.0593045
138 (QN/EM) 	Elapsed: 0.006	Loglikelihood: -26545.3	(delta): 0.0279456
139 (QN/EM) 	Elapsed: 0.006	Loglikelihood: -26545.2	(delta): 0.0302428
140 (QN/EM) 	Elapsed: 0.006	Loglikelihood: -26545	(delta): 0.244266
141 (QN/EM) 	Elapsed: 0.006	Loglikelihood: -26544	(delta): 0.956805
142 (QN/EM) 	Elapsed: 0.006	Loglikelihood: -26543.7	(delta): 0.321547
143 (QN/EM) 	Elapsed: 0.006	Loglikelihood: -26543.4	(delta): 0.307981
144 (QN/EM) 	Elapsed: 0.006	Loglikelihood: -26542	(delta): 1.41939
145 (QN/EM) 	Elapsed: 0.006	Loglikelihood: -26532.6	(delta): 9.40054
146 (QN/EM) 	Elapsed: 0.006	Loglikelihood: -26527.9	(delta): 4.65905
147 (QN/EM) 	Elapsed: 0.006	Loglikelihood: -26525.8	(delta): 2.11938
148 (QN/EM) 	Elapsed: 0.006	Loglikelihood: -26524.8	(delta): 0.996943
149 (QN/EM) 	Elapsed: 0.006	Loglikelihood: -26516.3	(delta): 8.49606
150 (QN/EM) 	Elapsed: 0.006	Loglikelihood: -26511.2	(delta): 5.12546
151 (QN/EM) 	Elapsed: 0.006	Loglikelihood: -26508.4	(delta): 2.7998
152 (QN/EM) 	Elapsed: 0.006	Loglikelihood: -26507.3	(delta): 1.09887
153 (QN/EM) 	Elapsed: 0.006	Loglikelihood: -26506.7	(delta): 0.584031
154 (QN/EM) 	Elapsed: 0.006	Loglikelihood: -26506.5	(delta): 0.185596
155 (QN/EM) 	Elapsed: 0.006	Loglikelihood: -26506.1	(delta): 0.386619
156 (QN/EM) 	Elapsed: 0.006	Loglikelihood: -26505.7	(delta): 0.476313
157 (QN/EM) 	Elapsed: 0.006	Loglikelihood: -26505.4	(delta): 0.298032
158 (QN/EM) 	Elapsed: 0.006	Loglikelihood: -26504.2	(delta): 1.19059
159 (QN/EM) 	Elapsed: 0.006	Loglikelihood: -26504	(delta): 0.216662
160 (QN/EM) 	Elapsed: 0.006	Loglikelihood: -26503.8	(delta): 0.192469
161 (QN/EM) 	Elapsed: 0.006	Loglikelihood: -26503.4	(delta): 0.384382
162 (QN/EM) 	Elapsed: 0.006	Loglikelihood: -26502	(delta): 1.37736
163 (QN/EM) 	Elapsed: 0.006	Loglikelihood: -26501.5	(delta): 0.500284
164 (QN/EM) 	Elapsed: 0.006	Loglikelihood: -26500.6	(delta): 0.894772
165 (QN/EM) 	Elapsed: 0.006	Loglikelihood: -26500.3	(delta): 0.340389
166 (QN/EM) 	Elapsed: 0.006	Loglikelihood: -26500	(delta): 0.248029
167 (QN/EM) 	Elapsed: 0.006	Loglikelihood: -26499.2	(delta): 0.791025
168 (QN/EM) 	Elapsed: 0.006	Loglikelihood: -26498.5	(delta): 0.741934
169 (QN/EM) 	Elapsed: 0.006	Loglikelihood: -26498	(delta): 0.521985
170 (QN/EM) 	Elapsed: 0.006	Loglikelihood: -26497.1	(delta): 0.839659
171 (QN/EM) 	Elapsed: 0.006	Loglikelihood: -26496.3	(delta): 0.814789
172 (QN/EM) 	Elapsed: 0.006	Loglikelihood: -26495.9	(delta): 0.398576
173 (QN/EM) 	Elapsed: 0.006	Loglikelihood: -26495.5	(delta): 0.411469
174 (QN/EM) 	Elapsed: 0.006	Loglikelihood: -26495.3	(delta): 0.230288
175 (QN/EM) 	Elapsed: 0.006	Loglikelihood: -26495.2	(delta): 0.0943604
176 (QN/EM) 	Elapsed: 0.006	Loglikelihood: -26495.1	(delta): 0.0973884
177 (QN/EM) 	Elapsed: 0.006	Loglikelihood: -26495	(delta): 0.103793
178 (QN/EM) 	Elapsed: 0.006	Loglikelihood: -26494.3	(delta): 0.691795
179 (QN/EM) 	Elapsed: 0.006	Loglikelihood: -26493.2	(delta): 1.06808
180 (QN/EM) 	Elapsed: 0.006	Loglikelihood: -26492.8	(delta): 0.378774
181 (QN/EM) 	Elapsed: 0.006	Loglikelihood: -26492	(delta): 0.815222
182 (QN/EM) 	Elapsed: 0.006	Loglikelihood: -26490.9	(delta): 1.08692
183 (QN/EM) 	Elapsed: 0.006	Loglikelihood: -26490.6	(delta): 0.353111
184 (QN/EM) 	Elapsed: 0.006	Loglikelihood: -26489.4	(delta): 1.19583
185 (QN/EM) 	Elapsed: 0.006	Loglikelihood: -26489	(delta): 0.372974
186 (QN/EM) 	Elapsed: 0.006	Loglikelihood: -26488.7	(delta): 0.316183
187 (QN/EM) 	Elapsed: 0.006	Loglikelihood: -26487.4	(delta): 1.24405
188 (QN/EM) 	Elapsed: 0.006	Loglikelihood: -26486.2	(delta): 1.25209
189 (QN/EM) 	Elapsed: 0.006	Loglikelihood: -26484.9	(delta): 1.32032
190 (QN/EM) 	Elapsed: 0.006	Loglikelihood: -26484.3	(delta): 0.547262
191 (QN/EM) 	Elapsed: 0.006	Loglikelihood: -26483.3	(delta): 1.00198
192 (QN/EM) 	Elapsed: 0.006	Loglikelihood: -26483.1	(delta): 0.245302
193 (QN/EM) 	Elapsed: 0.006	Loglikelihood: -26480.7	(delta): 2.33882
194 (QN/EM) 	Elapsed: 0.006	Loglikelihood: -26478.3	(delta): 2.40025
195 (QN/EM) 	Elapsed: 0.006	Loglikelihood: -26477.2	(delta): 1.18386
196 (QN/EM) 	Elapsed: 0.006	Loglikelihood: -26476.7	(delta): 0.499186
197 (QN/EM) 	Elapsed: 0.006	Loglikelihood: -26475.9	(delta): 0.792161
198 (QN/EM) 	Elapsed: 0.006	Loglikelihood: -26475.5	(delta): 0.355188
199 (QN/EM) 	Elapsed: 0.006	Loglikelihood: -26474.9	(delta): 0.561919
200 (QN/EM) 	Elapsed: 0.006	Loglikelihood: -26473.4	(delta): 1.5614
201 (QN/EM) 	Elapsed: 0.006	Loglikelihood: -26472.8	(delta): 0.564976
202 (QN/EM) 	Elapsed: 0.006	Loglikelihood: -26471.8	(delta): 0.972773
203 (QN/EM) 	Elapsed: 0.006	Loglikelihood: -26471.5	(delta): 0.368262
204 (QN/EM) 	Elapsed: 0.006	Loglikelihood: -26468.9	(delta): 2.57872
205 (QN/EM) 	Elapsed: 0.006	Loglikelihood: -26466.4	(delta): 2.49642
206 (QN/EM) 	Elapsed: 0.006	Loglikelihood: -26465.7	(delta): 0.6717
207 (QN/EM) 	Elapsed: 0.006	Loglikelihood: -26465.2	(delta): 0.548433
208 (QN/EM) 	Elapsed: 0.006	Loglikelihood: -26465.1	(delta): 0.0979453
209 (QN/EM) 	Elapsed: 0.006	Loglikelihood: -26465.1	(delta): 0.0187119
210 (QN/EM) 	Elapsed: 0.006	Loglikelihood: -26465	(delta): 0.0583411
211 (QN/EM) 	Elapsed: 0.006	Loglikelihood: -26465	(delta): 0.0296344
212 (QN/EM) 	Elapsed: 0.006	Loglikelihood: -26465	(delta): 0.00759575
213 (QN/EM) 	Elapsed: 0.006	Loglikelihood: -26464.9	(delta): 0.0570611
214 (QN/EM) 	Elapsed: 0.006	Loglikelihood: -26464.9	(delta): 0.0635116
215 (QN/EM) 	Elapsed: 0.006	Loglikelihood: -26464.8	(delta): 0.00624101
216 (QN/EM) 	Elapsed: 0.006	Loglikelihood: -26464.8	(delta): 0.00650735
217 (QN/EM) 	Elapsed: 0.006	Loglikelihood: -26464.8	(delta): 0.0068033
218 (QN/EM) 	Elapsed: 0.006	Loglikelihood: -26464.8	(delta): 0.00706135
219 (QN/EM) 	Elapsed: 0.006	Loglikelihood: -26464.8	(delta): 0.0548811
220 (QN/EM) 	Elapsed: 0.006	Loglikelihood: -26464.7	(delta): 0.0489142
221 (QN/EM) 	Elapsed: 0.006	Loglikelihood: -26464.7	(delta): 0.0050337
222 (QN/EM) 	Elapsed: 0.006	Loglikelihood: -26464.7	(delta): 0.00493732
223 (QN/EM) 	Elapsed: 0.006	Loglikelihood: -26464.7	(delta): 0.00486493
224 (QN/EM) 	Elapsed: 0.006	Loglikelihood: -26464.7	(delta): 0.0104204
225 (QN/EM) 	Elapsed: 0.006	Loglikelihood: -26464.7	(delta): 0.00799149
226 (QN/EM) 	Elapsed: 0.006	Loglikelihood: -26464.6	(delta): 0.0388877
227 (QN/EM) 	Elapsed: 0.006	Loglikelihood: -26464.6	(delta): 0.0101588
228 (QN/EM) 	Elapsed: 0.006	Loglikelihood: -26464.5	(delta): 0.144668
229 (QN/EM) 	Elapsed: 0.006	Loglikelihood: -26464.5	(delta): 0.00826652
230 (QN/EM) 	Elapsed: 0.006	Loglikelihood: -26464.5	(delta): 0.0078532
231 (QN/EM) 	Elapsed: 0.006	Loglikelihood: -26464.5	(delta): 0.0203984
232 (QN/EM) 	Elapsed: 0.006	Loglikelihood: -26464.4	(delta): 0.0263399
233 (QN/EM) 	Elapsed: 0.006	Loglikelihood: -26464.4	(delta): 0.0141826
234 (QN/EM) 	Elapsed: 0.006	Loglikelihood: -26464.4	(delta): 0.00437208
235 (QN/EM) 	Elapsed: 0.006	Loglikelihood: -26464.4	(delta): 0.00449764
236 (QN/EM) 	Elapsed: 0.006	Loglikelihood: -26464.4	(delta): 0.00463107
237 (QN/EM) 	Elapsed: 0.006	Loglikelihood: -26464.4	(delta): 0.00475563
238 (QN/EM) 	Elapsed: 0.006	Loglikelihood: -26464.4	(delta): 0.0220286
239 (QN/EM) 	Elapsed: 0.006	Loglikelihood: -26464.3	(delta): 0.0446901
240 (QN/EM) 	Elapsed: 0.006	Loglikelihood: -26464.3	(delta): 0.00346979
241 (QN/EM) 	Elapsed: 0.006	Loglikelihood: -26464.3	(delta): 0.0672012
242 (QN/EM) 	Elapsed: 0.006	Loglikelihood: -26464.3	(delta): 0.00457039
243 (QN/EM) 	Elapsed: 0.006	Loglikelihood: -26464.3	(delta): 0.00162105
244 (QN/EM) 	Elapsed: 0.006	Loglikelihood: -26464.3	(delta): 0.000570002
245 (QN/EM) 	Elapsed: 0.006	Loglikelihood: -26464.3	(delta): 0.00271022
246 (QN/EM) 	Elapsed: 0.006	Loglikelihood: -26464.2	(delta): 0.00393026
247 (QN/EM) 	Elapsed: 0.006	Loglikelihood: -26464.2	(delta): 0.00520466
248 (QN/EM) 	Elapsed: 0.006	Loglikelihood: -26464.2	(delta): 0.000839086
249 (QN/EM) 	Elapsed: 0.006	Loglikelihood: -26464.2	(delta): 0.00104212
250 (QN/EM) 	Elapsed: 0.006	Loglikelihood: -26464.2	(delta): 0.00246948
251 (QN/EM) 	Elapsed: 0.006	Loglikelihood: -26464.2	(delta): 0.00251292
252 (QN/EM) 	Elapsed: 0.006	Loglikelihood: -26464.2	(delta): 0.00491533
253 (QN/EM) 	Elapsed: 0.006	Loglikelihood: -26464.2	(delta): 0.000296938
254 (QN/EM) 	Elapsed: 0.006	Loglikelihood: -26464.2	(delta): 0.00071832
255 (QN/EM) 	Elapsed: 0.006	Loglikelihood: -26464.2	(delta): 0.000497065
256 (QN/EM) 	Elapsed: 0.006	Loglikelihood: -26464.2	(delta): 0.00089052
257 (QN/EM) 	Elapsed: 0.006	Loglikelihood: -26464.2	(delta): 0.000716544
258 (QN/EM) 	Elapsed: 0.006	Loglikelihood: -26464.2	(delta): 0.000864738
259 (QN/EM) 	Elapsed: 0.006	Loglikelihood: -26464.2	(delta): 0.000181759
260 (QN/EM) 	Elapsed: 0.006	Loglikelihood: -26464.2	(delta): 0.00039034
261 (QN/EM) 	Elapsed: 0.006	Loglikelihood: -26464.2	(delta): 0.000303888
262 (QN/EM) 	Elapsed: 0.006	Loglikelihood: -26464.2	(delta): 0.000504881
263 (QN/EM) 	Elapsed: 0.006	Loglikelihood: -26464.2	(delta): 0.000170358
264 (QN/EM) 	Elapsed: 0.006	Loglikelihood: -26464.2	(delta): 0.000189554
265 (QN/EM) 	Elapsed: 0.006	Loglikelihood: -26464.2	(delta): 0.000173081
266 (QN/EM) 	Elapsed: 0.006	Loglikelihood: -26464.2	(delta): 0.000346566
267 (QN/EM) 	Elapsed: 0.006	Loglikelihood: -26464.2	(delta): 0.000129973
268 (QN/EM) 	Elapsed: 0.006	Loglikelihood: -26464.2	(delta): 0.000111769
269 (QN/EM) 	Elapsed: 0.006	Loglikelihood: -26464.2	(delta): 0.000105148
270 (QN/EM) 	Elapsed: 0.006	Loglikelihood: -26464.2	(delta): 0.00027036
271 (QN/EM) 	Elapsed: 0.006	Loglikelihood: -26464.2	(delta): 7.43245e-05
Summary: 
Converged in 271 iterations (1.76 sec)
Loglikelihood: -26464.224007
Fst divergences between estimated populations: 
	Pop0	Pop1	
Pop0	
Pop1	0.135	
Pop2	0.108	0.115	
CV error (K=3): 0.74592
Writing output files.
