****                   ADMIXTURE Version 1.3.0                  ****
****                    Copyright 2008-2015                     ****
****           David Alexander, Suyash Shringarpure,            ****
****                John  Novembre, Ken Lange                   ****
****                                                            ****
****                 Please cite our paper!                     ****
****   Information at www.genetics.ucla.edu/software/admixture  ****

Cross-validation will be performed.  Folds=5.
Parallel execution requested.  Will use 5 threads.
Random seed: 43
Point estimation method: EM algorithm
Convergence acceleration algorithm: QuasiNewton, 3 secant conditions
Point estimation will terminate when objective function delta < 0.0001
Estimation of standard errors disabled; will compute point estimates only.
Size of G: 32x1621
Performing five EM steps to prime main algorithm
1 (EM) 	Elapsed: 0.003	Loglikelihood: -32239.4	(delta): 42918.2
2 (EM) 	Elapsed: 0.003	Loglikelihood: -29952.7	(delta): 2286.65
3 (EM) 	Elapsed: 0.003	Loglikelihood: -29312.2	(delta): 640.544
4 (EM) 	Elapsed: 0.003	Loglikelihood: -28941.6	(delta): 370.563
5 (EM) 	Elapsed: 0.003	Loglikelihood: -28691.2	(delta): 250.46
Initial loglikelihood: -28691.2
Starting main algorithm
1 (QN/EM) 	Elapsed: 0.007	Loglikelihood: -28375.6	(delta): 315.584
2 (QN/EM) 	Elapsed: 0.007	Loglikelihood: -28178.7	(delta): 196.92
3 (QN/EM) 	Elapsed: 0.008	Loglikelihood: -27725.8	(delta): 452.881
4 (QN/EM) 	Elapsed: 0.007	Loglikelihood: -27544.9	(delta): 180.845
5 (QN/EM) 	Elapsed: 0.007	Loglikelihood: -27341.3	(delta): 203.659
6 (QN/EM) 	Elapsed: 0.007	Loglikelihood: -27046.6	(delta): 294.724
7 (QN/EM) 	Elapsed: 0.007	Loglikelihood: -26872.8	(delta): 173.804
8 (QN/EM) 	Elapsed: 0.007	Loglikelihood: -26786.3	(delta): 86.4922
9 (QN/EM) 	Elapsed: 0.007	Loglikelihood: -26718.2	(delta): 68.0902
10 (QN/EM) 	Elapsed: 0.007	Loglikelihood: -26659.7	(delta): 58.5116
11 (QN/EM) 	Elapsed: 0.007	Loglikelihood: -26615.1	(delta): 44.5249
12 (QN/EM) 	Elapsed: 0.007	Loglikelihood: -26550	(delta): 65.1662
13 (QN/EM) 	Elapsed: 0.007	Loglikelihood: -26510.4	(delta): 39.6093
14 (QN/EM) 	Elapsed: 0.007	Loglikelihood: -26478.4	(delta): 32.0121
15 (QN/EM) 	Elapsed: 0.007	Loglikelihood: -26450	(delta): 28.3434
16 (QN/EM) 	Elapsed: 0.007	Loglikelihood: -26407.5	(delta): 42.4751
17 (QN/EM) 	Elapsed: 0.007	Loglikelihood: -26382.9	(delta): 24.6003
18 (QN/EM) 	Elapsed: 0.007	Loglikelihood: -26339.2	(delta): 43.7638
19 (QN/EM) 	Elapsed: 0.007	Loglikelihood: -26304.4	(delta): 34.7621
20 (QN/EM) 	Elapsed: 0.007	Loglikelihood: -26276.7	(delta): 27.6923
21 (QN/EM) 	Elapsed: 0.008	Loglikelihood: -26262.8	(delta): 13.9406
22 (QN/EM) 	Elapsed: 0.007	Loglikelihood: -26212.7	(delta): 50.1165
23 (QN/EM) 	Elapsed: 0.007	Loglikelihood: -26184.4	(delta): 28.2774
24 (QN/EM) 	Elapsed: 0.007	Loglikelihood: -26147.2	(delta): 37.2243
25 (QN/EM) 	Elapsed: 0.007	Loglikelihood: -26110.6	(delta): 36.6059
26 (QN/EM) 	Elapsed: 0.007	Loglikelihood: -26085.9	(delta): 24.6686
27 (QN/EM) 	Elapsed: 0.008	Loglikelihood: -26047	(delta): 38.9218
28 (QN/EM) 	Elapsed: 0.008	Loglikelihood: -26029	(delta): 17.9822
29 (QN/EM) 	Elapsed: 0.007	Loglikelihood: -25991.5	(delta): 37.4866
30 (QN/EM) 	Elapsed: 0.007	Loglikelihood: -25972.1	(delta): 19.4259
31 (QN/EM) 	Elapsed: 0.007	Loglikelihood: -25950.5	(delta): 21.6089
32 (QN/EM) 	Elapsed: 0.007	Loglikelihood: -25923.7	(delta): 26.8
33 (QN/EM) 	Elapsed: 0.007	Loglikelihood: -25903.5	(delta): 20.1461
34 (QN/EM) 	Elapsed: 0.007	Loglikelihood: -25887.6	(delta): 15.9125
35 (QN/EM) 	Elapsed: 0.007	Loglikelihood: -25877.5	(delta): 10.1362
36 (QN/EM) 	Elapsed: 0.007	Loglikelihood: -25869.8	(delta): 7.61956
37 (QN/EM) 	Elapsed: 0.008	Loglikelihood: -25814.5	(delta): 55.3421
38 (QN/EM) 	Elapsed: 0.007	Loglikelihood: -25798.8	(delta): 15.6883
39 (QN/EM) 	Elapsed: 0.007	Loglikelihood: -25772.5	(delta): 26.3578
40 (QN/EM) 	Elapsed: 0.007	Loglikelihood: -25756.5	(delta): 15.9237
41 (QN/EM) 	Elapsed: 0.007	Loglikelihood: -25746.2	(delta): 10.3142
42 (QN/EM) 	Elapsed: 0.007	Loglikelihood: -25728.6	(delta): 17.6213
43 (QN/EM) 	Elapsed: 0.007	Loglikelihood: -25711.2	(delta): 17.4009
44 (QN/EM) 	Elapsed: 0.007	Loglikelihood: -25692.6	(delta): 18.5869
45 (QN/EM) 	Elapsed: 0.007	Loglikelihood: -25681.6	(delta): 11.0544
46 (QN/EM) 	Elapsed: 0.007	Loglikelihood: -25667.5	(delta): 14.0831
47 (QN/EM) 	Elapsed: 0.007	Loglikelihood: -25656	(delta): 11.4607
48 (QN/EM) 	Elapsed: 0.007	Loglikelihood: -25651.6	(delta): 4.39395
49 (QN/EM) 	Elapsed: 0.007	Loglikelihood: -25645.6	(delta): 5.97122
50 (QN/EM) 	Elapsed: 0.008	Loglikelihood: -25643.5	(delta): 2.11756
51 (QN/EM) 	Elapsed: 0.007	Loglikelihood: -25638.8	(delta): 4.68153
52 (QN/EM) 	Elapsed: 0.007	Loglikelihood: -25636.2	(delta): 2.61608
53 (QN/EM) 	Elapsed: 0.007	Loglikelihood: -25633.4	(delta): 2.8334
54 (QN/EM) 	Elapsed: 0.007	Loglikelihood: -25630.7	(delta): 2.66658
55 (QN/EM) 	Elapsed: 0.007	Loglikelihood: -25626.4	(delta): 4.35698
56 (QN/EM) 	Elapsed: 0.007	Loglikelihood: -25623.2	(delta): 3.17148
57 (QN/EM) 	Elapsed: 0.008	Loglikelihood: -25617.3	(delta): 5.93713
58 (QN/EM) 	Elapsed: 0.007	Loglikelihood: -25611	(delta): 6.28832
59 (QN/EM) 	Elapsed: 0.007	Loglikelihood: -25607.3	(delta): 3.66247
60 (QN/EM) 	Elapsed: 0.007	Loglikelihood: -25602.4	(delta): 4.90473
61 (QN/EM) 	Elapsed: 0.007	Loglikelihood: -25599.1	(delta): 3.33694
62 (QN/EM) 	Elapsed: 0.007	Loglikelihood: -25596.2	(delta): 2.87094
63 (QN/EM) 	Elapsed: 0.008	Loglikelihood: -25587.1	(delta): 9.14117
64 (QN/EM) 	Elapsed: 0.007	Loglikelihood: -25585.5	(delta): 1.56718
65 (QN/EM) 	Elapsed: 0.007	Loglikelihood: -25580.5	(delta): 5.02102
66 (QN/EM) 	Elapsed: 0.008	Loglikelihood: -25578.8	(delta): 1.63859
67 (QN/EM) 	Elapsed: 0.007	Loglikelihood: -25578.1	(delta): 0.751448
68 (QN/EM) 	Elapsed: 0.008	Loglikelihood: -25577.7	(delta): 0.36082
69 (QN/EM) 	Elapsed: 0.008	Loglikelihood: -25577.4	(delta): 0.353861
70 (QN/EM) 	Elapsed: 0.007	Loglikelihood: -25577	(delta): 0.392756
71 (QN/EM) 	Elapsed: 0.007	Loglikelihood: -25576.5	(delta): 0.452143
72 (QN/EM) 	Elapsed: 0.007	Loglikelihood: -25576	(delta): 0.494928
73 (QN/EM) 	Elapsed: 0.008	Loglikelihood: -25575.2	(delta): 0.829561
74 (QN/EM) 	Elapsed: 0.007	Loglikelihood: -25574.6	(delta): 0.548761
75 (QN/EM) 	Elapsed: 0.007	Loglikelihood: -25573.9	(delta): 0.758411
76 (QN/EM) 	Elapsed: 0.008	Loglikelihood: -25573.7	(delta): 0.185226
77 (QN/EM) 	Elapsed: 0.008	Loglikelihood: -25573.5	(delta): 0.202336
78 (QN/EM) 	Elapsed: 0.007	Loglikelihood: -25573	(delta): 0.536318
79 (QN/EM) 	Elapsed: 0.007	Loglikelihood: -25572.6	(delta): 0.386582
80 (QN/EM) 	Elapsed: 0.008	Loglikelihood: -25572.2	(delta): 0.379498
81 (QN/EM) 	Elapsed: 0.007	Loglikelihood: -25571.3	(delta): 0.925123
82 (QN/EM) 	Elapsed: 0.007	Loglikelihood: -25569.7	(delta): 1.54993
83 (QN/EM) 	Elapsed: 0.007	Loglikelihood: -25569.2	(delta): 0.482932
84 (QN/EM) 	Elapsed: 0.007	Loglikelihood: -25569	(delta): 0.264342
85 (QN/EM) 	Elapsed: 0.008	Loglikelihood: -25568.8	(delta): 0.134339
86 (QN/EM) 	Elapsed: 0.007	Loglikelihood: -25568.6	(delta): 0.209493
87 (QN/EM) 	Elapsed: 0.007	Loglikelihood: -25568.5	(delta): 0.123806
88 (QN/EM) 	Elapsed: 0.008	Loglikelihood: -25568.4	(delta): 0.103217
89 (QN/EM) 	Elapsed: 0.007	Loglikelihood: -25567.9	(delta): 0.478629
90 (QN/EM) 	Elapsed: 0.007	Loglikelihood: -25567.4	(delta): 0.568599
91 (QN/EM) 	Elapsed: 0.007	Loglikelihood: -25566.7	(delta): 0.678173
92 (QN/EM) 	Elapsed: 0.007	Loglikelihood: -25566.1	(delta): 0.62415
93 (QN/EM) 	Elapsed: 0.007	Loglikelihood: -25565.5	(delta): 0.544842
94 (QN/EM) 	Elapsed: 0.008	Loglikelihood: -25565.2	(delta): 0.274375
95 (QN/EM) 	Elapsed: 0.008	Loglikelihood: -25565	(delta): 0.269225
96 (QN/EM) 	Elapsed: 0.007	Loglikelihood: -25564.4	(delta): 0.533133
97 (QN/EM) 	Elapsed: 0.007	Loglikelihood: -25564.2	(delta): 0.244266
98 (QN/EM) 	Elapsed: 0.008	Loglikelihood: -25564	(delta): 0.226174
99 (QN/EM) 	Elapsed: 0.007	Loglikelihood: -25562.9	(delta): 1.06069
100 (QN/EM) 	Elapsed: 0.007	Loglikelihood: -25561.5	(delta): 1.38706
101 (QN/EM) 	Elapsed: 0.007	Loglikelihood: -25559.7	(delta): 1.79803
102 (QN/EM) 	Elapsed: 0.007	Loglikelihood: -25559.4	(delta): 0.337228
103 (QN/EM) 	Elapsed: 0.008	Loglikelihood: -25559.1	(delta): 0.296236
104 (QN/EM) 	Elapsed: 0.007	Loglikelihood: -25558.8	(delta): 0.29426
105 (QN/EM) 	Elapsed: 0.008	Loglikelihood: -25557.9	(delta): 0.861347
106 (QN/EM) 	Elapsed: 0.008	Loglikelihood: -25557.4	(delta): 0.548637
107 (QN/EM) 	Elapsed: 0.008	Loglikelihood: -25557.1	(delta): 0.323808
108 (QN/EM) 	Elapsed: 0.008	Loglikelihood: -25556.8	(delta): 0.26216
109 (QN/EM) 	Elapsed: 0.007	Loglikelihood: -25556	(delta): 0.793954
110 (QN/EM) 	Elapsed: 0.007	Loglikelihood: -25552.9	(delta): 3.0878
111 (QN/EM) 	Elapsed: 0.007	Loglikelihood: -25551.5	(delta): 1.46288
112 (QN/EM) 	Elapsed: 0.007	Loglikelihood: -25550.2	(delta): 1.24601
113 (QN/EM) 	Elapsed: 0.007	Loglikelihood: -25550.1	(delta): 0.102386
114 (QN/EM) 	Elapsed: 0.007	Loglikelihood: -25549.5	(delta): 0.620117
115 (QN/EM) 	Elapsed: 0.007	Loglikelihood: -25548.9	(delta): 0.582533
116 (QN/EM) 	Elapsed: 0.007	Loglikelihood: -25548.5	(delta): 0.448326
117 (QN/EM) 	Elapsed: 0.007	Loglikelihood: -25548.4	(delta): 0.0268306
118 (QN/EM) 	Elapsed: 0.007	Loglikelihood: -25548.4	(delta): 0.00591031
119 (QN/EM) 	Elapsed: 0.008	Loglikelihood: -25548.4	(delta): 0.00125066
120 (QN/EM) 	Elapsed: 0.008	Loglikelihood: -25548.4	(delta): 0.00136079
121 (QN/EM) 	Elapsed: 0.008	Loglikelihood: -25548.4	(delta): 0.00149972
122 (QN/EM) 	Elapsed: 0.007	Loglikelihood: -25548.4	(delta): 0.00562479
123 (QN/EM) 	Elapsed: 0.007	Loglikelihood: -25548.4	(delta): 0.00436497
124 (QN/EM) 	Elapsed: 0.008	Loglikelihood: -25548.4	(delta): 0.000437796
125 (QN/EM) 	Elapsed: 0.007	Loglikelihood: -25548.4	(delta): 0.00107783
126 (QN/EM) 	Elapsed: 0.007	Loglikelihood: -25548.4	(delta): 0.000787085
127 (QN/EM) 	Elapsed: 0.007	Loglikelihood: -25548.4	(delta): 0.00567431
128 (QN/EM) 	Elapsed: 0.008	Loglikelihood: -25548.4	(delta): 0.00157277
129 (QN/EM) 	Elapsed: 0.008	Loglikelihood: -25548.4	(delta): 0.00199767
130 (QN/EM) 	Elapsed: 0.008	Loglikelihood: -25548.4	(delta): 0.00254232
131 (QN/EM) 	Elapsed: 0.008	Loglikelihood: -25548.4	(delta): 0.00323444
132 (QN/EM) 	Elapsed: 0.008	Loglikelihood: -25548.4	(delta): 0.00410737
133 (QN/EM) 	Elapsed: 0.007	Loglikelihood: -25548.2	(delta): 0.139756
134 (QN/EM) 	Elapsed: 0.008	Loglikelihood: -25548.2	(delta): 0.0446018
135 (QN/EM) 	Elapsed: 0.008	Loglikelihood: -25548.2	(delta): 0.045334
136 (QN/EM) 	Elapsed: 0.008	Loglikelihood: -25548.1	(delta): 0.048107
137 (QN/EM) 	Elapsed: 0.008	Loglikelihood: -25548.1	(delta): 0.0505975
138 (QN/EM) 	Elapsed: 0.008	Loglikelihood: -25548	(delta): 0.0528119
139 (QN/EM) 	Elapsed: 0.008	Loglikelihood: -25547.9	(delta): 0.0547918
140 (QN/EM) 	Elapsed: 0.008	Loglikelihood: -25547.9	(delta): 0.0565395
141 (QN/EM) 	Elapsed: 0.008	Loglikelihood: -25547.8	(delta): 0.0589085
142 (QN/EM) 	Elapsed: 0.008	Loglikelihood: -25547.8	(delta): 0.0767907
143 (QN/EM) 	Elapsed: 0.008	Loglikelihood: -25547.7	(delta): 0.0732316
144 (QN/EM) 	Elapsed: 0.008	Loglikelihood: -25547.6	(delta): 0.0705305
145 (QN/EM) 	Elapsed: 0.008	Loglikelihood: -25547.5	(delta): 0.0680865
146 (QN/EM) 	Elapsed: 0.008	Loglikelihood: -25547.5	(delta): 0.0660745
147 (QN/EM) 	Elapsed: 0.008	Loglikelihood: -25547.4	(delta): 0.0648327
148 (QN/EM) 	Elapsed: 0.008	Loglikelihood: -25547.3	(delta): 0.0647914
149 (QN/EM) 	Elapsed: 0.008	Loglikelihood: -25547.3	(delta): 0.0662017
150 (QN/EM) 	Elapsed: 0.008	Loglikelihood: -25547.2	(delta): 0.131814
151 (QN/EM) 	Elapsed: 0.008	Loglikelihood: -25546.9	(delta): 0.273129
152 (QN/EM) 	Elapsed: 0.008	Loglikelihood: -25546.8	(delta): 0.0709595
153 (QN/EM) 	Elapsed: 0.007	Loglikelihood: -25546.7	(delta): 0.0774445
154 (QN/EM) 	Elapsed: 0.008	Loglikelihood: -25546.6	(delta): 0.0817799
155 (QN/EM) 	Elapsed: 0.008	Loglikelihood: -25546.6	(delta): 0.0529144
156 (QN/EM) 	Elapsed: 0.007	Loglikelihood: -25546.5	(delta): 0.1373
157 (QN/EM) 	Elapsed: 0.008	Loglikelihood: -25546.4	(delta): 0.0865656
158 (QN/EM) 	Elapsed: 0.008	Loglikelihood: -25546.4	(delta): 0.0172693
159 (QN/EM) 	Elapsed: 0.008	Loglikelihood: -25546.3	(delta): 0.0119579
160 (QN/EM) 	Elapsed: 0.007	Loglikelihood: -25546.3	(delta): 0.0712458
161 (QN/EM) 	Elapsed: 0.008	Loglikelihood: -25546.2	(delta): 0.0670213
162 (QN/EM) 	Elapsed: 0.008	Loglikelihood: -25546.1	(delta): 0.107354
163 (QN/EM) 	Elapsed: 0.007	Loglikelihood: -25545.9	(delta): 0.168701
164 (QN/EM) 	Elapsed: 0.008	Loglikelihood: -25545.8	(delta): 0.171368
165 (QN/EM) 	Elapsed: 0.008	Loglikelihood: -25545.6	(delta): 0.146703
166 (QN/EM) 	Elapsed: 0.007	Loglikelihood: -25545.3	(delta): 0.317698
167 (QN/EM) 	Elapsed: 0.007	Loglikelihood: -25545.2	(delta): 0.0580938
168 (QN/EM) 	Elapsed: 0.007	Loglikelihood: -25545.2	(delta): 0.0703617
169 (QN/EM) 	Elapsed: 0.007	Loglikelihood: -25544.9	(delta): 0.236925
170 (QN/EM) 	Elapsed: 0.008	Loglikelihood: -25544.9	(delta): 0.0636291
171 (QN/EM) 	Elapsed: 0.008	Loglikelihood: -25544.8	(delta): 0.0719447
172 (QN/EM) 	Elapsed: 0.007	Loglikelihood: -25544.5	(delta): 0.241212
173 (QN/EM) 	Elapsed: 0.008	Loglikelihood: -25544.5	(delta): 0.0767878
174 (QN/EM) 	Elapsed: 0.008	Loglikelihood: -25544.4	(delta): 0.032017
175 (QN/EM) 	Elapsed: 0.008	Loglikelihood: -25544.4	(delta): 0.0319362
176 (QN/EM) 	Elapsed: 0.008	Loglikelihood: -25544.4	(delta): 0.0297635
177 (QN/EM) 	Elapsed: 0.008	Loglikelihood: -25544.4	(delta): 0.0275932
178 (QN/EM) 	Elapsed: 0.008	Loglikelihood: -25544.3	(delta): 0.0276731
179 (QN/EM) 	Elapsed: 0.008	Loglikelihood: -25544.3	(delta): 0.0303143
180 (QN/EM) 	Elapsed: 0.007	Loglikelihood: -25544.3	(delta): 0.0380623
181 (QN/EM) 	Elapsed: 0.008	Loglikelihood: -25544.2	(delta): 0.0491632
182 (QN/EM) 	Elapsed: 0.008	Loglikelihood: -25544.2	(delta): 0.0525043
183 (QN/EM) 	Elapsed: 0.007	Loglikelihood: -25543.9	(delta): 0.26968
184 (QN/EM) 	Elapsed: 0.007	Loglikelihood: -25543.8	(delta): 0.0827485
185 (QN/EM) 	Elapsed: 0.007	Loglikelihood: -25543.7	(delta): 0.0728227
186 (QN/EM) 	Elapsed: 0.007	Loglikelihood: -25543.6	(delta): 0.0947771
187 (QN/EM) 	Elapsed: 0.007	Loglikelihood: -25543.4	(delta): 0.273748
188 (QN/EM) 	Elapsed: 0.008	Loglikelihood: -25543.3	(delta): 0.0609094
189 (QN/EM) 	Elapsed: 0.008	Loglikelihood: -25543.2	(delta): 0.0739291
190 (QN/EM) 	Elapsed: 0.007	Loglikelihood: -25542.8	(delta): 0.392404
191 (QN/EM) 	Elapsed: 0.008	Loglikelihood: -25542.7	(delta): 0.0937196
192 (QN/EM) 	Elapsed: 0.008	Loglikelihood: -25542.6	(delta): 0.0909994
193 (QN/EM) 	Elapsed: 0.008	Loglikelihood: -25542.6	(delta): 0.0905239
194 (QN/EM) 	Elapsed: 0.007	Loglikelihood: -25541.6	(delta): 0.982689
195 (QN/EM) 	Elapsed: 0.007	Loglikelihood: -25539.3	(delta): 2.26548
196 (QN/EM) 	Elapsed: 0.008	Loglikelihood: -25538.7	(delta): 0.627578
197 (QN/EM) 	Elapsed: 0.007	Loglikelihood: -25538.3	(delta): 0.345588
198 (QN/EM) 	Elapsed: 0.008	Loglikelihood: -25538.1	(delta): 0.241451
199 (QN/EM) 	Elapsed: 0.008	Loglikelihood: -25537.8	(delta): 0.317742
200 (QN/EM) 	Elapsed: 0.008	Loglikelihood: -25537.4	(delta): 0.336373
201 (QN/EM) 	Elapsed: 0.008	Loglikelihood: -25537.1	(delta): 0.355057
202 (QN/EM) 	Elapsed: 0.008	Loglikelihood: -25536.7	(delta): 0.346681
203 (QN/EM) 	Elapsed: 0.007	Loglikelihood: -25535.1	(delta): 1.59332
204 (QN/EM) 	Elapsed: 0.007	Loglikelihood: -25534.1	(delta): 1.06782
205 (QN/EM) 	Elapsed: 0.007	Loglikelihood: -25533.2	(delta): 0.829552
206 (QN/EM) 	Elapsed: 0.007	Loglikelihood: -25532.9	(delta): 0.324795
207 (QN/EM) 	Elapsed: 0.007	Loglikelihood: -25527.7	(delta): 5.24254
208 (QN/EM) 	Elapsed: 0.008	Loglikelihood: -25526.5	(delta): 1.17547
209 (QN/EM) 	Elapsed: 0.007	Loglikelihood: -25525.5	(delta): 0.959468
210 (QN/EM) 	Elapsed: 0.008	Loglikelihood: -25525.5	(delta): 0.0476468
211 (QN/EM) 	Elapsed: 0.007	Loglikelihood: -25525.5	(delta): 0.00405173
212 (QN/EM) 	Elapsed: 0.008	Loglikelihood: -25525.5	(delta): 2.31196e-06
Summary: 
Converged in 212 iterations (1.731 sec)
Loglikelihood: -25525.493271
Fst divergences between estimated populations: 
	Pop0	Pop1	Pop2	
Pop0	
Pop1	0.143	
Pop2	0.129	0.117	
Pop3	0.160	0.147	0.082	
CV error (K=4): 0.89282
Writing output files.
